{
  "stats": {
    "suites": 1,
    "tests": 1,
    "passes": 0,
    "pending": 0,
    "failures": 1,
    "start": "2020-01-22T17:03:16.986Z",
    "end": "2020-01-22T17:03:17.472Z",
    "duration": 486,
    "testsRegistered": 1,
    "passPercent": 0,
    "pendingPercent": 0,
    "other": 0,
    "hasOther": false,
    "skipped": 0,
    "hasSkipped": false
  },
  "results": [
    {
      "uuid": "9fcdd951-d8a7-4632-8046-d3e8f063bb1f",
      "title": "",
      "fullFile": "",
      "file": "",
      "beforeHooks": [],
      "afterHooks": [],
      "tests": [],
      "suites": [
        {
          "uuid": "3132983e-6526-457a-bd46-64b33f71fa82",
          "title": "Pricing Page",
          "fullFile": "",
          "file": "",
          "beforeHooks": [],
          "afterHooks": [],
          "tests": [
            {
              "title": "Faq \"How much does Perlego cost?\"",
              "fullTitle": "Pricing Page Faq \"How much does Perlego cost?\"",
              "timedOut": null,
              "duration": 447,
              "state": "failed",
              "speed": null,
              "pass": false,
              "fail": true,
              "pending": false,
              "context": "\"assets/Pricing.feature/Pricing Page -- Faq \\\"How much does Perlego cost?\\\" (failed).png\"",
              "code": "const state = window.testState;\nreturn cy\n  .then(() => state.onStartScenario(scenario, indexedSteps))\n  .then(() =>\n    resolveAndRunBeforeHooks.call(this, scenario.tags, state.feature.name)\n  )\n  .then(() =>\n    indexedSteps.forEach(step => stepTest.call(this, state, step, rowData))\n  )\n  .then(() =>\n    resolveAndRunAfterHooks.call(this, scenario.tags, state.feature.name)\n  )\n  .then(() => state.onFinishScenario(scenario));",
              "err": {
                "message": "Error: Step implementation missing for: User is on Pricing page",
                "estack": "Error: Step implementation missing for: User is on Pricing page\n    at Context.resolveAndRunStepDefinition (http://localhost:62924/__cypress/tests?p=cypress/integration/Pricing.feature-473:24906:11)\n    at Object.<anonymous> (http://localhost:62924/__cypress/tests?p=cypress/integration/Pricing.feature-473:24272:35)\n    at executeFn (http://localhost:62924/__cypress/tests?p=cypress/support/index.js-198:2297:22)\n    at Context.<anonymous> (http://localhost:62924/__cypress/tests?p=cypress/support/index.js-198:2310:12)",
                "diff": null
              },
              "uuid": "eca280e3-6a69-4982-aa5e-59490d7b1571",
              "parentUUID": "3132983e-6526-457a-bd46-64b33f71fa82",
              "isHook": false,
              "skipped": false
            }
          ],
          "suites": [],
          "passes": [],
          "failures": [
            "eca280e3-6a69-4982-aa5e-59490d7b1571"
          ],
          "pending": [],
          "skipped": [],
          "duration": 447,
          "root": false,
          "rootEmpty": false,
          "_timeout": 2000
        }
      ],
      "passes": [],
      "failures": [],
      "pending": [],
      "skipped": [],
      "duration": 0,
      "root": true,
      "rootEmpty": true,
      "_timeout": 2000
    }
  ],
  "meta": {
    "mocha": {
      "version": "5.2.0"
    },
    "mochawesome": {
      "options": {
        "quiet": false,
        "reportFilename": "mochawesome",
        "saveHtml": true,
        "saveJson": true,
        "consoleReporter": "spec",
        "useInlineDiffs": false
      },
      "version": "4.1.0"
    },
    "marge": {
      "options": {
        "reportDir": "mochawesome-report",
        "overwrite": false,
        "html": true,
        "json": true,
        "timestamp": "mmddyyyy_HHMMss"
      },
      "version": "4.1.0"
    }
  }
}