{
  "stats": {
    "suites": 1,
    "tests": 37,
    "passes": 0,
    "pending": 0,
    "failures": 37,
    "start": "2020-02-17T12:20:13.750Z",
    "end": "2020-02-17T12:20:29.395Z",
    "duration": 15645,
    "testsRegistered": 37,
    "passPercent": 0,
    "pendingPercent": 0,
    "other": 0,
    "hasOther": false,
    "skipped": 0,
    "hasSkipped": false
  },
  "results": [
    {
      "uuid": "e90961bf-85cc-450d-ba1e-d1936e7df36b",
      "title": "",
      "fullFile": "cypress/integration/SearchResultPage.feature",
      "file": "cypress/integration/SearchResultPage.feature",
      "beforeHooks": [],
      "afterHooks": [],
      "tests": [],
      "suites": [
        {
          "uuid": "27d7e6ac-3714-4a20-8f43-dcd3aef43e9d",
          "title": "Tabs,book results and pagination",
          "fullFile": "",
          "file": "",
          "beforeHooks": [],
          "afterHooks": [],
          "tests": [
            {
              "title": "Default behaviour of Tabs",
              "fullTitle": "Tabs,book results and pagination Default behaviour of Tabs",
              "timedOut": null,
              "duration": 398,
              "state": "failed",
              "speed": null,
              "pass": false,
              "fail": true,
              "pending": false,
              "context": "\"assets/SearchResultPage.feature/Tabs,book results and pagination -- Default behaviour of Tabs (failed).png\"",
              "code": "const state = window.testState;\nreturn cy\n  .then(() => state.onStartScenario(scenario, indexedSteps))\n  .then(() =>\n    resolveAndRunBeforeHooks.call(this, scenario.tags, state.feature.name)\n  )\n  .then(() =>\n    indexedSteps.forEach(step => stepTest.call(this, state, step, rowData))\n  )\n  .then(() =>\n    resolveAndRunAfterHooks.call(this, scenario.tags, state.feature.name)\n  )\n  .then(() => state.onFinishScenario(scenario));",
              "err": {
                "message": "Error: Step implementation missing for: user is on main landing page",
                "estack": "Error: Step implementation missing for: user is on main landing page\n    at Context.resolveAndRunStepDefinition (https://qa.perlego.com/__cypress/tests?p=cypress/integration/SearchResultPage.feature-322:25257:11)\n    at Object.<anonymous> (https://qa.perlego.com/__cypress/tests?p=cypress/integration/SearchResultPage.feature-322:24623:35)\n    at executeFn (https://qa.perlego.com/__cypress/tests?p=cypress/support/index.js-011:2351:22)\n    at Context.<anonymous> (https://qa.perlego.com/__cypress/tests?p=cypress/support/index.js-011:2364:12)",
                "diff": null
              },
              "uuid": "c9fb1a07-a09e-4a31-9dfe-958202e196f5",
              "parentUUID": "27d7e6ac-3714-4a20-8f43-dcd3aef43e9d",
              "isHook": false,
              "skipped": false
            },
            {
              "title": "pressed behaviour of Tabs",
              "fullTitle": "Tabs,book results and pagination pressed behaviour of Tabs",
              "timedOut": null,
              "duration": 479,
              "state": "failed",
              "speed": null,
              "pass": false,
              "fail": true,
              "pending": false,
              "context": "\"assets/SearchResultPage.feature/Tabs,book results and pagination -- pressed behaviour of Tabs (failed).png\"",
              "code": "const state = window.testState;\nreturn cy\n  .then(() => state.onStartScenario(scenario, indexedSteps))\n  .then(() =>\n    resolveAndRunBeforeHooks.call(this, scenario.tags, state.feature.name)\n  )\n  .then(() =>\n    indexedSteps.forEach(step => stepTest.call(this, state, step, rowData))\n  )\n  .then(() =>\n    resolveAndRunAfterHooks.call(this, scenario.tags, state.feature.name)\n  )\n  .then(() => state.onFinishScenario(scenario));",
              "err": {
                "message": "Error: Step implementation missing for: user is on main landing page",
                "estack": "Error: Step implementation missing for: user is on main landing page\n    at Context.resolveAndRunStepDefinition (https://qa.perlego.com/__cypress/tests?p=cypress/integration/SearchResultPage.feature-322:25257:11)\n    at Object.<anonymous> (https://qa.perlego.com/__cypress/tests?p=cypress/integration/SearchResultPage.feature-322:24623:35)\n    at executeFn (https://qa.perlego.com/__cypress/tests?p=cypress/support/index.js-011:2351:22)\n    at Context.<anonymous> (https://qa.perlego.com/__cypress/tests?p=cypress/support/index.js-011:2364:12)",
                "diff": null
              },
              "uuid": "c0819757-38e0-41cc-8789-1eed5b0f0ff0",
              "parentUUID": "27d7e6ac-3714-4a20-8f43-dcd3aef43e9d",
              "isHook": false,
              "skipped": false
            },
            {
              "title": "disabled behaviour of Tabs",
              "fullTitle": "Tabs,book results and pagination disabled behaviour of Tabs",
              "timedOut": null,
              "duration": 591,
              "state": "failed",
              "speed": null,
              "pass": false,
              "fail": true,
              "pending": false,
              "context": "\"assets/SearchResultPage.feature/Tabs,book results and pagination -- disabled behaviour of Tabs (failed).png\"",
              "code": "const state = window.testState;\nreturn cy\n  .then(() => state.onStartScenario(scenario, indexedSteps))\n  .then(() =>\n    resolveAndRunBeforeHooks.call(this, scenario.tags, state.feature.name)\n  )\n  .then(() =>\n    indexedSteps.forEach(step => stepTest.call(this, state, step, rowData))\n  )\n  .then(() =>\n    resolveAndRunAfterHooks.call(this, scenario.tags, state.feature.name)\n  )\n  .then(() => state.onFinishScenario(scenario));",
              "err": {
                "message": "Error: Step implementation missing for: user is on main landing page",
                "estack": "Error: Step implementation missing for: user is on main landing page\n    at Context.resolveAndRunStepDefinition (https://qa.perlego.com/__cypress/tests?p=cypress/integration/SearchResultPage.feature-322:25257:11)\n    at Object.<anonymous> (https://qa.perlego.com/__cypress/tests?p=cypress/integration/SearchResultPage.feature-322:24623:35)\n    at executeFn (https://qa.perlego.com/__cypress/tests?p=cypress/support/index.js-011:2351:22)\n    at Context.<anonymous> (https://qa.perlego.com/__cypress/tests?p=cypress/support/index.js-011:2364:12)",
                "diff": null
              },
              "uuid": "dd63c91a-7ea7-4d14-945a-58367e324ddc",
              "parentUUID": "27d7e6ac-3714-4a20-8f43-dcd3aef43e9d",
              "isHook": false,
              "skipped": false
            },
            {
              "title": "the tabs are displayed in a fixed order (example #1)",
              "fullTitle": "Tabs,book results and pagination the tabs are displayed in a fixed order (example #1)",
              "timedOut": null,
              "duration": 439,
              "state": "failed",
              "speed": null,
              "pass": false,
              "fail": true,
              "pending": false,
              "context": "\"assets/SearchResultPage.feature/Tabs,book results and pagination -- the tabs are displayed in a fixed order (example #1) (failed).png\"",
              "code": "const state = window.testState;\nreturn cy\n  .then(() => state.onStartScenario(scenario, indexedSteps))\n  .then(() =>\n    resolveAndRunBeforeHooks.call(this, scenario.tags, state.feature.name)\n  )\n  .then(() =>\n    indexedSteps.forEach(step => stepTest.call(this, state, step, rowData))\n  )\n  .then(() =>\n    resolveAndRunAfterHooks.call(this, scenario.tags, state.feature.name)\n  )\n  .then(() => state.onFinishScenario(scenario));",
              "err": {
                "message": "Error: Step implementation missing for: user is on main landing page",
                "estack": "Error: Step implementation missing for: user is on main landing page\n    at Context.resolveAndRunStepDefinition (https://qa.perlego.com/__cypress/tests?p=cypress/integration/SearchResultPage.feature-322:25257:11)\n    at Object.<anonymous> (https://qa.perlego.com/__cypress/tests?p=cypress/integration/SearchResultPage.feature-322:24623:35)\n    at executeFn (https://qa.perlego.com/__cypress/tests?p=cypress/support/index.js-011:2351:22)\n    at Context.<anonymous> (https://qa.perlego.com/__cypress/tests?p=cypress/support/index.js-011:2364:12)",
                "diff": null
              },
              "uuid": "418b420f-245c-4904-b667-4aeaf92d778e",
              "parentUUID": "27d7e6ac-3714-4a20-8f43-dcd3aef43e9d",
              "isHook": false,
              "skipped": false
            },
            {
              "title": "the tabs are displayed in a fixed order (example #2)",
              "fullTitle": "Tabs,book results and pagination the tabs are displayed in a fixed order (example #2)",
              "timedOut": null,
              "duration": 380,
              "state": "failed",
              "speed": null,
              "pass": false,
              "fail": true,
              "pending": false,
              "context": "\"assets/SearchResultPage.feature/Tabs,book results and pagination -- the tabs are displayed in a fixed order (example #2) (failed).png\"",
              "code": "const state = window.testState;\nreturn cy\n  .then(() => state.onStartScenario(scenario, indexedSteps))\n  .then(() =>\n    resolveAndRunBeforeHooks.call(this, scenario.tags, state.feature.name)\n  )\n  .then(() =>\n    indexedSteps.forEach(step => stepTest.call(this, state, step, rowData))\n  )\n  .then(() =>\n    resolveAndRunAfterHooks.call(this, scenario.tags, state.feature.name)\n  )\n  .then(() => state.onFinishScenario(scenario));",
              "err": {
                "message": "Error: Step implementation missing for: user is on main landing page",
                "estack": "Error: Step implementation missing for: user is on main landing page\n    at Context.resolveAndRunStepDefinition (https://qa.perlego.com/__cypress/tests?p=cypress/integration/SearchResultPage.feature-322:25257:11)\n    at Object.<anonymous> (https://qa.perlego.com/__cypress/tests?p=cypress/integration/SearchResultPage.feature-322:24623:35)\n    at executeFn (https://qa.perlego.com/__cypress/tests?p=cypress/support/index.js-011:2351:22)\n    at Context.<anonymous> (https://qa.perlego.com/__cypress/tests?p=cypress/support/index.js-011:2364:12)",
                "diff": null
              },
              "uuid": "0dbd081f-1ca4-49ff-81c4-9005287c56dd",
              "parentUUID": "27d7e6ac-3714-4a20-8f43-dcd3aef43e9d",
              "isHook": false,
              "skipped": false
            },
            {
              "title": "the tabs are displayed in a fixed order (example #3)",
              "fullTitle": "Tabs,book results and pagination the tabs are displayed in a fixed order (example #3)",
              "timedOut": null,
              "duration": 340,
              "state": "failed",
              "speed": null,
              "pass": false,
              "fail": true,
              "pending": false,
              "context": "\"assets/SearchResultPage.feature/Tabs,book results and pagination -- the tabs are displayed in a fixed order (example #3) (failed).png\"",
              "code": "const state = window.testState;\nreturn cy\n  .then(() => state.onStartScenario(scenario, indexedSteps))\n  .then(() =>\n    resolveAndRunBeforeHooks.call(this, scenario.tags, state.feature.name)\n  )\n  .then(() =>\n    indexedSteps.forEach(step => stepTest.call(this, state, step, rowData))\n  )\n  .then(() =>\n    resolveAndRunAfterHooks.call(this, scenario.tags, state.feature.name)\n  )\n  .then(() => state.onFinishScenario(scenario));",
              "err": {
                "message": "Error: Step implementation missing for: user is on main landing page",
                "estack": "Error: Step implementation missing for: user is on main landing page\n    at Context.resolveAndRunStepDefinition (https://qa.perlego.com/__cypress/tests?p=cypress/integration/SearchResultPage.feature-322:25257:11)\n    at Object.<anonymous> (https://qa.perlego.com/__cypress/tests?p=cypress/integration/SearchResultPage.feature-322:24623:35)\n    at executeFn (https://qa.perlego.com/__cypress/tests?p=cypress/support/index.js-011:2351:22)\n    at Context.<anonymous> (https://qa.perlego.com/__cypress/tests?p=cypress/support/index.js-011:2364:12)",
                "diff": null
              },
              "uuid": "f2595b13-0f45-4b26-a168-8867c152dea2",
              "parentUUID": "27d7e6ac-3714-4a20-8f43-dcd3aef43e9d",
              "isHook": false,
              "skipped": false
            },
            {
              "title": "the tabs are displayed in a fixed order (example #4)",
              "fullTitle": "Tabs,book results and pagination the tabs are displayed in a fixed order (example #4)",
              "timedOut": null,
              "duration": 412,
              "state": "failed",
              "speed": null,
              "pass": false,
              "fail": true,
              "pending": false,
              "context": "\"assets/SearchResultPage.feature/Tabs,book results and pagination -- the tabs are displayed in a fixed order (example #4) (failed).png\"",
              "code": "const state = window.testState;\nreturn cy\n  .then(() => state.onStartScenario(scenario, indexedSteps))\n  .then(() =>\n    resolveAndRunBeforeHooks.call(this, scenario.tags, state.feature.name)\n  )\n  .then(() =>\n    indexedSteps.forEach(step => stepTest.call(this, state, step, rowData))\n  )\n  .then(() =>\n    resolveAndRunAfterHooks.call(this, scenario.tags, state.feature.name)\n  )\n  .then(() => state.onFinishScenario(scenario));",
              "err": {
                "message": "Error: Step implementation missing for: user is on main landing page",
                "estack": "Error: Step implementation missing for: user is on main landing page\n    at Context.resolveAndRunStepDefinition (https://qa.perlego.com/__cypress/tests?p=cypress/integration/SearchResultPage.feature-322:25257:11)\n    at Object.<anonymous> (https://qa.perlego.com/__cypress/tests?p=cypress/integration/SearchResultPage.feature-322:24623:35)\n    at executeFn (https://qa.perlego.com/__cypress/tests?p=cypress/support/index.js-011:2351:22)\n    at Context.<anonymous> (https://qa.perlego.com/__cypress/tests?p=cypress/support/index.js-011:2364:12)",
                "diff": null
              },
              "uuid": "79f2608d-0036-49e6-bcac-a16c503fc09c",
              "parentUUID": "27d7e6ac-3714-4a20-8f43-dcd3aef43e9d",
              "isHook": false,
              "skipped": false
            },
            {
              "title": "the tabs are displayed in a fixed order (example #5)",
              "fullTitle": "Tabs,book results and pagination the tabs are displayed in a fixed order (example #5)",
              "timedOut": null,
              "duration": 378,
              "state": "failed",
              "speed": null,
              "pass": false,
              "fail": true,
              "pending": false,
              "context": "\"assets/SearchResultPage.feature/Tabs,book results and pagination -- the tabs are displayed in a fixed order (example #5) (failed).png\"",
              "code": "const state = window.testState;\nreturn cy\n  .then(() => state.onStartScenario(scenario, indexedSteps))\n  .then(() =>\n    resolveAndRunBeforeHooks.call(this, scenario.tags, state.feature.name)\n  )\n  .then(() =>\n    indexedSteps.forEach(step => stepTest.call(this, state, step, rowData))\n  )\n  .then(() =>\n    resolveAndRunAfterHooks.call(this, scenario.tags, state.feature.name)\n  )\n  .then(() => state.onFinishScenario(scenario));",
              "err": {
                "message": "Error: Step implementation missing for: user is on main landing page",
                "estack": "Error: Step implementation missing for: user is on main landing page\n    at Context.resolveAndRunStepDefinition (https://qa.perlego.com/__cypress/tests?p=cypress/integration/SearchResultPage.feature-322:25257:11)\n    at Object.<anonymous> (https://qa.perlego.com/__cypress/tests?p=cypress/integration/SearchResultPage.feature-322:24623:35)\n    at executeFn (https://qa.perlego.com/__cypress/tests?p=cypress/support/index.js-011:2351:22)\n    at Context.<anonymous> (https://qa.perlego.com/__cypress/tests?p=cypress/support/index.js-011:2364:12)",
                "diff": null
              },
              "uuid": "3c3d207d-7877-4cc2-80b8-b92b752f1d06",
              "parentUUID": "27d7e6ac-3714-4a20-8f43-dcd3aef43e9d",
              "isHook": false,
              "skipped": false
            },
            {
              "title": "if the user focuses in the search bar, without typing anything, the tabs stay hidden",
              "fullTitle": "Tabs,book results and pagination if the user focuses in the search bar, without typing anything, the tabs stay hidden",
              "timedOut": null,
              "duration": 361,
              "state": "failed",
              "speed": null,
              "pass": false,
              "fail": true,
              "pending": false,
              "context": "\"assets/SearchResultPage.feature/Tabs,book results and pagination -- if the user focuses in the search bar, without typing anything, the tabs stay hidden (failed).png\"",
              "code": "const state = window.testState;\nreturn cy\n  .then(() => state.onStartScenario(scenario, indexedSteps))\n  .then(() =>\n    resolveAndRunBeforeHooks.call(this, scenario.tags, state.feature.name)\n  )\n  .then(() =>\n    indexedSteps.forEach(step => stepTest.call(this, state, step, rowData))\n  )\n  .then(() =>\n    resolveAndRunAfterHooks.call(this, scenario.tags, state.feature.name)\n  )\n  .then(() => state.onFinishScenario(scenario));",
              "err": {
                "message": "Error: Step implementation missing for: user is on main landing page",
                "estack": "Error: Step implementation missing for: user is on main landing page\n    at Context.resolveAndRunStepDefinition (https://qa.perlego.com/__cypress/tests?p=cypress/integration/SearchResultPage.feature-322:25257:11)\n    at Object.<anonymous> (https://qa.perlego.com/__cypress/tests?p=cypress/integration/SearchResultPage.feature-322:24623:35)\n    at executeFn (https://qa.perlego.com/__cypress/tests?p=cypress/support/index.js-011:2351:22)\n    at Context.<anonymous> (https://qa.perlego.com/__cypress/tests?p=cypress/support/index.js-011:2364:12)",
                "diff": null
              },
              "uuid": "175b16af-ed0a-4778-aee4-4abd3f935b79",
              "parentUUID": "27d7e6ac-3714-4a20-8f43-dcd3aef43e9d",
              "isHook": false,
              "skipped": false
            },
            {
              "title": "if the results for a tab are 0, the tab element hides (dynamically as the user types)",
              "fullTitle": "Tabs,book results and pagination if the results for a tab are 0, the tab element hides (dynamically as the user types)",
              "timedOut": null,
              "duration": 356,
              "state": "failed",
              "speed": null,
              "pass": false,
              "fail": true,
              "pending": false,
              "context": "\"assets/SearchResultPage.feature/Tabs,book results and pagination -- if the results for a tab are 0, the tab element hides (dynamically as the user types) (failed).png\"",
              "code": "const state = window.testState;\nreturn cy\n  .then(() => state.onStartScenario(scenario, indexedSteps))\n  .then(() =>\n    resolveAndRunBeforeHooks.call(this, scenario.tags, state.feature.name)\n  )\n  .then(() =>\n    indexedSteps.forEach(step => stepTest.call(this, state, step, rowData))\n  )\n  .then(() =>\n    resolveAndRunAfterHooks.call(this, scenario.tags, state.feature.name)\n  )\n  .then(() => state.onFinishScenario(scenario));",
              "err": {
                "message": "Error: Step implementation missing for: user is on main landing page",
                "estack": "Error: Step implementation missing for: user is on main landing page\n    at Context.resolveAndRunStepDefinition (https://qa.perlego.com/__cypress/tests?p=cypress/integration/SearchResultPage.feature-322:25257:11)\n    at Object.<anonymous> (https://qa.perlego.com/__cypress/tests?p=cypress/integration/SearchResultPage.feature-322:24623:35)\n    at executeFn (https://qa.perlego.com/__cypress/tests?p=cypress/support/index.js-011:2351:22)\n    at Context.<anonymous> (https://qa.perlego.com/__cypress/tests?p=cypress/support/index.js-011:2364:12)",
                "diff": null
              },
              "uuid": "8adea9a2-5623-42b9-a218-caa18686c682",
              "parentUUID": "27d7e6ac-3714-4a20-8f43-dcd3aef43e9d",
              "isHook": false,
              "skipped": false
            },
            {
              "title": "if the space occupied by the tabs is wider than the grid width, it must be possible to scroll left and right to view the overflowing tab elements",
              "fullTitle": "Tabs,book results and pagination if the space occupied by the tabs is wider than the grid width, it must be possible to scroll left and right to view the overflowing tab elements",
              "timedOut": null,
              "duration": 346,
              "state": "failed",
              "speed": null,
              "pass": false,
              "fail": true,
              "pending": false,
              "context": "\"assets/SearchResultPage.feature/Tabs,book results and pagination -- if the space occupied by the tabs is wider than the grid width, it must be possible to scroll left and right to view the overflowing tab elements (failed).png\"",
              "code": "const state = window.testState;\nreturn cy\n  .then(() => state.onStartScenario(scenario, indexedSteps))\n  .then(() =>\n    resolveAndRunBeforeHooks.call(this, scenario.tags, state.feature.name)\n  )\n  .then(() =>\n    indexedSteps.forEach(step => stepTest.call(this, state, step, rowData))\n  )\n  .then(() =>\n    resolveAndRunAfterHooks.call(this, scenario.tags, state.feature.name)\n  )\n  .then(() => state.onFinishScenario(scenario));",
              "err": {
                "message": "Error: Step implementation missing for: user is on main landing page",
                "estack": "Error: Step implementation missing for: user is on main landing page\n    at Context.resolveAndRunStepDefinition (https://qa.perlego.com/__cypress/tests?p=cypress/integration/SearchResultPage.feature-322:25257:11)\n    at Object.<anonymous> (https://qa.perlego.com/__cypress/tests?p=cypress/integration/SearchResultPage.feature-322:24623:35)\n    at executeFn (https://qa.perlego.com/__cypress/tests?p=cypress/support/index.js-011:2351:22)\n    at Context.<anonymous> (https://qa.perlego.com/__cypress/tests?p=cypress/support/index.js-011:2364:12)",
                "diff": null
              },
              "uuid": "6fe72208-d4d3-4814-b8cf-09b3be31b2c9",
              "parentUUID": "27d7e6ac-3714-4a20-8f43-dcd3aef43e9d",
              "isHook": false,
              "skipped": false
            },
            {
              "title": "if the space occupied by the tabs is wider than the grid width, it must be possible to scroll left and right to view the overflowing tab elements",
              "fullTitle": "Tabs,book results and pagination if the space occupied by the tabs is wider than the grid width, it must be possible to scroll left and right to view the overflowing tab elements",
              "timedOut": null,
              "duration": 412,
              "state": "failed",
              "speed": null,
              "pass": false,
              "fail": true,
              "pending": false,
              "context": "\"assets/SearchResultPage.feature/Tabs,book results and pagination -- if the space occupied by the tabs is wider than the grid width, it must be possible to scroll left and right to view the overflowing tab elements (failed).png\"",
              "code": "const state = window.testState;\nreturn cy\n  .then(() => state.onStartScenario(scenario, indexedSteps))\n  .then(() =>\n    resolveAndRunBeforeHooks.call(this, scenario.tags, state.feature.name)\n  )\n  .then(() =>\n    indexedSteps.forEach(step => stepTest.call(this, state, step, rowData))\n  )\n  .then(() =>\n    resolveAndRunAfterHooks.call(this, scenario.tags, state.feature.name)\n  )\n  .then(() => state.onFinishScenario(scenario));",
              "err": {
                "message": "Error: Step implementation missing for: user is on main landing page",
                "estack": "Error: Step implementation missing for: user is on main landing page\n    at Context.resolveAndRunStepDefinition (https://qa.perlego.com/__cypress/tests?p=cypress/integration/SearchResultPage.feature-322:25257:11)\n    at Object.<anonymous> (https://qa.perlego.com/__cypress/tests?p=cypress/integration/SearchResultPage.feature-322:24623:35)\n    at executeFn (https://qa.perlego.com/__cypress/tests?p=cypress/support/index.js-011:2351:22)\n    at Context.<anonymous> (https://qa.perlego.com/__cypress/tests?p=cypress/support/index.js-011:2364:12)",
                "diff": null
              },
              "uuid": "530e422c-e026-4726-8c8b-da769c24b234",
              "parentUUID": "27d7e6ac-3714-4a20-8f43-dcd3aef43e9d",
              "isHook": false,
              "skipped": false
            },
            {
              "title": "on mobile and tablet, tabs are overflowing on the right side and it must be possible to swipe left and right to access the hidden tab elements",
              "fullTitle": "Tabs,book results and pagination on mobile and tablet, tabs are overflowing on the right side and it must be possible to swipe left and right to access the hidden tab elements",
              "timedOut": null,
              "duration": 402,
              "state": "failed",
              "speed": null,
              "pass": false,
              "fail": true,
              "pending": false,
              "context": "\"assets/SearchResultPage.feature/Tabs,book results and pagination -- on mobile and tablet, tabs are overflowing on the right side and it must be possible to swipe left and right to access the hidden tab elements (failed).png\"",
              "code": "const state = window.testState;\nreturn cy\n  .then(() => state.onStartScenario(scenario, indexedSteps))\n  .then(() =>\n    resolveAndRunBeforeHooks.call(this, scenario.tags, state.feature.name)\n  )\n  .then(() =>\n    indexedSteps.forEach(step => stepTest.call(this, state, step, rowData))\n  )\n  .then(() =>\n    resolveAndRunAfterHooks.call(this, scenario.tags, state.feature.name)\n  )\n  .then(() => state.onFinishScenario(scenario));",
              "err": {
                "message": "Error: Step implementation missing for: user is on main landing page",
                "estack": "Error: Step implementation missing for: user is on main landing page\n    at Context.resolveAndRunStepDefinition (https://qa.perlego.com/__cypress/tests?p=cypress/integration/SearchResultPage.feature-322:25257:11)\n    at Object.<anonymous> (https://qa.perlego.com/__cypress/tests?p=cypress/integration/SearchResultPage.feature-322:24623:35)\n    at executeFn (https://qa.perlego.com/__cypress/tests?p=cypress/support/index.js-011:2351:22)\n    at Context.<anonymous> (https://qa.perlego.com/__cypress/tests?p=cypress/support/index.js-011:2364:12)",
                "diff": null
              },
              "uuid": "4b1b6ad2-7016-44e6-9256-ebea399ca429",
              "parentUUID": "27d7e6ac-3714-4a20-8f43-dcd3aef43e9d",
              "isHook": false,
              "skipped": false
            },
            {
              "title": "when clicking on the tab, the related set of content must be displayed in the page",
              "fullTitle": "Tabs,book results and pagination when clicking on the tab, the related set of content must be displayed in the page",
              "timedOut": null,
              "duration": 425,
              "state": "failed",
              "speed": null,
              "pass": false,
              "fail": true,
              "pending": false,
              "context": "\"assets/SearchResultPage.feature/Tabs,book results and pagination -- when clicking on the tab, the related set of content must be displayed in the page (failed).png\"",
              "code": "const state = window.testState;\nreturn cy\n  .then(() => state.onStartScenario(scenario, indexedSteps))\n  .then(() =>\n    resolveAndRunBeforeHooks.call(this, scenario.tags, state.feature.name)\n  )\n  .then(() =>\n    indexedSteps.forEach(step => stepTest.call(this, state, step, rowData))\n  )\n  .then(() =>\n    resolveAndRunAfterHooks.call(this, scenario.tags, state.feature.name)\n  )\n  .then(() => state.onFinishScenario(scenario));",
              "err": {
                "message": "Error: Step implementation missing for: user is on main landing page",
                "estack": "Error: Step implementation missing for: user is on main landing page\n    at Context.resolveAndRunStepDefinition (https://qa.perlego.com/__cypress/tests?p=cypress/integration/SearchResultPage.feature-322:25257:11)\n    at Object.<anonymous> (https://qa.perlego.com/__cypress/tests?p=cypress/integration/SearchResultPage.feature-322:24623:35)\n    at executeFn (https://qa.perlego.com/__cypress/tests?p=cypress/support/index.js-011:2351:22)\n    at Context.<anonymous> (https://qa.perlego.com/__cypress/tests?p=cypress/support/index.js-011:2364:12)",
                "diff": null
              },
              "uuid": "58c49adb-6a68-45bb-ba7e-05f2879698eb",
              "parentUUID": "27d7e6ac-3714-4a20-8f43-dcd3aef43e9d",
              "isHook": false,
              "skipped": false
            },
            {
              "title": "the number of results for that type of content is displaying within the tab element",
              "fullTitle": "Tabs,book results and pagination the number of results for that type of content is displaying within the tab element",
              "timedOut": null,
              "duration": 390,
              "state": "failed",
              "speed": null,
              "pass": false,
              "fail": true,
              "pending": false,
              "context": "\"assets/SearchResultPage.feature/Tabs,book results and pagination -- the number of results for that type of content is displaying within the tab element (failed).png\"",
              "code": "const state = window.testState;\nreturn cy\n  .then(() => state.onStartScenario(scenario, indexedSteps))\n  .then(() =>\n    resolveAndRunBeforeHooks.call(this, scenario.tags, state.feature.name)\n  )\n  .then(() =>\n    indexedSteps.forEach(step => stepTest.call(this, state, step, rowData))\n  )\n  .then(() =>\n    resolveAndRunAfterHooks.call(this, scenario.tags, state.feature.name)\n  )\n  .then(() => state.onFinishScenario(scenario));",
              "err": {
                "message": "Error: Step implementation missing for: user is on main landing page",
                "estack": "Error: Step implementation missing for: user is on main landing page\n    at Context.resolveAndRunStepDefinition (https://qa.perlego.com/__cypress/tests?p=cypress/integration/SearchResultPage.feature-322:25257:11)\n    at Object.<anonymous> (https://qa.perlego.com/__cypress/tests?p=cypress/integration/SearchResultPage.feature-322:24623:35)\n    at executeFn (https://qa.perlego.com/__cypress/tests?p=cypress/support/index.js-011:2351:22)\n    at Context.<anonymous> (https://qa.perlego.com/__cypress/tests?p=cypress/support/index.js-011:2364:12)",
                "diff": null
              },
              "uuid": "4d87bfa6-4112-4c55-8411-05734175ba25",
              "parentUUID": "27d7e6ac-3714-4a20-8f43-dcd3aef43e9d",
              "isHook": false,
              "skipped": false
            },
            {
              "title": "Display the exact number of results up to 99",
              "fullTitle": "Tabs,book results and pagination Display the exact number of results up to 99",
              "timedOut": null,
              "duration": 401,
              "state": "failed",
              "speed": null,
              "pass": false,
              "fail": true,
              "pending": false,
              "context": "\"assets/SearchResultPage.feature/Tabs,book results and pagination -- Display the exact number of results up to 99 (failed).png\"",
              "code": "const state = window.testState;\nreturn cy\n  .then(() => state.onStartScenario(scenario, indexedSteps))\n  .then(() =>\n    resolveAndRunBeforeHooks.call(this, scenario.tags, state.feature.name)\n  )\n  .then(() =>\n    indexedSteps.forEach(step => stepTest.call(this, state, step, rowData))\n  )\n  .then(() =>\n    resolveAndRunAfterHooks.call(this, scenario.tags, state.feature.name)\n  )\n  .then(() => state.onFinishScenario(scenario));",
              "err": {
                "message": "Error: Step implementation missing for: user is on main landing page",
                "estack": "Error: Step implementation missing for: user is on main landing page\n    at Context.resolveAndRunStepDefinition (https://qa.perlego.com/__cypress/tests?p=cypress/integration/SearchResultPage.feature-322:25257:11)\n    at Object.<anonymous> (https://qa.perlego.com/__cypress/tests?p=cypress/integration/SearchResultPage.feature-322:24623:35)\n    at executeFn (https://qa.perlego.com/__cypress/tests?p=cypress/support/index.js-011:2351:22)\n    at Context.<anonymous> (https://qa.perlego.com/__cypress/tests?p=cypress/support/index.js-011:2364:12)",
                "diff": null
              },
              "uuid": "b1e0b781-b287-4ffe-9dc6-6844a5b9cd7d",
              "parentUUID": "27d7e6ac-3714-4a20-8f43-dcd3aef43e9d",
              "isHook": false,
              "skipped": false
            },
            {
              "title": "More than 99 search results found  display 99+",
              "fullTitle": "Tabs,book results and pagination More than 99 search results found  display 99+",
              "timedOut": null,
              "duration": 386,
              "state": "failed",
              "speed": null,
              "pass": false,
              "fail": true,
              "pending": false,
              "context": "\"assets/SearchResultPage.feature/Tabs,book results and pagination -- More than 99 search results found  display 99+ (failed).png\"",
              "code": "const state = window.testState;\nreturn cy\n  .then(() => state.onStartScenario(scenario, indexedSteps))\n  .then(() =>\n    resolveAndRunBeforeHooks.call(this, scenario.tags, state.feature.name)\n  )\n  .then(() =>\n    indexedSteps.forEach(step => stepTest.call(this, state, step, rowData))\n  )\n  .then(() =>\n    resolveAndRunAfterHooks.call(this, scenario.tags, state.feature.name)\n  )\n  .then(() => state.onFinishScenario(scenario));",
              "err": {
                "message": "Error: Step implementation missing for: user is on main landing page",
                "estack": "Error: Step implementation missing for: user is on main landing page\n    at Context.resolveAndRunStepDefinition (https://qa.perlego.com/__cypress/tests?p=cypress/integration/SearchResultPage.feature-322:25257:11)\n    at Object.<anonymous> (https://qa.perlego.com/__cypress/tests?p=cypress/integration/SearchResultPage.feature-322:24623:35)\n    at executeFn (https://qa.perlego.com/__cypress/tests?p=cypress/support/index.js-011:2351:22)\n    at Context.<anonymous> (https://qa.perlego.com/__cypress/tests?p=cypress/support/index.js-011:2364:12)",
                "diff": null
              },
              "uuid": "a2fefa78-5061-4776-bf82-214f0ea32076",
              "parentUUID": "27d7e6ac-3714-4a20-8f43-dcd3aef43e9d",
              "isHook": false,
              "skipped": false
            },
            {
              "title": "More than 1000 search results found display 1k+",
              "fullTitle": "Tabs,book results and pagination More than 1000 search results found display 1k+",
              "timedOut": null,
              "duration": 416,
              "state": "failed",
              "speed": null,
              "pass": false,
              "fail": true,
              "pending": false,
              "context": "\"assets/SearchResultPage.feature/Tabs,book results and pagination -- More than 1000 search results found display 1k+ (failed).png\"",
              "code": "const state = window.testState;\nreturn cy\n  .then(() => state.onStartScenario(scenario, indexedSteps))\n  .then(() =>\n    resolveAndRunBeforeHooks.call(this, scenario.tags, state.feature.name)\n  )\n  .then(() =>\n    indexedSteps.forEach(step => stepTest.call(this, state, step, rowData))\n  )\n  .then(() =>\n    resolveAndRunAfterHooks.call(this, scenario.tags, state.feature.name)\n  )\n  .then(() => state.onFinishScenario(scenario));",
              "err": {
                "message": "Error: Step implementation missing for: user is on main landing page",
                "estack": "Error: Step implementation missing for: user is on main landing page\n    at Context.resolveAndRunStepDefinition (https://qa.perlego.com/__cypress/tests?p=cypress/integration/SearchResultPage.feature-322:25257:11)\n    at Object.<anonymous> (https://qa.perlego.com/__cypress/tests?p=cypress/integration/SearchResultPage.feature-322:24623:35)\n    at executeFn (https://qa.perlego.com/__cypress/tests?p=cypress/support/index.js-011:2351:22)\n    at Context.<anonymous> (https://qa.perlego.com/__cypress/tests?p=cypress/support/index.js-011:2364:12)",
                "diff": null
              },
              "uuid": "7b67947c-1ac7-4f96-a6e3-47709c858cd4",
              "parentUUID": "27d7e6ac-3714-4a20-8f43-dcd3aef43e9d",
              "isHook": false,
              "skipped": false
            },
            {
              "title": "each page contains 36 books (6 rows on desktop, 9 rows on tablet and 18 on mobile)",
              "fullTitle": "Tabs,book results and pagination each page contains 36 books (6 rows on desktop, 9 rows on tablet and 18 on mobile)",
              "timedOut": null,
              "duration": 350,
              "state": "failed",
              "speed": null,
              "pass": false,
              "fail": true,
              "pending": false,
              "context": "\"assets/SearchResultPage.feature/Tabs,book results and pagination -- each page contains 36 books (6 rows on desktop, 9 rows on tablet and 18 on mobile) (failed).png\"",
              "code": "const state = window.testState;\nreturn cy\n  .then(() => state.onStartScenario(scenario, indexedSteps))\n  .then(() =>\n    resolveAndRunBeforeHooks.call(this, scenario.tags, state.feature.name)\n  )\n  .then(() =>\n    indexedSteps.forEach(step => stepTest.call(this, state, step, rowData))\n  )\n  .then(() =>\n    resolveAndRunAfterHooks.call(this, scenario.tags, state.feature.name)\n  )\n  .then(() => state.onFinishScenario(scenario));",
              "err": {
                "message": "Error: Step implementation missing for: user is on main landing page",
                "estack": "Error: Step implementation missing for: user is on main landing page\n    at Context.resolveAndRunStepDefinition (https://qa.perlego.com/__cypress/tests?p=cypress/integration/SearchResultPage.feature-322:25257:11)\n    at Object.<anonymous> (https://qa.perlego.com/__cypress/tests?p=cypress/integration/SearchResultPage.feature-322:24623:35)\n    at executeFn (https://qa.perlego.com/__cypress/tests?p=cypress/support/index.js-011:2351:22)\n    at Context.<anonymous> (https://qa.perlego.com/__cypress/tests?p=cypress/support/index.js-011:2364:12)",
                "diff": null
              },
              "uuid": "a972f638-3455-4e97-beef-bd02e3952778",
              "parentUUID": "27d7e6ac-3714-4a20-8f43-dcd3aef43e9d",
              "isHook": false,
              "skipped": false
            },
            {
              "title": "each page contains 36 books (6 rows on desktop, 9 rows on tablet and 18 on mobile)",
              "fullTitle": "Tabs,book results and pagination each page contains 36 books (6 rows on desktop, 9 rows on tablet and 18 on mobile)",
              "timedOut": null,
              "duration": 346,
              "state": "failed",
              "speed": null,
              "pass": false,
              "fail": true,
              "pending": false,
              "context": "\"assets/SearchResultPage.feature/Tabs,book results and pagination -- each page contains 36 books (6 rows on desktop, 9 rows on tablet and 18 on mobile) (failed).png\"",
              "code": "const state = window.testState;\nreturn cy\n  .then(() => state.onStartScenario(scenario, indexedSteps))\n  .then(() =>\n    resolveAndRunBeforeHooks.call(this, scenario.tags, state.feature.name)\n  )\n  .then(() =>\n    indexedSteps.forEach(step => stepTest.call(this, state, step, rowData))\n  )\n  .then(() =>\n    resolveAndRunAfterHooks.call(this, scenario.tags, state.feature.name)\n  )\n  .then(() => state.onFinishScenario(scenario));",
              "err": {
                "message": "Error: Step implementation missing for: user is on main landing page",
                "estack": "Error: Step implementation missing for: user is on main landing page\n    at Context.resolveAndRunStepDefinition (https://qa.perlego.com/__cypress/tests?p=cypress/integration/SearchResultPage.feature-322:25257:11)\n    at Object.<anonymous> (https://qa.perlego.com/__cypress/tests?p=cypress/integration/SearchResultPage.feature-322:24623:35)\n    at executeFn (https://qa.perlego.com/__cypress/tests?p=cypress/support/index.js-011:2351:22)\n    at Context.<anonymous> (https://qa.perlego.com/__cypress/tests?p=cypress/support/index.js-011:2364:12)",
                "diff": null
              },
              "uuid": "77e51cdc-0116-44f1-89a5-edfc304d2ec0",
              "parentUUID": "27d7e6ac-3714-4a20-8f43-dcd3aef43e9d",
              "isHook": false,
              "skipped": false
            },
            {
              "title": "each page contains 36 books (6 rows on desktop, 9 rows on tablet and 18 on mobile)",
              "fullTitle": "Tabs,book results and pagination each page contains 36 books (6 rows on desktop, 9 rows on tablet and 18 on mobile)",
              "timedOut": null,
              "duration": 336,
              "state": "failed",
              "speed": null,
              "pass": false,
              "fail": true,
              "pending": false,
              "context": "\"assets/SearchResultPage.feature/Tabs,book results and pagination -- each page contains 36 books (6 rows on desktop, 9 rows on tablet and 18 on mobile) (failed).png\"",
              "code": "const state = window.testState;\nreturn cy\n  .then(() => state.onStartScenario(scenario, indexedSteps))\n  .then(() =>\n    resolveAndRunBeforeHooks.call(this, scenario.tags, state.feature.name)\n  )\n  .then(() =>\n    indexedSteps.forEach(step => stepTest.call(this, state, step, rowData))\n  )\n  .then(() =>\n    resolveAndRunAfterHooks.call(this, scenario.tags, state.feature.name)\n  )\n  .then(() => state.onFinishScenario(scenario));",
              "err": {
                "message": "Error: Step implementation missing for: user is on main landing page",
                "estack": "Error: Step implementation missing for: user is on main landing page\n    at Context.resolveAndRunStepDefinition (https://qa.perlego.com/__cypress/tests?p=cypress/integration/SearchResultPage.feature-322:25257:11)\n    at Object.<anonymous> (https://qa.perlego.com/__cypress/tests?p=cypress/integration/SearchResultPage.feature-322:24623:35)\n    at executeFn (https://qa.perlego.com/__cypress/tests?p=cypress/support/index.js-011:2351:22)\n    at Context.<anonymous> (https://qa.perlego.com/__cypress/tests?p=cypress/support/index.js-011:2364:12)",
                "diff": null
              },
              "uuid": "3543e1ef-383f-4f46-8bad-d6f7d395d38e",
              "parentUUID": "27d7e6ac-3714-4a20-8f43-dcd3aef43e9d",
              "isHook": false,
              "skipped": false
            },
            {
              "title": "the pagination element appears only if the search result per tab contains more than 36 books",
              "fullTitle": "Tabs,book results and pagination the pagination element appears only if the search result per tab contains more than 36 books",
              "timedOut": null,
              "duration": 398,
              "state": "failed",
              "speed": null,
              "pass": false,
              "fail": true,
              "pending": false,
              "context": "\"assets/SearchResultPage.feature/Tabs,book results and pagination -- the pagination element appears only if the search result per tab contains more than 36 books (failed).png\"",
              "code": "const state = window.testState;\nreturn cy\n  .then(() => state.onStartScenario(scenario, indexedSteps))\n  .then(() =>\n    resolveAndRunBeforeHooks.call(this, scenario.tags, state.feature.name)\n  )\n  .then(() =>\n    indexedSteps.forEach(step => stepTest.call(this, state, step, rowData))\n  )\n  .then(() =>\n    resolveAndRunAfterHooks.call(this, scenario.tags, state.feature.name)\n  )\n  .then(() => state.onFinishScenario(scenario));",
              "err": {
                "message": "Error: Step implementation missing for: user is on main landing page",
                "estack": "Error: Step implementation missing for: user is on main landing page\n    at Context.resolveAndRunStepDefinition (https://qa.perlego.com/__cypress/tests?p=cypress/integration/SearchResultPage.feature-322:25257:11)\n    at Object.<anonymous> (https://qa.perlego.com/__cypress/tests?p=cypress/integration/SearchResultPage.feature-322:24623:35)\n    at executeFn (https://qa.perlego.com/__cypress/tests?p=cypress/support/index.js-011:2351:22)\n    at Context.<anonymous> (https://qa.perlego.com/__cypress/tests?p=cypress/support/index.js-011:2364:12)",
                "diff": null
              },
              "uuid": "2c2a214a-64c7-4747-9145-aac83fa9d650",
              "parentUUID": "27d7e6ac-3714-4a20-8f43-dcd3aef43e9d",
              "isHook": false,
              "skipped": false
            },
            {
              "title": "default behaviour of pagination",
              "fullTitle": "Tabs,book results and pagination default behaviour of pagination",
              "timedOut": null,
              "duration": 396,
              "state": "failed",
              "speed": null,
              "pass": false,
              "fail": true,
              "pending": false,
              "context": "\"assets/SearchResultPage.feature/Tabs,book results and pagination -- default behaviour of pagination (failed).png\"",
              "code": "const state = window.testState;\nreturn cy\n  .then(() => state.onStartScenario(scenario, indexedSteps))\n  .then(() =>\n    resolveAndRunBeforeHooks.call(this, scenario.tags, state.feature.name)\n  )\n  .then(() =>\n    indexedSteps.forEach(step => stepTest.call(this, state, step, rowData))\n  )\n  .then(() =>\n    resolveAndRunAfterHooks.call(this, scenario.tags, state.feature.name)\n  )\n  .then(() => state.onFinishScenario(scenario));",
              "err": {
                "message": "Error: Step implementation missing for: user is on main landing page",
                "estack": "Error: Step implementation missing for: user is on main landing page\n    at Context.resolveAndRunStepDefinition (https://qa.perlego.com/__cypress/tests?p=cypress/integration/SearchResultPage.feature-322:25257:11)\n    at Object.<anonymous> (https://qa.perlego.com/__cypress/tests?p=cypress/integration/SearchResultPage.feature-322:24623:35)\n    at executeFn (https://qa.perlego.com/__cypress/tests?p=cypress/support/index.js-011:2351:22)\n    at Context.<anonymous> (https://qa.perlego.com/__cypress/tests?p=cypress/support/index.js-011:2364:12)",
                "diff": null
              },
              "uuid": "e4abd562-531b-4a3b-8827-f4be610b9da4",
              "parentUUID": "27d7e6ac-3714-4a20-8f43-dcd3aef43e9d",
              "isHook": false,
              "skipped": false
            },
            {
              "title": "the pagination element displays a maximum of 8 pages - above that number the first and last pages are displayed with an ellipsis in the middle",
              "fullTitle": "Tabs,book results and pagination the pagination element displays a maximum of 8 pages - above that number the first and last pages are displayed with an ellipsis in the middle",
              "timedOut": null,
              "duration": 425,
              "state": "failed",
              "speed": null,
              "pass": false,
              "fail": true,
              "pending": false,
              "context": "\"assets/SearchResultPage.feature/Tabs,book results and pagination -- the pagination element displays a maximum of 8 pages - above that number the first and last pages are displayed with an ellipsis in the middle (failed).png\"",
              "code": "const state = window.testState;\nreturn cy\n  .then(() => state.onStartScenario(scenario, indexedSteps))\n  .then(() =>\n    resolveAndRunBeforeHooks.call(this, scenario.tags, state.feature.name)\n  )\n  .then(() =>\n    indexedSteps.forEach(step => stepTest.call(this, state, step, rowData))\n  )\n  .then(() =>\n    resolveAndRunAfterHooks.call(this, scenario.tags, state.feature.name)\n  )\n  .then(() => state.onFinishScenario(scenario));",
              "err": {
                "message": "Error: Step implementation missing for: user is on main landing page",
                "estack": "Error: Step implementation missing for: user is on main landing page\n    at Context.resolveAndRunStepDefinition (https://qa.perlego.com/__cypress/tests?p=cypress/integration/SearchResultPage.feature-322:25257:11)\n    at Object.<anonymous> (https://qa.perlego.com/__cypress/tests?p=cypress/integration/SearchResultPage.feature-322:24623:35)\n    at executeFn (https://qa.perlego.com/__cypress/tests?p=cypress/support/index.js-011:2351:22)\n    at Context.<anonymous> (https://qa.perlego.com/__cypress/tests?p=cypress/support/index.js-011:2364:12)",
                "diff": null
              },
              "uuid": "12167f67-c8db-4a1c-8cce-a6cad8535810",
              "parentUUID": "27d7e6ac-3714-4a20-8f43-dcd3aef43e9d",
              "isHook": false,
              "skipped": false
            },
            {
              "title": "it is possible to go to the next/previous page by clicking on the arrows",
              "fullTitle": "Tabs,book results and pagination it is possible to go to the next/previous page by clicking on the arrows",
              "timedOut": null,
              "duration": 381,
              "state": "failed",
              "speed": null,
              "pass": false,
              "fail": true,
              "pending": false,
              "context": "\"assets/SearchResultPage.feature/Tabs,book results and pagination -- it is possible to go to the next/previous page by clicking on the arrows (failed).png\"",
              "code": "const state = window.testState;\nreturn cy\n  .then(() => state.onStartScenario(scenario, indexedSteps))\n  .then(() =>\n    resolveAndRunBeforeHooks.call(this, scenario.tags, state.feature.name)\n  )\n  .then(() =>\n    indexedSteps.forEach(step => stepTest.call(this, state, step, rowData))\n  )\n  .then(() =>\n    resolveAndRunAfterHooks.call(this, scenario.tags, state.feature.name)\n  )\n  .then(() => state.onFinishScenario(scenario));",
              "err": {
                "message": "Error: Step implementation missing for: user is on main landing page",
                "estack": "Error: Step implementation missing for: user is on main landing page\n    at Context.resolveAndRunStepDefinition (https://qa.perlego.com/__cypress/tests?p=cypress/integration/SearchResultPage.feature-322:25257:11)\n    at Object.<anonymous> (https://qa.perlego.com/__cypress/tests?p=cypress/integration/SearchResultPage.feature-322:24623:35)\n    at executeFn (https://qa.perlego.com/__cypress/tests?p=cypress/support/index.js-011:2351:22)\n    at Context.<anonymous> (https://qa.perlego.com/__cypress/tests?p=cypress/support/index.js-011:2364:12)",
                "diff": null
              },
              "uuid": "04382807-6efa-45e0-a8fb-e2b61a65bd95",
              "parentUUID": "27d7e6ac-3714-4a20-8f43-dcd3aef43e9d",
              "isHook": false,
              "skipped": false
            },
            {
              "title": "when on first or last page, previous or next arrows are disabled.",
              "fullTitle": "Tabs,book results and pagination when on first or last page, previous or next arrows are disabled.",
              "timedOut": null,
              "duration": 416,
              "state": "failed",
              "speed": null,
              "pass": false,
              "fail": true,
              "pending": false,
              "context": "\"assets/SearchResultPage.feature/Tabs,book results and pagination -- when on first or last page, previous or next arrows are disabled. (failed).png\"",
              "code": "const state = window.testState;\nreturn cy\n  .then(() => state.onStartScenario(scenario, indexedSteps))\n  .then(() =>\n    resolveAndRunBeforeHooks.call(this, scenario.tags, state.feature.name)\n  )\n  .then(() =>\n    indexedSteps.forEach(step => stepTest.call(this, state, step, rowData))\n  )\n  .then(() =>\n    resolveAndRunAfterHooks.call(this, scenario.tags, state.feature.name)\n  )\n  .then(() => state.onFinishScenario(scenario));",
              "err": {
                "message": "Error: Step implementation missing for: user is on main landing page",
                "estack": "Error: Step implementation missing for: user is on main landing page\n    at Context.resolveAndRunStepDefinition (https://qa.perlego.com/__cypress/tests?p=cypress/integration/SearchResultPage.feature-322:25257:11)\n    at Object.<anonymous> (https://qa.perlego.com/__cypress/tests?p=cypress/integration/SearchResultPage.feature-322:24623:35)\n    at executeFn (https://qa.perlego.com/__cypress/tests?p=cypress/support/index.js-011:2351:22)\n    at Context.<anonymous> (https://qa.perlego.com/__cypress/tests?p=cypress/support/index.js-011:2364:12)",
                "diff": null
              },
              "uuid": "c5c8bd3d-a7ef-4a73-8b71-38cc249bc0f2",
              "parentUUID": "27d7e6ac-3714-4a20-8f43-dcd3aef43e9d",
              "isHook": false,
              "skipped": false
            },
            {
              "title": "it is also possible to skip to a page, by entering your desired number in the skip to page element",
              "fullTitle": "Tabs,book results and pagination it is also possible to skip to a page, by entering your desired number in the skip to page element",
              "timedOut": null,
              "duration": 442,
              "state": "failed",
              "speed": null,
              "pass": false,
              "fail": true,
              "pending": false,
              "context": "\"assets/SearchResultPage.feature/Tabs,book results and pagination -- it is also possible to skip to a page, by entering your desired number in the skip to page element (failed).png\"",
              "code": "const state = window.testState;\nreturn cy\n  .then(() => state.onStartScenario(scenario, indexedSteps))\n  .then(() =>\n    resolveAndRunBeforeHooks.call(this, scenario.tags, state.feature.name)\n  )\n  .then(() =>\n    indexedSteps.forEach(step => stepTest.call(this, state, step, rowData))\n  )\n  .then(() =>\n    resolveAndRunAfterHooks.call(this, scenario.tags, state.feature.name)\n  )\n  .then(() => state.onFinishScenario(scenario));",
              "err": {
                "message": "Error: Step implementation missing for: user is on main landing page",
                "estack": "Error: Step implementation missing for: user is on main landing page\n    at Context.resolveAndRunStepDefinition (https://qa.perlego.com/__cypress/tests?p=cypress/integration/SearchResultPage.feature-322:25257:11)\n    at Object.<anonymous> (https://qa.perlego.com/__cypress/tests?p=cypress/integration/SearchResultPage.feature-322:24623:35)\n    at executeFn (https://qa.perlego.com/__cypress/tests?p=cypress/support/index.js-011:2351:22)\n    at Context.<anonymous> (https://qa.perlego.com/__cypress/tests?p=cypress/support/index.js-011:2364:12)",
                "diff": null
              },
              "uuid": "451eb8b6-03ca-4290-9c0a-a550fa4c6d7c",
              "parentUUID": "27d7e6ac-3714-4a20-8f43-dcd3aef43e9d",
              "isHook": false,
              "skipped": false
            },
            {
              "title": "No letter or special characters are allowed in Go to page box (example #1)",
              "fullTitle": "Tabs,book results and pagination No letter or special characters are allowed in Go to page box (example #1)",
              "timedOut": null,
              "duration": 386,
              "state": "failed",
              "speed": null,
              "pass": false,
              "fail": true,
              "pending": false,
              "context": "\"assets/SearchResultPage.feature/Tabs,book results and pagination -- No letter or special characters are allowed in Go to page box (example #1) (failed).png\"",
              "code": "const state = window.testState;\nreturn cy\n  .then(() => state.onStartScenario(scenario, indexedSteps))\n  .then(() =>\n    resolveAndRunBeforeHooks.call(this, scenario.tags, state.feature.name)\n  )\n  .then(() =>\n    indexedSteps.forEach(step => stepTest.call(this, state, step, rowData))\n  )\n  .then(() =>\n    resolveAndRunAfterHooks.call(this, scenario.tags, state.feature.name)\n  )\n  .then(() => state.onFinishScenario(scenario));",
              "err": {
                "message": "Error: Step implementation missing for: user is on main landing page",
                "estack": "Error: Step implementation missing for: user is on main landing page\n    at Context.resolveAndRunStepDefinition (https://qa.perlego.com/__cypress/tests?p=cypress/integration/SearchResultPage.feature-322:25257:11)\n    at Object.<anonymous> (https://qa.perlego.com/__cypress/tests?p=cypress/integration/SearchResultPage.feature-322:24623:35)\n    at executeFn (https://qa.perlego.com/__cypress/tests?p=cypress/support/index.js-011:2351:22)\n    at Context.<anonymous> (https://qa.perlego.com/__cypress/tests?p=cypress/support/index.js-011:2364:12)",
                "diff": null
              },
              "uuid": "a5715b78-3b04-4a1f-9d39-1ab4fb14a88e",
              "parentUUID": "27d7e6ac-3714-4a20-8f43-dcd3aef43e9d",
              "isHook": false,
              "skipped": false
            },
            {
              "title": "No letter or special characters are allowed in Go to page box (example #2)",
              "fullTitle": "Tabs,book results and pagination No letter or special characters are allowed in Go to page box (example #2)",
              "timedOut": null,
              "duration": 417,
              "state": "failed",
              "speed": null,
              "pass": false,
              "fail": true,
              "pending": false,
              "context": "\"assets/SearchResultPage.feature/Tabs,book results and pagination -- No letter or special characters are allowed in Go to page box (example #2) (failed).png\"",
              "code": "const state = window.testState;\nreturn cy\n  .then(() => state.onStartScenario(scenario, indexedSteps))\n  .then(() =>\n    resolveAndRunBeforeHooks.call(this, scenario.tags, state.feature.name)\n  )\n  .then(() =>\n    indexedSteps.forEach(step => stepTest.call(this, state, step, rowData))\n  )\n  .then(() =>\n    resolveAndRunAfterHooks.call(this, scenario.tags, state.feature.name)\n  )\n  .then(() => state.onFinishScenario(scenario));",
              "err": {
                "message": "Error: Step implementation missing for: user is on main landing page",
                "estack": "Error: Step implementation missing for: user is on main landing page\n    at Context.resolveAndRunStepDefinition (https://qa.perlego.com/__cypress/tests?p=cypress/integration/SearchResultPage.feature-322:25257:11)\n    at Object.<anonymous> (https://qa.perlego.com/__cypress/tests?p=cypress/integration/SearchResultPage.feature-322:24623:35)\n    at executeFn (https://qa.perlego.com/__cypress/tests?p=cypress/support/index.js-011:2351:22)\n    at Context.<anonymous> (https://qa.perlego.com/__cypress/tests?p=cypress/support/index.js-011:2364:12)",
                "diff": null
              },
              "uuid": "0eecdf6c-8bf2-4187-b3bc-a15794225f7f",
              "parentUUID": "27d7e6ac-3714-4a20-8f43-dcd3aef43e9d",
              "isHook": false,
              "skipped": false
            },
            {
              "title": "No letter or special characters are allowed in Go to page box (example #3)",
              "fullTitle": "Tabs,book results and pagination No letter or special characters are allowed in Go to page box (example #3)",
              "timedOut": null,
              "duration": 411,
              "state": "failed",
              "speed": null,
              "pass": false,
              "fail": true,
              "pending": false,
              "context": "\"assets/SearchResultPage.feature/Tabs,book results and pagination -- No letter or special characters are allowed in Go to page box (example #3) (failed).png\"",
              "code": "const state = window.testState;\nreturn cy\n  .then(() => state.onStartScenario(scenario, indexedSteps))\n  .then(() =>\n    resolveAndRunBeforeHooks.call(this, scenario.tags, state.feature.name)\n  )\n  .then(() =>\n    indexedSteps.forEach(step => stepTest.call(this, state, step, rowData))\n  )\n  .then(() =>\n    resolveAndRunAfterHooks.call(this, scenario.tags, state.feature.name)\n  )\n  .then(() => state.onFinishScenario(scenario));",
              "err": {
                "message": "Error: Step implementation missing for: user is on main landing page",
                "estack": "Error: Step implementation missing for: user is on main landing page\n    at Context.resolveAndRunStepDefinition (https://qa.perlego.com/__cypress/tests?p=cypress/integration/SearchResultPage.feature-322:25257:11)\n    at Object.<anonymous> (https://qa.perlego.com/__cypress/tests?p=cypress/integration/SearchResultPage.feature-322:24623:35)\n    at executeFn (https://qa.perlego.com/__cypress/tests?p=cypress/support/index.js-011:2351:22)\n    at Context.<anonymous> (https://qa.perlego.com/__cypress/tests?p=cypress/support/index.js-011:2364:12)",
                "diff": null
              },
              "uuid": "1d82edae-33fe-41f5-917b-b338b8730f62",
              "parentUUID": "27d7e6ac-3714-4a20-8f43-dcd3aef43e9d",
              "isHook": false,
              "skipped": false
            },
            {
              "title": "No letter or special characters are allowed in Go to page box (example #4)",
              "fullTitle": "Tabs,book results and pagination No letter or special characters are allowed in Go to page box (example #4)",
              "timedOut": null,
              "duration": 429,
              "state": "failed",
              "speed": null,
              "pass": false,
              "fail": true,
              "pending": false,
              "context": "\"assets/SearchResultPage.feature/Tabs,book results and pagination -- No letter or special characters are allowed in Go to page box (example #4) (failed).png\"",
              "code": "const state = window.testState;\nreturn cy\n  .then(() => state.onStartScenario(scenario, indexedSteps))\n  .then(() =>\n    resolveAndRunBeforeHooks.call(this, scenario.tags, state.feature.name)\n  )\n  .then(() =>\n    indexedSteps.forEach(step => stepTest.call(this, state, step, rowData))\n  )\n  .then(() =>\n    resolveAndRunAfterHooks.call(this, scenario.tags, state.feature.name)\n  )\n  .then(() => state.onFinishScenario(scenario));",
              "err": {
                "message": "Error: Step implementation missing for: user is on main landing page",
                "estack": "Error: Step implementation missing for: user is on main landing page\n    at Context.resolveAndRunStepDefinition (https://qa.perlego.com/__cypress/tests?p=cypress/integration/SearchResultPage.feature-322:25257:11)\n    at Object.<anonymous> (https://qa.perlego.com/__cypress/tests?p=cypress/integration/SearchResultPage.feature-322:24623:35)\n    at executeFn (https://qa.perlego.com/__cypress/tests?p=cypress/support/index.js-011:2351:22)\n    at Context.<anonymous> (https://qa.perlego.com/__cypress/tests?p=cypress/support/index.js-011:2364:12)",
                "diff": null
              },
              "uuid": "d5e35e38-e09c-4bdb-8ae4-afeecbf0f84b",
              "parentUUID": "27d7e6ac-3714-4a20-8f43-dcd3aef43e9d",
              "isHook": false,
              "skipped": false
            },
            {
              "title": "No letter or special characters are allowed in Go to page box (example #5)",
              "fullTitle": "Tabs,book results and pagination No letter or special characters are allowed in Go to page box (example #5)",
              "timedOut": null,
              "duration": 398,
              "state": "failed",
              "speed": null,
              "pass": false,
              "fail": true,
              "pending": false,
              "context": "\"assets/SearchResultPage.feature/Tabs,book results and pagination -- No letter or special characters are allowed in Go to page box (example #5) (failed).png\"",
              "code": "const state = window.testState;\nreturn cy\n  .then(() => state.onStartScenario(scenario, indexedSteps))\n  .then(() =>\n    resolveAndRunBeforeHooks.call(this, scenario.tags, state.feature.name)\n  )\n  .then(() =>\n    indexedSteps.forEach(step => stepTest.call(this, state, step, rowData))\n  )\n  .then(() =>\n    resolveAndRunAfterHooks.call(this, scenario.tags, state.feature.name)\n  )\n  .then(() => state.onFinishScenario(scenario));",
              "err": {
                "message": "Error: Step implementation missing for: user is on main landing page",
                "estack": "Error: Step implementation missing for: user is on main landing page\n    at Context.resolveAndRunStepDefinition (https://qa.perlego.com/__cypress/tests?p=cypress/integration/SearchResultPage.feature-322:25257:11)\n    at Object.<anonymous> (https://qa.perlego.com/__cypress/tests?p=cypress/integration/SearchResultPage.feature-322:24623:35)\n    at executeFn (https://qa.perlego.com/__cypress/tests?p=cypress/support/index.js-011:2351:22)\n    at Context.<anonymous> (https://qa.perlego.com/__cypress/tests?p=cypress/support/index.js-011:2364:12)",
                "diff": null
              },
              "uuid": "800a1175-7bdb-4d1c-8700-d8e47e0c5d8b",
              "parentUUID": "27d7e6ac-3714-4a20-8f43-dcd3aef43e9d",
              "isHook": false,
              "skipped": false
            },
            {
              "title": "Page number input field Focus states & Go button default behaviour",
              "fullTitle": "Tabs,book results and pagination Page number input field Focus states & Go button default behaviour",
              "timedOut": null,
              "duration": 389,
              "state": "failed",
              "speed": null,
              "pass": false,
              "fail": true,
              "pending": false,
              "context": "\"assets/SearchResultPage.feature/Tabs,book results and pagination -- Page number input field Focus states & Go button default behaviour (failed).png\"",
              "code": "const state = window.testState;\nreturn cy\n  .then(() => state.onStartScenario(scenario, indexedSteps))\n  .then(() =>\n    resolveAndRunBeforeHooks.call(this, scenario.tags, state.feature.name)\n  )\n  .then(() =>\n    indexedSteps.forEach(step => stepTest.call(this, state, step, rowData))\n  )\n  .then(() =>\n    resolveAndRunAfterHooks.call(this, scenario.tags, state.feature.name)\n  )\n  .then(() => state.onFinishScenario(scenario));",
              "err": {
                "message": "Error: Step implementation missing for: user is on main landing page",
                "estack": "Error: Step implementation missing for: user is on main landing page\n    at Context.resolveAndRunStepDefinition (https://qa.perlego.com/__cypress/tests?p=cypress/integration/SearchResultPage.feature-322:25257:11)\n    at Object.<anonymous> (https://qa.perlego.com/__cypress/tests?p=cypress/integration/SearchResultPage.feature-322:24623:35)\n    at executeFn (https://qa.perlego.com/__cypress/tests?p=cypress/support/index.js-011:2351:22)\n    at Context.<anonymous> (https://qa.perlego.com/__cypress/tests?p=cypress/support/index.js-011:2364:12)",
                "diff": null
              },
              "uuid": "9bda3f7e-cf50-428f-9907-08d79ec2e594",
              "parentUUID": "27d7e6ac-3714-4a20-8f43-dcd3aef43e9d",
              "isHook": false,
              "skipped": false
            },
            {
              "title": "when clicking on a book, the book page must open in the same browser tab, and it must be possible to go back to the correct search result tab and page",
              "fullTitle": "Tabs,book results and pagination when clicking on a book, the book page must open in the same browser tab, and it must be possible to go back to the correct search result tab and page",
              "timedOut": null,
              "duration": 383,
              "state": "failed",
              "speed": null,
              "pass": false,
              "fail": true,
              "pending": false,
              "context": "\"assets/SearchResultPage.feature/Tabs,book results and pagination -- when clicking on a book, the book page must open in the same browser tab, and it must be possible to go back to the correct search result tab and page (failed).png\"",
              "code": "const state = window.testState;\nreturn cy\n  .then(() => state.onStartScenario(scenario, indexedSteps))\n  .then(() =>\n    resolveAndRunBeforeHooks.call(this, scenario.tags, state.feature.name)\n  )\n  .then(() =>\n    indexedSteps.forEach(step => stepTest.call(this, state, step, rowData))\n  )\n  .then(() =>\n    resolveAndRunAfterHooks.call(this, scenario.tags, state.feature.name)\n  )\n  .then(() => state.onFinishScenario(scenario));",
              "err": {
                "message": "Error: Step implementation missing for: user is on main landing page",
                "estack": "Error: Step implementation missing for: user is on main landing page\n    at Context.resolveAndRunStepDefinition (https://qa.perlego.com/__cypress/tests?p=cypress/integration/SearchResultPage.feature-322:25257:11)\n    at Object.<anonymous> (https://qa.perlego.com/__cypress/tests?p=cypress/integration/SearchResultPage.feature-322:24623:35)\n    at executeFn (https://qa.perlego.com/__cypress/tests?p=cypress/support/index.js-011:2351:22)\n    at Context.<anonymous> (https://qa.perlego.com/__cypress/tests?p=cypress/support/index.js-011:2364:12)",
                "diff": null
              },
              "uuid": "3083acb3-8e1e-4407-bf4c-f92b586be00b",
              "parentUUID": "27d7e6ac-3714-4a20-8f43-dcd3aef43e9d",
              "isHook": false,
              "skipped": false
            },
            {
              "title": "page contains text/title of search result",
              "fullTitle": "Tabs,book results and pagination page contains text/title of search result",
              "timedOut": null,
              "duration": 426,
              "state": "failed",
              "speed": null,
              "pass": false,
              "fail": true,
              "pending": false,
              "context": "\"assets/SearchResultPage.feature/Tabs,book results and pagination -- page contains text/title of search result (failed).png\"",
              "code": "const state = window.testState;\nreturn cy\n  .then(() => state.onStartScenario(scenario, indexedSteps))\n  .then(() =>\n    resolveAndRunBeforeHooks.call(this, scenario.tags, state.feature.name)\n  )\n  .then(() =>\n    indexedSteps.forEach(step => stepTest.call(this, state, step, rowData))\n  )\n  .then(() =>\n    resolveAndRunAfterHooks.call(this, scenario.tags, state.feature.name)\n  )\n  .then(() => state.onFinishScenario(scenario));",
              "err": {
                "message": "Error: Step implementation missing for: user is on main landing page",
                "estack": "Error: Step implementation missing for: user is on main landing page\n    at Context.resolveAndRunStepDefinition (https://qa.perlego.com/__cypress/tests?p=cypress/integration/SearchResultPage.feature-322:25257:11)\n    at Object.<anonymous> (https://qa.perlego.com/__cypress/tests?p=cypress/integration/SearchResultPage.feature-322:24623:35)\n    at executeFn (https://qa.perlego.com/__cypress/tests?p=cypress/support/index.js-011:2351:22)\n    at Context.<anonymous> (https://qa.perlego.com/__cypress/tests?p=cypress/support/index.js-011:2364:12)",
                "diff": null
              },
              "uuid": "a2e7b065-fa5d-40af-b9b4-0cbc7ce97da3",
              "parentUUID": "27d7e6ac-3714-4a20-8f43-dcd3aef43e9d",
              "isHook": false,
              "skipped": false
            },
            {
              "title": "total number of results for that tab and for the current search keyword",
              "fullTitle": "Tabs,book results and pagination total number of results for that tab and for the current search keyword",
              "timedOut": null,
              "duration": 381,
              "state": "failed",
              "speed": null,
              "pass": false,
              "fail": true,
              "pending": false,
              "context": "\"assets/SearchResultPage.feature/Tabs,book results and pagination -- total number of results for that tab and for the current search keyword (failed).png\"",
              "code": "const state = window.testState;\nreturn cy\n  .then(() => state.onStartScenario(scenario, indexedSteps))\n  .then(() =>\n    resolveAndRunBeforeHooks.call(this, scenario.tags, state.feature.name)\n  )\n  .then(() =>\n    indexedSteps.forEach(step => stepTest.call(this, state, step, rowData))\n  )\n  .then(() =>\n    resolveAndRunAfterHooks.call(this, scenario.tags, state.feature.name)\n  )\n  .then(() => state.onFinishScenario(scenario));",
              "err": {
                "message": "Error: Step implementation missing for: user is on main landing page",
                "estack": "Error: Step implementation missing for: user is on main landing page\n    at Context.resolveAndRunStepDefinition (https://qa.perlego.com/__cypress/tests?p=cypress/integration/SearchResultPage.feature-322:25257:11)\n    at Object.<anonymous> (https://qa.perlego.com/__cypress/tests?p=cypress/integration/SearchResultPage.feature-322:24623:35)\n    at executeFn (https://qa.perlego.com/__cypress/tests?p=cypress/support/index.js-011:2351:22)\n    at Context.<anonymous> (https://qa.perlego.com/__cypress/tests?p=cypress/support/index.js-011:2364:12)",
                "diff": null
              },
              "uuid": "00abb481-de0c-4152-8d95-d6fd59b8dcf9",
              "parentUUID": "27d7e6ac-3714-4a20-8f43-dcd3aef43e9d",
              "isHook": false,
              "skipped": false
            },
            {
              "title": "Apply geofiltering to book search results",
              "fullTitle": "Tabs,book results and pagination Apply geofiltering to book search results",
              "timedOut": null,
              "duration": 385,
              "state": "failed",
              "speed": null,
              "pass": false,
              "fail": true,
              "pending": false,
              "context": "\"assets/SearchResultPage.feature/Tabs,book results and pagination -- Apply geofiltering to book search results (failed).png\"",
              "code": "const state = window.testState;\nreturn cy\n  .then(() => state.onStartScenario(scenario, indexedSteps))\n  .then(() =>\n    resolveAndRunBeforeHooks.call(this, scenario.tags, state.feature.name)\n  )\n  .then(() =>\n    indexedSteps.forEach(step => stepTest.call(this, state, step, rowData))\n  )\n  .then(() =>\n    resolveAndRunAfterHooks.call(this, scenario.tags, state.feature.name)\n  )\n  .then(() => state.onFinishScenario(scenario));",
              "err": {
                "message": "Error: Step implementation missing for: user is on main landing page",
                "estack": "Error: Step implementation missing for: user is on main landing page\n    at Context.resolveAndRunStepDefinition (https://qa.perlego.com/__cypress/tests?p=cypress/integration/SearchResultPage.feature-322:25257:11)\n    at Object.<anonymous> (https://qa.perlego.com/__cypress/tests?p=cypress/integration/SearchResultPage.feature-322:24623:35)\n    at executeFn (https://qa.perlego.com/__cypress/tests?p=cypress/support/index.js-011:2351:22)\n    at Context.<anonymous> (https://qa.perlego.com/__cypress/tests?p=cypress/support/index.js-011:2364:12)",
                "diff": null
              },
              "uuid": "9b256cd8-2402-436a-ab33-25f1f0d809ca",
              "parentUUID": "27d7e6ac-3714-4a20-8f43-dcd3aef43e9d",
              "isHook": false,
              "skipped": false
            }
          ],
          "suites": [],
          "passes": [],
          "failures": [
            "c9fb1a07-a09e-4a31-9dfe-958202e196f5",
            "c0819757-38e0-41cc-8789-1eed5b0f0ff0",
            "dd63c91a-7ea7-4d14-945a-58367e324ddc",
            "418b420f-245c-4904-b667-4aeaf92d778e",
            "0dbd081f-1ca4-49ff-81c4-9005287c56dd",
            "f2595b13-0f45-4b26-a168-8867c152dea2",
            "79f2608d-0036-49e6-bcac-a16c503fc09c",
            "3c3d207d-7877-4cc2-80b8-b92b752f1d06",
            "175b16af-ed0a-4778-aee4-4abd3f935b79",
            "8adea9a2-5623-42b9-a218-caa18686c682",
            "6fe72208-d4d3-4814-b8cf-09b3be31b2c9",
            "530e422c-e026-4726-8c8b-da769c24b234",
            "4b1b6ad2-7016-44e6-9256-ebea399ca429",
            "58c49adb-6a68-45bb-ba7e-05f2879698eb",
            "4d87bfa6-4112-4c55-8411-05734175ba25",
            "b1e0b781-b287-4ffe-9dc6-6844a5b9cd7d",
            "a2fefa78-5061-4776-bf82-214f0ea32076",
            "7b67947c-1ac7-4f96-a6e3-47709c858cd4",
            "a972f638-3455-4e97-beef-bd02e3952778",
            "77e51cdc-0116-44f1-89a5-edfc304d2ec0",
            "3543e1ef-383f-4f46-8bad-d6f7d395d38e",
            "2c2a214a-64c7-4747-9145-aac83fa9d650",
            "e4abd562-531b-4a3b-8827-f4be610b9da4",
            "12167f67-c8db-4a1c-8cce-a6cad8535810",
            "04382807-6efa-45e0-a8fb-e2b61a65bd95",
            "c5c8bd3d-a7ef-4a73-8b71-38cc249bc0f2",
            "451eb8b6-03ca-4290-9c0a-a550fa4c6d7c",
            "a5715b78-3b04-4a1f-9d39-1ab4fb14a88e",
            "0eecdf6c-8bf2-4187-b3bc-a15794225f7f",
            "1d82edae-33fe-41f5-917b-b338b8730f62",
            "d5e35e38-e09c-4bdb-8ae4-afeecbf0f84b",
            "800a1175-7bdb-4d1c-8700-d8e47e0c5d8b",
            "9bda3f7e-cf50-428f-9907-08d79ec2e594",
            "3083acb3-8e1e-4407-bf4c-f92b586be00b",
            "a2e7b065-fa5d-40af-b9b4-0cbc7ce97da3",
            "00abb481-de0c-4152-8d95-d6fd59b8dcf9",
            "9b256cd8-2402-436a-ab33-25f1f0d809ca"
          ],
          "pending": [],
          "skipped": [],
          "duration": 14807,
          "root": false,
          "rootEmpty": false,
          "_timeout": 2000
        }
      ],
      "passes": [],
      "failures": [],
      "pending": [],
      "skipped": [],
      "duration": 0,
      "root": true,
      "rootEmpty": true,
      "_timeout": 2000
    }
  ],
  "meta": {
    "mocha": {
      "version": "5.2.0"
    },
    "mochawesome": {
      "options": {
        "quiet": false,
        "reportFilename": "mochawesome",
        "saveHtml": true,
        "saveJson": true,
        "consoleReporter": "spec",
        "useInlineDiffs": false
      },
      "version": "4.1.0"
    },
    "marge": {
      "options": {
        "reportDir": "mochawesome-report",
        "overwrite": false,
        "html": true,
        "json": true,
        "timestamp": "mmddyyyy_HHMMss"
      },
      "version": "4.1.0"
    }
  }
}