{
  "stats": {
    "suites": 1,
    "tests": 1,
    "passes": 0,
    "pending": 0,
    "failures": 1,
    "start": "2020-02-17T12:19:57.872Z",
    "end": "2020-02-17T12:20:00.610Z",
    "duration": 2738,
    "testsRegistered": 1,
    "passPercent": 0,
    "pendingPercent": 0,
    "other": 0,
    "hasOther": false,
    "skipped": 0,
    "hasSkipped": false
  },
  "results": [
    {
      "uuid": "0141d392-9051-4a93-9a24-1b64c400c8f2",
      "title": "",
      "fullFile": "cypress/integration/PricingPage.feature",
      "file": "cypress/integration/PricingPage.feature",
      "beforeHooks": [],
      "afterHooks": [],
      "tests": [],
      "suites": [
        {
          "uuid": "b020e0a2-b9f5-42cd-a539-c4739b1df537",
          "title": "Pricing Page",
          "fullFile": "",
          "file": "",
          "beforeHooks": [],
          "afterHooks": [],
          "tests": [
            {
              "title": "Monthly and Annual plans",
              "fullTitle": "Pricing Page Monthly and Annual plans",
              "timedOut": null,
              "duration": 2678,
              "state": "failed",
              "speed": null,
              "pass": false,
              "fail": true,
              "pending": false,
              "context": "\"assets/PricingPage.feature/Pricing Page -- Monthly and Annual plans (failed).png\"",
              "code": "const state = window.testState;\nreturn cy\n  .then(() => state.onStartScenario(scenario, indexedSteps))\n  .then(() =>\n    resolveAndRunBeforeHooks.call(this, scenario.tags, state.feature.name)\n  )\n  .then(() =>\n    indexedSteps.forEach(step => stepTest.call(this, state, step, rowData))\n  )\n  .then(() =>\n    resolveAndRunAfterHooks.call(this, scenario.tags, state.feature.name)\n  )\n  .then(() => state.onFinishScenario(scenario));",
              "err": {
                "message": "TypeError: pricingPageObjects.getMonthlyPlanText(...).text(...).shouldd is not a function",
                "estack": "TypeError: pricingPageObjects.getMonthlyPlanText(...).text(...).shouldd is not a function\n    at Context.<anonymous> (https://qa.perlego.com/__cypress/tests?p=cypress/integration/PricingPage.feature-509:659:52)\n    at Context.resolveAndRunStepDefinition (https://qa.perlego.com/__cypress/tests?p=cypress/integration/PricingPage.feature-509:25254:9)\n    at Object.<anonymous> (https://qa.perlego.com/__cypress/tests?p=cypress/integration/PricingPage.feature-509:24623:35)\n    at executeFn (https://qa.perlego.com/__cypress/tests?p=cypress/support/index.js-336:2351:22)\n    at Context.<anonymous> (https://qa.perlego.com/__cypress/tests?p=cypress/support/index.js-336:2364:12)",
                "diff": null
              },
              "uuid": "0427274d-f0df-42c2-bd5b-a03b1cc7e21d",
              "parentUUID": "b020e0a2-b9f5-42cd-a539-c4739b1df537",
              "isHook": false,
              "skipped": false
            }
          ],
          "suites": [],
          "passes": [],
          "failures": [
            "0427274d-f0df-42c2-bd5b-a03b1cc7e21d"
          ],
          "pending": [],
          "skipped": [],
          "duration": 2678,
          "root": false,
          "rootEmpty": false,
          "_timeout": 2000
        }
      ],
      "passes": [],
      "failures": [],
      "pending": [],
      "skipped": [],
      "duration": 0,
      "root": true,
      "rootEmpty": true,
      "_timeout": 2000
    }
  ],
  "meta": {
    "mocha": {
      "version": "5.2.0"
    },
    "mochawesome": {
      "options": {
        "quiet": false,
        "reportFilename": "mochawesome",
        "saveHtml": true,
        "saveJson": true,
        "consoleReporter": "spec",
        "useInlineDiffs": false
      },
      "version": "4.1.0"
    },
    "marge": {
      "options": {
        "reportDir": "mochawesome-report",
        "overwrite": false,
        "html": true,
        "json": true,
        "timestamp": "mmddyyyy_HHMMss"
      },
      "version": "4.1.0"
    }
  }
}