{
  "stats": {
    "suites": 1,
    "tests": 52,
    "passes": 0,
    "pending": 0,
    "failures": 52,
    "start": "2020-02-17T12:17:48.043Z",
    "end": "2020-02-17T12:18:11.083Z",
    "duration": 23040,
    "testsRegistered": 52,
    "passPercent": 0,
    "pendingPercent": 0,
    "other": 0,
    "hasOther": false,
    "skipped": 0,
    "hasSkipped": false
  },
  "results": [
    {
      "uuid": "79ce7479-c684-44cd-befe-70488037542f",
      "title": "",
      "fullFile": "cypress/integration/BookPage.feature",
      "file": "cypress/integration/BookPage.feature",
      "beforeHooks": [],
      "afterHooks": [],
      "tests": [],
      "suites": [
        {
          "uuid": "602449e8-332f-41e7-a4ae-c0047937b320",
          "title": "Book Page",
          "fullFile": "",
          "file": "",
          "beforeHooks": [],
          "afterHooks": [],
          "tests": [
            {
              "title": "Main header bar elements for the book page when user is not logged in.",
              "fullTitle": "Book Page Main header bar elements for the book page when user is not logged in.",
              "timedOut": null,
              "duration": 431,
              "state": "failed",
              "speed": null,
              "pass": false,
              "fail": true,
              "pending": false,
              "context": "\"assets/BookPage.feature/Book Page -- Main header bar elements for the book page when user is not logged in. (failed).png\"",
              "code": "const state = window.testState;\nreturn cy\n  .then(() => state.onStartScenario(scenario, indexedSteps))\n  .then(() =>\n    resolveAndRunBeforeHooks.call(this, scenario.tags, state.feature.name)\n  )\n  .then(() =>\n    indexedSteps.forEach(step => stepTest.call(this, state, step, rowData))\n  )\n  .then(() =>\n    resolveAndRunAfterHooks.call(this, scenario.tags, state.feature.name)\n  )\n  .then(() => state.onFinishScenario(scenario));",
              "err": {
                "message": "Error: Step implementation missing for: user is on any book page",
                "estack": "Error: Step implementation missing for: user is on any book page\n    at Context.resolveAndRunStepDefinition (https://qa.perlego.com/__cypress/tests?p=cypress/integration/BookPage.feature-917:25257:11)\n    at Object.<anonymous> (https://qa.perlego.com/__cypress/tests?p=cypress/integration/BookPage.feature-917:24623:35)\n    at executeFn (https://qa.perlego.com/__cypress/tests?p=cypress/support/index.js-956:2351:22)\n    at Context.<anonymous> (https://qa.perlego.com/__cypress/tests?p=cypress/support/index.js-956:2364:12)",
                "diff": null
              },
              "uuid": "498feb7c-0926-4cfb-a0e0-1c6acfd4ed9f",
              "parentUUID": "602449e8-332f-41e7-a4ae-c0047937b320",
              "isHook": false,
              "skipped": false
            },
            {
              "title": "The top section of the book page",
              "fullTitle": "Book Page The top section of the book page",
              "timedOut": null,
              "duration": 404,
              "state": "failed",
              "speed": null,
              "pass": false,
              "fail": true,
              "pending": false,
              "context": "\"assets/BookPage.feature/Book Page -- The top section of the book page (failed).png\"",
              "code": "const state = window.testState;\nreturn cy\n  .then(() => state.onStartScenario(scenario, indexedSteps))\n  .then(() =>\n    resolveAndRunBeforeHooks.call(this, scenario.tags, state.feature.name)\n  )\n  .then(() =>\n    indexedSteps.forEach(step => stepTest.call(this, state, step, rowData))\n  )\n  .then(() =>\n    resolveAndRunAfterHooks.call(this, scenario.tags, state.feature.name)\n  )\n  .then(() => state.onFinishScenario(scenario));",
              "err": {
                "message": "Error: Step implementation missing for: user is on any book page",
                "estack": "Error: Step implementation missing for: user is on any book page\n    at Context.resolveAndRunStepDefinition (https://qa.perlego.com/__cypress/tests?p=cypress/integration/BookPage.feature-917:25257:11)\n    at Object.<anonymous> (https://qa.perlego.com/__cypress/tests?p=cypress/integration/BookPage.feature-917:24623:35)\n    at executeFn (https://qa.perlego.com/__cypress/tests?p=cypress/support/index.js-956:2351:22)\n    at Context.<anonymous> (https://qa.perlego.com/__cypress/tests?p=cypress/support/index.js-956:2364:12)",
                "diff": null
              },
              "uuid": "9c5b9fea-1cf0-4b6d-a4bb-889e25a52f4a",
              "parentUUID": "602449e8-332f-41e7-a4ae-c0047937b320",
              "isHook": false,
              "skipped": false
            },
            {
              "title": "Breadcrumbs should be displayed above the book cover",
              "fullTitle": "Book Page Breadcrumbs should be displayed above the book cover",
              "timedOut": null,
              "duration": 404,
              "state": "failed",
              "speed": null,
              "pass": false,
              "fail": true,
              "pending": false,
              "context": "\"assets/BookPage.feature/Book Page -- Breadcrumbs should be displayed above the book cover (failed).png\"",
              "code": "const state = window.testState;\nreturn cy\n  .then(() => state.onStartScenario(scenario, indexedSteps))\n  .then(() =>\n    resolveAndRunBeforeHooks.call(this, scenario.tags, state.feature.name)\n  )\n  .then(() =>\n    indexedSteps.forEach(step => stepTest.call(this, state, step, rowData))\n  )\n  .then(() =>\n    resolveAndRunAfterHooks.call(this, scenario.tags, state.feature.name)\n  )\n  .then(() => state.onFinishScenario(scenario));",
              "err": {
                "message": "Error: Step implementation missing for: user is on any book page",
                "estack": "Error: Step implementation missing for: user is on any book page\n    at Context.resolveAndRunStepDefinition (https://qa.perlego.com/__cypress/tests?p=cypress/integration/BookPage.feature-917:25257:11)\n    at Object.<anonymous> (https://qa.perlego.com/__cypress/tests?p=cypress/integration/BookPage.feature-917:24623:35)\n    at executeFn (https://qa.perlego.com/__cypress/tests?p=cypress/support/index.js-956:2351:22)\n    at Context.<anonymous> (https://qa.perlego.com/__cypress/tests?p=cypress/support/index.js-956:2364:12)",
                "diff": null
              },
              "uuid": "6d3aa9c3-2101-4305-9948-cc7170543198",
              "parentUUID": "602449e8-332f-41e7-a4ae-c0047937b320",
              "isHook": false,
              "skipped": false
            },
            {
              "title": "Breadcrumbs should be displayed when user navigates to book page from main landing page",
              "fullTitle": "Book Page Breadcrumbs should be displayed when user navigates to book page from main landing page",
              "timedOut": null,
              "duration": 424,
              "state": "failed",
              "speed": null,
              "pass": false,
              "fail": true,
              "pending": false,
              "context": "\"assets/BookPage.feature/Book Page -- Breadcrumbs should be displayed when user navigates to book page from main landing page (failed).png\"",
              "code": "const state = window.testState;\nreturn cy\n  .then(() => state.onStartScenario(scenario, indexedSteps))\n  .then(() =>\n    resolveAndRunBeforeHooks.call(this, scenario.tags, state.feature.name)\n  )\n  .then(() =>\n    indexedSteps.forEach(step => stepTest.call(this, state, step, rowData))\n  )\n  .then(() =>\n    resolveAndRunAfterHooks.call(this, scenario.tags, state.feature.name)\n  )\n  .then(() => state.onFinishScenario(scenario));",
              "err": {
                "message": "Error: Step implementation missing for: user is on main landing page",
                "estack": "Error: Step implementation missing for: user is on main landing page\n    at Context.resolveAndRunStepDefinition (https://qa.perlego.com/__cypress/tests?p=cypress/integration/BookPage.feature-917:25257:11)\n    at Object.<anonymous> (https://qa.perlego.com/__cypress/tests?p=cypress/integration/BookPage.feature-917:24623:35)\n    at executeFn (https://qa.perlego.com/__cypress/tests?p=cypress/support/index.js-956:2351:22)\n    at Context.<anonymous> (https://qa.perlego.com/__cypress/tests?p=cypress/support/index.js-956:2364:12)",
                "diff": null
              },
              "uuid": "99f4afe3-8cae-4316-9002-dd02391b109d",
              "parentUUID": "602449e8-332f-41e7-a4ae-c0047937b320",
              "isHook": false,
              "skipped": false
            },
            {
              "title": "Navigate to book page from search result (example #1)",
              "fullTitle": "Book Page Navigate to book page from search result (example #1)",
              "timedOut": null,
              "duration": 430,
              "state": "failed",
              "speed": null,
              "pass": false,
              "fail": true,
              "pending": false,
              "context": "\"assets/BookPage.feature/Book Page -- Navigate to book page from search result (example #1) (failed).png\"",
              "code": "const state = window.testState;\nreturn cy\n  .then(() => state.onStartScenario(scenario, indexedSteps))\n  .then(() =>\n    resolveAndRunBeforeHooks.call(this, scenario.tags, state.feature.name)\n  )\n  .then(() =>\n    indexedSteps.forEach(step => stepTest.call(this, state, step, rowData))\n  )\n  .then(() =>\n    resolveAndRunAfterHooks.call(this, scenario.tags, state.feature.name)\n  )\n  .then(() => state.onFinishScenario(scenario));",
              "err": {
                "message": "Error: Step implementation missing for: user is on main landing page",
                "estack": "Error: Step implementation missing for: user is on main landing page\n    at Context.resolveAndRunStepDefinition (https://qa.perlego.com/__cypress/tests?p=cypress/integration/BookPage.feature-917:25257:11)\n    at Object.<anonymous> (https://qa.perlego.com/__cypress/tests?p=cypress/integration/BookPage.feature-917:24623:35)\n    at executeFn (https://qa.perlego.com/__cypress/tests?p=cypress/support/index.js-956:2351:22)\n    at Context.<anonymous> (https://qa.perlego.com/__cypress/tests?p=cypress/support/index.js-956:2364:12)",
                "diff": null
              },
              "uuid": "2ae12cfb-51da-455f-a281-33185e9142a7",
              "parentUUID": "602449e8-332f-41e7-a4ae-c0047937b320",
              "isHook": false,
              "skipped": false
            },
            {
              "title": "Navigate to book page from or browse by, topics",
              "fullTitle": "Book Page Navigate to book page from or browse by, topics",
              "timedOut": null,
              "duration": 372,
              "state": "failed",
              "speed": null,
              "pass": false,
              "fail": true,
              "pending": false,
              "context": "\"assets/BookPage.feature/Book Page -- Navigate to book page from or browse by, topics (failed).png\"",
              "code": "const state = window.testState;\nreturn cy\n  .then(() => state.onStartScenario(scenario, indexedSteps))\n  .then(() =>\n    resolveAndRunBeforeHooks.call(this, scenario.tags, state.feature.name)\n  )\n  .then(() =>\n    indexedSteps.forEach(step => stepTest.call(this, state, step, rowData))\n  )\n  .then(() =>\n    resolveAndRunAfterHooks.call(this, scenario.tags, state.feature.name)\n  )\n  .then(() => state.onFinishScenario(scenario));",
              "err": {
                "message": "Error: Step implementation missing for: user is on main landing page",
                "estack": "Error: Step implementation missing for: user is on main landing page\n    at Context.resolveAndRunStepDefinition (https://qa.perlego.com/__cypress/tests?p=cypress/integration/BookPage.feature-917:25257:11)\n    at Object.<anonymous> (https://qa.perlego.com/__cypress/tests?p=cypress/integration/BookPage.feature-917:24623:35)\n    at executeFn (https://qa.perlego.com/__cypress/tests?p=cypress/support/index.js-956:2351:22)\n    at Context.<anonymous> (https://qa.perlego.com/__cypress/tests?p=cypress/support/index.js-956:2364:12)",
                "diff": null
              },
              "uuid": "2dbbd372-5be5-4bbd-a1fd-58d9f16a5880",
              "parentUUID": "602449e8-332f-41e7-a4ae-c0047937b320",
              "isHook": false,
              "skipped": false
            },
            {
              "title": "Navigate to book page from or browse by, Reading lists",
              "fullTitle": "Book Page Navigate to book page from or browse by, Reading lists",
              "timedOut": null,
              "duration": 399,
              "state": "failed",
              "speed": null,
              "pass": false,
              "fail": true,
              "pending": false,
              "context": "\"assets/BookPage.feature/Book Page -- Navigate to book page from or browse by, Reading lists (failed).png\"",
              "code": "const state = window.testState;\nreturn cy\n  .then(() => state.onStartScenario(scenario, indexedSteps))\n  .then(() =>\n    resolveAndRunBeforeHooks.call(this, scenario.tags, state.feature.name)\n  )\n  .then(() =>\n    indexedSteps.forEach(step => stepTest.call(this, state, step, rowData))\n  )\n  .then(() =>\n    resolveAndRunAfterHooks.call(this, scenario.tags, state.feature.name)\n  )\n  .then(() => state.onFinishScenario(scenario));",
              "err": {
                "message": "Error: Step implementation missing for: user is on main landing page",
                "estack": "Error: Step implementation missing for: user is on main landing page\n    at Context.resolveAndRunStepDefinition (https://qa.perlego.com/__cypress/tests?p=cypress/integration/BookPage.feature-917:25257:11)\n    at Object.<anonymous> (https://qa.perlego.com/__cypress/tests?p=cypress/integration/BookPage.feature-917:24623:35)\n    at executeFn (https://qa.perlego.com/__cypress/tests?p=cypress/support/index.js-956:2351:22)\n    at Context.<anonymous> (https://qa.perlego.com/__cypress/tests?p=cypress/support/index.js-956:2364:12)",
                "diff": null
              },
              "uuid": "29945e77-d549-45b8-b737-c166ab394e28",
              "parentUUID": "602449e8-332f-41e7-a4ae-c0047937b320",
              "isHook": false,
              "skipped": false
            },
            {
              "title": "Navigate to book page from or browse by, Publisher",
              "fullTitle": "Book Page Navigate to book page from or browse by, Publisher",
              "timedOut": null,
              "duration": 417,
              "state": "failed",
              "speed": null,
              "pass": false,
              "fail": true,
              "pending": false,
              "context": "\"assets/BookPage.feature/Book Page -- Navigate to book page from or browse by, Publisher (failed).png\"",
              "code": "const state = window.testState;\nreturn cy\n  .then(() => state.onStartScenario(scenario, indexedSteps))\n  .then(() =>\n    resolveAndRunBeforeHooks.call(this, scenario.tags, state.feature.name)\n  )\n  .then(() =>\n    indexedSteps.forEach(step => stepTest.call(this, state, step, rowData))\n  )\n  .then(() =>\n    resolveAndRunAfterHooks.call(this, scenario.tags, state.feature.name)\n  )\n  .then(() => state.onFinishScenario(scenario));",
              "err": {
                "message": "Error: Step implementation missing for: user is on main landing page",
                "estack": "Error: Step implementation missing for: user is on main landing page\n    at Context.resolveAndRunStepDefinition (https://qa.perlego.com/__cypress/tests?p=cypress/integration/BookPage.feature-917:25257:11)\n    at Object.<anonymous> (https://qa.perlego.com/__cypress/tests?p=cypress/integration/BookPage.feature-917:24623:35)\n    at executeFn (https://qa.perlego.com/__cypress/tests?p=cypress/support/index.js-956:2351:22)\n    at Context.<anonymous> (https://qa.perlego.com/__cypress/tests?p=cypress/support/index.js-956:2364:12)",
                "diff": null
              },
              "uuid": "ef83315b-7f83-4d0a-b33c-660543e9e217",
              "parentUUID": "602449e8-332f-41e7-a4ae-c0047937b320",
              "isHook": false,
              "skipped": false
            },
            {
              "title": "Sequence of breadcrumbs above book cover for search result (example #1)",
              "fullTitle": "Book Page Sequence of breadcrumbs above book cover for search result (example #1)",
              "timedOut": null,
              "duration": 373,
              "state": "failed",
              "speed": null,
              "pass": false,
              "fail": true,
              "pending": false,
              "context": "\"assets/BookPage.feature/Book Page -- Sequence of breadcrumbs above book cover for search result (example #1) (failed).png\"",
              "code": "const state = window.testState;\nreturn cy\n  .then(() => state.onStartScenario(scenario, indexedSteps))\n  .then(() =>\n    resolveAndRunBeforeHooks.call(this, scenario.tags, state.feature.name)\n  )\n  .then(() =>\n    indexedSteps.forEach(step => stepTest.call(this, state, step, rowData))\n  )\n  .then(() =>\n    resolveAndRunAfterHooks.call(this, scenario.tags, state.feature.name)\n  )\n  .then(() => state.onFinishScenario(scenario));",
              "err": {
                "message": "Error: Step implementation missing for: user is on main landing page",
                "estack": "Error: Step implementation missing for: user is on main landing page\n    at Context.resolveAndRunStepDefinition (https://qa.perlego.com/__cypress/tests?p=cypress/integration/BookPage.feature-917:25257:11)\n    at Object.<anonymous> (https://qa.perlego.com/__cypress/tests?p=cypress/integration/BookPage.feature-917:24623:35)\n    at executeFn (https://qa.perlego.com/__cypress/tests?p=cypress/support/index.js-956:2351:22)\n    at Context.<anonymous> (https://qa.perlego.com/__cypress/tests?p=cypress/support/index.js-956:2364:12)",
                "diff": null
              },
              "uuid": "11731325-ede8-4a65-b987-eafec2eae063",
              "parentUUID": "602449e8-332f-41e7-a4ae-c0047937b320",
              "isHook": false,
              "skipped": false
            },
            {
              "title": "On breadcrumbs topic link is clickable",
              "fullTitle": "Book Page On breadcrumbs topic link is clickable",
              "timedOut": null,
              "duration": 409,
              "state": "failed",
              "speed": null,
              "pass": false,
              "fail": true,
              "pending": false,
              "context": "\"assets/BookPage.feature/Book Page -- On breadcrumbs topic link is clickable (failed).png\"",
              "code": "const state = window.testState;\nreturn cy\n  .then(() => state.onStartScenario(scenario, indexedSteps))\n  .then(() =>\n    resolveAndRunBeforeHooks.call(this, scenario.tags, state.feature.name)\n  )\n  .then(() =>\n    indexedSteps.forEach(step => stepTest.call(this, state, step, rowData))\n  )\n  .then(() =>\n    resolveAndRunAfterHooks.call(this, scenario.tags, state.feature.name)\n  )\n  .then(() => state.onFinishScenario(scenario));",
              "err": {
                "message": "Error: Step implementation missing for: user is on any book page",
                "estack": "Error: Step implementation missing for: user is on any book page\n    at Context.resolveAndRunStepDefinition (https://qa.perlego.com/__cypress/tests?p=cypress/integration/BookPage.feature-917:25257:11)\n    at Object.<anonymous> (https://qa.perlego.com/__cypress/tests?p=cypress/integration/BookPage.feature-917:24623:35)\n    at executeFn (https://qa.perlego.com/__cypress/tests?p=cypress/support/index.js-956:2351:22)\n    at Context.<anonymous> (https://qa.perlego.com/__cypress/tests?p=cypress/support/index.js-956:2364:12)",
                "diff": null
              },
              "uuid": "cc5e2d69-e6bd-4a78-935d-60a90a6a2cb6",
              "parentUUID": "602449e8-332f-41e7-a4ae-c0047937b320",
              "isHook": false,
              "skipped": false
            },
            {
              "title": "On breadcrumbs subject link is clickable",
              "fullTitle": "Book Page On breadcrumbs subject link is clickable",
              "timedOut": null,
              "duration": 399,
              "state": "failed",
              "speed": null,
              "pass": false,
              "fail": true,
              "pending": false,
              "context": "\"assets/BookPage.feature/Book Page -- On breadcrumbs subject link is clickable (failed).png\"",
              "code": "const state = window.testState;\nreturn cy\n  .then(() => state.onStartScenario(scenario, indexedSteps))\n  .then(() =>\n    resolveAndRunBeforeHooks.call(this, scenario.tags, state.feature.name)\n  )\n  .then(() =>\n    indexedSteps.forEach(step => stepTest.call(this, state, step, rowData))\n  )\n  .then(() =>\n    resolveAndRunAfterHooks.call(this, scenario.tags, state.feature.name)\n  )\n  .then(() => state.onFinishScenario(scenario));",
              "err": {
                "message": "Error: Step implementation missing for: user is on any book page",
                "estack": "Error: Step implementation missing for: user is on any book page\n    at Context.resolveAndRunStepDefinition (https://qa.perlego.com/__cypress/tests?p=cypress/integration/BookPage.feature-917:25257:11)\n    at Object.<anonymous> (https://qa.perlego.com/__cypress/tests?p=cypress/integration/BookPage.feature-917:24623:35)\n    at executeFn (https://qa.perlego.com/__cypress/tests?p=cypress/support/index.js-956:2351:22)\n    at Context.<anonymous> (https://qa.perlego.com/__cypress/tests?p=cypress/support/index.js-956:2364:12)",
                "diff": null
              },
              "uuid": "89a81673-5387-4681-aadc-991d66fdb27d",
              "parentUUID": "602449e8-332f-41e7-a4ae-c0047937b320",
              "isHook": false,
              "skipped": false
            },
            {
              "title": "On breadcrumbs search results link is clickable (example #1)",
              "fullTitle": "Book Page On breadcrumbs search results link is clickable (example #1)",
              "timedOut": null,
              "duration": 385,
              "state": "failed",
              "speed": null,
              "pass": false,
              "fail": true,
              "pending": false,
              "context": "\"assets/BookPage.feature/Book Page -- On breadcrumbs search results link is clickable (example #1) (failed).png\"",
              "code": "const state = window.testState;\nreturn cy\n  .then(() => state.onStartScenario(scenario, indexedSteps))\n  .then(() =>\n    resolveAndRunBeforeHooks.call(this, scenario.tags, state.feature.name)\n  )\n  .then(() =>\n    indexedSteps.forEach(step => stepTest.call(this, state, step, rowData))\n  )\n  .then(() =>\n    resolveAndRunAfterHooks.call(this, scenario.tags, state.feature.name)\n  )\n  .then(() => state.onFinishScenario(scenario));",
              "err": {
                "message": "Error: Step implementation missing for: user is on main landing page",
                "estack": "Error: Step implementation missing for: user is on main landing page\n    at Context.resolveAndRunStepDefinition (https://qa.perlego.com/__cypress/tests?p=cypress/integration/BookPage.feature-917:25257:11)\n    at Object.<anonymous> (https://qa.perlego.com/__cypress/tests?p=cypress/integration/BookPage.feature-917:24623:35)\n    at executeFn (https://qa.perlego.com/__cypress/tests?p=cypress/support/index.js-956:2351:22)\n    at Context.<anonymous> (https://qa.perlego.com/__cypress/tests?p=cypress/support/index.js-956:2364:12)",
                "diff": null
              },
              "uuid": "b1d1817d-5ef4-44c9-b1fa-3b659d4c3fe3",
              "parentUUID": "602449e8-332f-41e7-a4ae-c0047937b320",
              "isHook": false,
              "skipped": false
            },
            {
              "title": "Only subject and book title shown on breadcrumbs link if landed from URL (example #1)",
              "fullTitle": "Book Page Only subject and book title shown on breadcrumbs link if landed from URL (example #1)",
              "timedOut": null,
              "duration": 402,
              "state": "failed",
              "speed": null,
              "pass": false,
              "fail": true,
              "pending": false,
              "context": "\"assets/BookPage.feature/Book Page -- Only subject and book title shown on breadcrumbs link if landed from URL (example #1) (failed).png\"",
              "code": "const state = window.testState;\nreturn cy\n  .then(() => state.onStartScenario(scenario, indexedSteps))\n  .then(() =>\n    resolveAndRunBeforeHooks.call(this, scenario.tags, state.feature.name)\n  )\n  .then(() =>\n    indexedSteps.forEach(step => stepTest.call(this, state, step, rowData))\n  )\n  .then(() =>\n    resolveAndRunAfterHooks.call(this, scenario.tags, state.feature.name)\n  )\n  .then(() => state.onFinishScenario(scenario));",
              "err": {
                "message": "Error: Step implementation missing for: user enters any book page \"https://www.perlego.com/book/811055/trigonometry-pearson-new-international-edition-pdf?tab=book\"",
                "estack": "Error: Step implementation missing for: user enters any book page \"https://www.perlego.com/book/811055/trigonometry-pearson-new-international-edition-pdf?tab=book\"\n    at Context.resolveAndRunStepDefinition (https://qa.perlego.com/__cypress/tests?p=cypress/integration/BookPage.feature-917:25257:11)\n    at Object.<anonymous> (https://qa.perlego.com/__cypress/tests?p=cypress/integration/BookPage.feature-917:24623:35)\n    at executeFn (https://qa.perlego.com/__cypress/tests?p=cypress/support/index.js-956:2351:22)\n    at Context.<anonymous> (https://qa.perlego.com/__cypress/tests?p=cypress/support/index.js-956:2364:12)",
                "diff": null
              },
              "uuid": "f1d73101-50cd-47d7-ab80-e36edfbf25a0",
              "parentUUID": "602449e8-332f-41e7-a4ae-c0047937b320",
              "isHook": false,
              "skipped": false
            },
            {
              "title": "Back to Reading List breadcrumb link",
              "fullTitle": "Book Page Back to Reading List breadcrumb link",
              "timedOut": null,
              "duration": 407,
              "state": "failed",
              "speed": null,
              "pass": false,
              "fail": true,
              "pending": false,
              "context": "\"assets/BookPage.feature/Book Page -- Back to Reading List breadcrumb link (failed).png\"",
              "code": "const state = window.testState;\nreturn cy\n  .then(() => state.onStartScenario(scenario, indexedSteps))\n  .then(() =>\n    resolveAndRunBeforeHooks.call(this, scenario.tags, state.feature.name)\n  )\n  .then(() =>\n    indexedSteps.forEach(step => stepTest.call(this, state, step, rowData))\n  )\n  .then(() =>\n    resolveAndRunAfterHooks.call(this, scenario.tags, state.feature.name)\n  )\n  .then(() => state.onFinishScenario(scenario));",
              "err": {
                "message": "Error: Step implementation missing for: user is landed on book page from any reading list",
                "estack": "Error: Step implementation missing for: user is landed on book page from any reading list\n    at Context.resolveAndRunStepDefinition (https://qa.perlego.com/__cypress/tests?p=cypress/integration/BookPage.feature-917:25257:11)\n    at Object.<anonymous> (https://qa.perlego.com/__cypress/tests?p=cypress/integration/BookPage.feature-917:24623:35)\n    at executeFn (https://qa.perlego.com/__cypress/tests?p=cypress/support/index.js-956:2351:22)\n    at Context.<anonymous> (https://qa.perlego.com/__cypress/tests?p=cypress/support/index.js-956:2364:12)",
                "diff": null
              },
              "uuid": "f2909ac1-9b27-472f-9a20-88e69bc075e5",
              "parentUUID": "602449e8-332f-41e7-a4ae-c0047937b320",
              "isHook": false,
              "skipped": false
            },
            {
              "title": "Save the book to reading list for the user who is not logged in should be redirected to login page",
              "fullTitle": "Book Page Save the book to reading list for the user who is not logged in should be redirected to login page",
              "timedOut": null,
              "duration": 423,
              "state": "failed",
              "speed": null,
              "pass": false,
              "fail": true,
              "pending": false,
              "context": "\"assets/BookPage.feature/Book Page -- Save the book to reading list for the user who is not logged in should be redirected to login page (failed).png\"",
              "code": "const state = window.testState;\nreturn cy\n  .then(() => state.onStartScenario(scenario, indexedSteps))\n  .then(() =>\n    resolveAndRunBeforeHooks.call(this, scenario.tags, state.feature.name)\n  )\n  .then(() =>\n    indexedSteps.forEach(step => stepTest.call(this, state, step, rowData))\n  )\n  .then(() =>\n    resolveAndRunAfterHooks.call(this, scenario.tags, state.feature.name)\n  )\n  .then(() => state.onFinishScenario(scenario));",
              "err": {
                "message": "Error: Step implementation missing for: user is on any book page",
                "estack": "Error: Step implementation missing for: user is on any book page\n    at Context.resolveAndRunStepDefinition (https://qa.perlego.com/__cypress/tests?p=cypress/integration/BookPage.feature-917:25257:11)\n    at Object.<anonymous> (https://qa.perlego.com/__cypress/tests?p=cypress/integration/BookPage.feature-917:24623:35)\n    at executeFn (https://qa.perlego.com/__cypress/tests?p=cypress/support/index.js-956:2351:22)\n    at Context.<anonymous> (https://qa.perlego.com/__cypress/tests?p=cypress/support/index.js-956:2364:12)",
                "diff": null
              },
              "uuid": "f8e2f708-99cc-4d44-99f5-8b6b8da9d49c",
              "parentUUID": "602449e8-332f-41e7-a4ae-c0047937b320",
              "isHook": false,
              "skipped": false
            },
            {
              "title": "Save the book to reading list for the user who is logged in",
              "fullTitle": "Book Page Save the book to reading list for the user who is logged in",
              "timedOut": null,
              "duration": 385,
              "state": "failed",
              "speed": null,
              "pass": false,
              "fail": true,
              "pending": false,
              "context": "\"assets/BookPage.feature/Book Page -- Save the book to reading list for the user who is logged in (failed).png\"",
              "code": "const state = window.testState;\nreturn cy\n  .then(() => state.onStartScenario(scenario, indexedSteps))\n  .then(() =>\n    resolveAndRunBeforeHooks.call(this, scenario.tags, state.feature.name)\n  )\n  .then(() =>\n    indexedSteps.forEach(step => stepTest.call(this, state, step, rowData))\n  )\n  .then(() =>\n    resolveAndRunAfterHooks.call(this, scenario.tags, state.feature.name)\n  )\n  .then(() => state.onFinishScenario(scenario));",
              "err": {
                "message": "Error: Step implementation missing for: user is logged in and is on any book page",
                "estack": "Error: Step implementation missing for: user is logged in and is on any book page\n    at Context.resolveAndRunStepDefinition (https://qa.perlego.com/__cypress/tests?p=cypress/integration/BookPage.feature-917:25257:11)\n    at Object.<anonymous> (https://qa.perlego.com/__cypress/tests?p=cypress/integration/BookPage.feature-917:24623:35)\n    at executeFn (https://qa.perlego.com/__cypress/tests?p=cypress/support/index.js-956:2351:22)\n    at Context.<anonymous> (https://qa.perlego.com/__cypress/tests?p=cypress/support/index.js-956:2364:12)",
                "diff": null
              },
              "uuid": "aaf624a8-f28e-47c3-9aea-b76372fde766",
              "parentUUID": "602449e8-332f-41e7-a4ae-c0047937b320",
              "isHook": false,
              "skipped": false
            },
            {
              "title": "Save the book to reading list for the user who is not logged in",
              "fullTitle": "Book Page Save the book to reading list for the user who is not logged in",
              "timedOut": null,
              "duration": 418,
              "state": "failed",
              "speed": null,
              "pass": false,
              "fail": true,
              "pending": false,
              "context": "\"assets/BookPage.feature/Book Page -- Save the book to reading list for the user who is not logged in (failed).png\"",
              "code": "const state = window.testState;\nreturn cy\n  .then(() => state.onStartScenario(scenario, indexedSteps))\n  .then(() =>\n    resolveAndRunBeforeHooks.call(this, scenario.tags, state.feature.name)\n  )\n  .then(() =>\n    indexedSteps.forEach(step => stepTest.call(this, state, step, rowData))\n  )\n  .then(() =>\n    resolveAndRunAfterHooks.call(this, scenario.tags, state.feature.name)\n  )\n  .then(() => state.onFinishScenario(scenario));",
              "err": {
                "message": "Error: Step implementation missing for: user is on any book page",
                "estack": "Error: Step implementation missing for: user is on any book page\n    at Context.resolveAndRunStepDefinition (https://qa.perlego.com/__cypress/tests?p=cypress/integration/BookPage.feature-917:25257:11)\n    at Object.<anonymous> (https://qa.perlego.com/__cypress/tests?p=cypress/integration/BookPage.feature-917:24623:35)\n    at executeFn (https://qa.perlego.com/__cypress/tests?p=cypress/support/index.js-956:2351:22)\n    at Context.<anonymous> (https://qa.perlego.com/__cypress/tests?p=cypress/support/index.js-956:2364:12)",
                "diff": null
              },
              "uuid": "993e90b5-33c0-499d-a7ac-7b41b8c290e7",
              "parentUUID": "602449e8-332f-41e7-a4ae-c0047937b320",
              "isHook": false,
              "skipped": false
            },
            {
              "title": "clicking on book cover on book page, user should see the signup page for user who is not subscribed or logged in",
              "fullTitle": "Book Page clicking on book cover on book page, user should see the signup page for user who is not subscribed or logged in",
              "timedOut": null,
              "duration": 363,
              "state": "failed",
              "speed": null,
              "pass": false,
              "fail": true,
              "pending": false,
              "context": "\"assets/BookPage.feature/Book Page -- clicking on book cover on book page, user should see the signup page for user who is not subscribed or logged in (failed).png\"",
              "code": "const state = window.testState;\nreturn cy\n  .then(() => state.onStartScenario(scenario, indexedSteps))\n  .then(() =>\n    resolveAndRunBeforeHooks.call(this, scenario.tags, state.feature.name)\n  )\n  .then(() =>\n    indexedSteps.forEach(step => stepTest.call(this, state, step, rowData))\n  )\n  .then(() =>\n    resolveAndRunAfterHooks.call(this, scenario.tags, state.feature.name)\n  )\n  .then(() => state.onFinishScenario(scenario));",
              "err": {
                "message": "Error: Step implementation missing for: user is on any book page",
                "estack": "Error: Step implementation missing for: user is on any book page\n    at Context.resolveAndRunStepDefinition (https://qa.perlego.com/__cypress/tests?p=cypress/integration/BookPage.feature-917:25257:11)\n    at Object.<anonymous> (https://qa.perlego.com/__cypress/tests?p=cypress/integration/BookPage.feature-917:24623:35)\n    at executeFn (https://qa.perlego.com/__cypress/tests?p=cypress/support/index.js-956:2351:22)\n    at Context.<anonymous> (https://qa.perlego.com/__cypress/tests?p=cypress/support/index.js-956:2364:12)",
                "diff": null
              },
              "uuid": "a8d0ed2e-a4f7-4889-b55e-13a28d476f11",
              "parentUUID": "602449e8-332f-41e7-a4ae-c0047937b320",
              "isHook": false,
              "skipped": false
            },
            {
              "title": "click on book cover will open in eReader for logged in user",
              "fullTitle": "Book Page click on book cover will open in eReader for logged in user",
              "timedOut": null,
              "duration": 399,
              "state": "failed",
              "speed": null,
              "pass": false,
              "fail": true,
              "pending": false,
              "context": "\"assets/BookPage.feature/Book Page -- click on book cover will open in eReader for logged in user (failed).png\"",
              "code": "const state = window.testState;\nreturn cy\n  .then(() => state.onStartScenario(scenario, indexedSteps))\n  .then(() =>\n    resolveAndRunBeforeHooks.call(this, scenario.tags, state.feature.name)\n  )\n  .then(() =>\n    indexedSteps.forEach(step => stepTest.call(this, state, step, rowData))\n  )\n  .then(() =>\n    resolveAndRunAfterHooks.call(this, scenario.tags, state.feature.name)\n  )\n  .then(() => state.onFinishScenario(scenario));",
              "err": {
                "message": "Error: Step implementation missing for: user is logged in and is on any book page",
                "estack": "Error: Step implementation missing for: user is logged in and is on any book page\n    at Context.resolveAndRunStepDefinition (https://qa.perlego.com/__cypress/tests?p=cypress/integration/BookPage.feature-917:25257:11)\n    at Object.<anonymous> (https://qa.perlego.com/__cypress/tests?p=cypress/integration/BookPage.feature-917:24623:35)\n    at executeFn (https://qa.perlego.com/__cypress/tests?p=cypress/support/index.js-956:2351:22)\n    at Context.<anonymous> (https://qa.perlego.com/__cypress/tests?p=cypress/support/index.js-956:2364:12)",
                "diff": null
              },
              "uuid": "3fc182a6-5d40-46f1-9208-1d5b4ca2fd10",
              "parentUUID": "602449e8-332f-41e7-a4ae-c0047937b320",
              "isHook": false,
              "skipped": false
            },
            {
              "title": "sign up journey as a unsubscribed user for book page",
              "fullTitle": "Book Page sign up journey as a unsubscribed user for book page",
              "timedOut": null,
              "duration": 351,
              "state": "failed",
              "speed": null,
              "pass": false,
              "fail": true,
              "pending": false,
              "context": "\"assets/BookPage.feature/Book Page -- sign up journey as a unsubscribed user for book page (failed).png\"",
              "code": "const state = window.testState;\nreturn cy\n  .then(() => state.onStartScenario(scenario, indexedSteps))\n  .then(() =>\n    resolveAndRunBeforeHooks.call(this, scenario.tags, state.feature.name)\n  )\n  .then(() =>\n    indexedSteps.forEach(step => stepTest.call(this, state, step, rowData))\n  )\n  .then(() =>\n    resolveAndRunAfterHooks.call(this, scenario.tags, state.feature.name)\n  )\n  .then(() => state.onFinishScenario(scenario));",
              "err": {
                "message": "Error: Step implementation missing for: user is on any book page",
                "estack": "Error: Step implementation missing for: user is on any book page\n    at Context.resolveAndRunStepDefinition (https://qa.perlego.com/__cypress/tests?p=cypress/integration/BookPage.feature-917:25257:11)\n    at Object.<anonymous> (https://qa.perlego.com/__cypress/tests?p=cypress/integration/BookPage.feature-917:24623:35)\n    at executeFn (https://qa.perlego.com/__cypress/tests?p=cypress/support/index.js-956:2351:22)\n    at Context.<anonymous> (https://qa.perlego.com/__cypress/tests?p=cypress/support/index.js-956:2364:12)",
                "diff": null
              },
              "uuid": "23f9cb37-d126-465c-85f1-b5e9fa19e5ef",
              "parentUUID": "602449e8-332f-41e7-a4ae-c0047937b320",
              "isHook": false,
              "skipped": false
            },
            {
              "title": "Subscribers with no read records ---> Read button",
              "fullTitle": "Book Page Subscribers with no read records ---> Read button",
              "timedOut": null,
              "duration": 385,
              "state": "failed",
              "speed": null,
              "pass": false,
              "fail": true,
              "pending": false,
              "context": "\"assets/BookPage.feature/Book Page -- Subscribers with no read records ---> Read button (failed).png\"",
              "code": "const state = window.testState;\nreturn cy\n  .then(() => state.onStartScenario(scenario, indexedSteps))\n  .then(() =>\n    resolveAndRunBeforeHooks.call(this, scenario.tags, state.feature.name)\n  )\n  .then(() =>\n    indexedSteps.forEach(step => stepTest.call(this, state, step, rowData))\n  )\n  .then(() =>\n    resolveAndRunAfterHooks.call(this, scenario.tags, state.feature.name)\n  )\n  .then(() => state.onFinishScenario(scenario));",
              "err": {
                "message": "Error: Step implementation missing for: user is logged in and is on any book page",
                "estack": "Error: Step implementation missing for: user is logged in and is on any book page\n    at Context.resolveAndRunStepDefinition (https://qa.perlego.com/__cypress/tests?p=cypress/integration/BookPage.feature-917:25257:11)\n    at Object.<anonymous> (https://qa.perlego.com/__cypress/tests?p=cypress/integration/BookPage.feature-917:24623:35)\n    at executeFn (https://qa.perlego.com/__cypress/tests?p=cypress/support/index.js-956:2351:22)\n    at Context.<anonymous> (https://qa.perlego.com/__cypress/tests?p=cypress/support/index.js-956:2364:12)",
                "diff": null
              },
              "uuid": "4b942b4d-7401-47e0-8791-6dbe8cc32844",
              "parentUUID": "602449e8-332f-41e7-a4ae-c0047937b320",
              "isHook": false,
              "skipped": false
            },
            {
              "title": "Unsubscribed or not logged in users ---> Start free trial button",
              "fullTitle": "Book Page Unsubscribed or not logged in users ---> Start free trial button",
              "timedOut": null,
              "duration": 414,
              "state": "failed",
              "speed": null,
              "pass": false,
              "fail": true,
              "pending": false,
              "context": "\"assets/BookPage.feature/Book Page -- Unsubscribed or not logged in users ---> Start free trial button (failed).png\"",
              "code": "const state = window.testState;\nreturn cy\n  .then(() => state.onStartScenario(scenario, indexedSteps))\n  .then(() =>\n    resolveAndRunBeforeHooks.call(this, scenario.tags, state.feature.name)\n  )\n  .then(() =>\n    indexedSteps.forEach(step => stepTest.call(this, state, step, rowData))\n  )\n  .then(() =>\n    resolveAndRunAfterHooks.call(this, scenario.tags, state.feature.name)\n  )\n  .then(() => state.onFinishScenario(scenario));",
              "err": {
                "message": "Error: Step implementation missing for: user is on any book page",
                "estack": "Error: Step implementation missing for: user is on any book page\n    at Context.resolveAndRunStepDefinition (https://qa.perlego.com/__cypress/tests?p=cypress/integration/BookPage.feature-917:25257:11)\n    at Object.<anonymous> (https://qa.perlego.com/__cypress/tests?p=cypress/integration/BookPage.feature-917:24623:35)\n    at executeFn (https://qa.perlego.com/__cypress/tests?p=cypress/support/index.js-956:2351:22)\n    at Context.<anonymous> (https://qa.perlego.com/__cypress/tests?p=cypress/support/index.js-956:2364:12)",
                "diff": null
              },
              "uuid": "f9b8bf77-1958-4dbf-b9ec-254bd26d582b",
              "parentUUID": "602449e8-332f-41e7-a4ae-c0047937b320",
              "isHook": false,
              "skipped": false
            },
            {
              "title": "Users who already had their free trial ---> Reactivate",
              "fullTitle": "Book Page Users who already had their free trial ---> Reactivate",
              "timedOut": null,
              "duration": 364,
              "state": "failed",
              "speed": null,
              "pass": false,
              "fail": true,
              "pending": false,
              "context": "\"assets/BookPage.feature/Book Page -- Users who already had their free trial ---> Reactivate (failed).png\"",
              "code": "const state = window.testState;\nreturn cy\n  .then(() => state.onStartScenario(scenario, indexedSteps))\n  .then(() =>\n    resolveAndRunBeforeHooks.call(this, scenario.tags, state.feature.name)\n  )\n  .then(() =>\n    indexedSteps.forEach(step => stepTest.call(this, state, step, rowData))\n  )\n  .then(() =>\n    resolveAndRunAfterHooks.call(this, scenario.tags, state.feature.name)\n  )\n  .then(() => state.onFinishScenario(scenario));",
              "err": {
                "message": "Error: Step implementation missing for: user is logged in and has invalid subscription",
                "estack": "Error: Step implementation missing for: user is logged in and has invalid subscription\n    at Context.resolveAndRunStepDefinition (https://qa.perlego.com/__cypress/tests?p=cypress/integration/BookPage.feature-917:25257:11)\n    at Object.<anonymous> (https://qa.perlego.com/__cypress/tests?p=cypress/integration/BookPage.feature-917:24623:35)\n    at executeFn (https://qa.perlego.com/__cypress/tests?p=cypress/support/index.js-956:2351:22)\n    at Context.<anonymous> (https://qa.perlego.com/__cypress/tests?p=cypress/support/index.js-956:2364:12)",
                "diff": null
              },
              "uuid": "4dd926de-5845-4f99-a233-e6b768b2173f",
              "parentUUID": "602449e8-332f-41e7-a4ae-c0047937b320",
              "isHook": false,
              "skipped": false
            },
            {
              "title": "add to reading list ---> click shows dropdown list when user is signed in",
              "fullTitle": "Book Page add to reading list ---> click shows dropdown list when user is signed in",
              "timedOut": null,
              "duration": 349,
              "state": "failed",
              "speed": null,
              "pass": false,
              "fail": true,
              "pending": false,
              "context": "\"assets/BookPage.feature/Book Page -- add to reading list ---> click shows dropdown list when user is signed in (failed).png\"",
              "code": "const state = window.testState;\nreturn cy\n  .then(() => state.onStartScenario(scenario, indexedSteps))\n  .then(() =>\n    resolveAndRunBeforeHooks.call(this, scenario.tags, state.feature.name)\n  )\n  .then(() =>\n    indexedSteps.forEach(step => stepTest.call(this, state, step, rowData))\n  )\n  .then(() =>\n    resolveAndRunAfterHooks.call(this, scenario.tags, state.feature.name)\n  )\n  .then(() => state.onFinishScenario(scenario));",
              "err": {
                "message": "Error: Step implementation missing for: user is logged in and is on any book page",
                "estack": "Error: Step implementation missing for: user is logged in and is on any book page\n    at Context.resolveAndRunStepDefinition (https://qa.perlego.com/__cypress/tests?p=cypress/integration/BookPage.feature-917:25257:11)\n    at Object.<anonymous> (https://qa.perlego.com/__cypress/tests?p=cypress/integration/BookPage.feature-917:24623:35)\n    at executeFn (https://qa.perlego.com/__cypress/tests?p=cypress/support/index.js-956:2351:22)\n    at Context.<anonymous> (https://qa.perlego.com/__cypress/tests?p=cypress/support/index.js-956:2364:12)",
                "diff": null
              },
              "uuid": "4ce5ecb6-87ff-4361-afaf-d28b0fd90a68",
              "parentUUID": "602449e8-332f-41e7-a4ae-c0047937b320",
              "isHook": false,
              "skipped": false
            },
            {
              "title": "if user saves book to reading list, button changes to “added to reading list”. Icons changes as well",
              "fullTitle": "Book Page if user saves book to reading list, button changes to “added to reading list”. Icons changes as well",
              "timedOut": null,
              "duration": 379,
              "state": "failed",
              "speed": null,
              "pass": false,
              "fail": true,
              "pending": false,
              "context": "\"assets/BookPage.feature/Book Page -- if user saves book to reading list, button changes to “added to reading list”. Icons changes as well (failed).png\"",
              "code": "const state = window.testState;\nreturn cy\n  .then(() => state.onStartScenario(scenario, indexedSteps))\n  .then(() =>\n    resolveAndRunBeforeHooks.call(this, scenario.tags, state.feature.name)\n  )\n  .then(() =>\n    indexedSteps.forEach(step => stepTest.call(this, state, step, rowData))\n  )\n  .then(() =>\n    resolveAndRunAfterHooks.call(this, scenario.tags, state.feature.name)\n  )\n  .then(() => state.onFinishScenario(scenario));",
              "err": {
                "message": "Error: Step implementation missing for: user is logged in and is on any book page",
                "estack": "Error: Step implementation missing for: user is logged in and is on any book page\n    at Context.resolveAndRunStepDefinition (https://qa.perlego.com/__cypress/tests?p=cypress/integration/BookPage.feature-917:25257:11)\n    at Object.<anonymous> (https://qa.perlego.com/__cypress/tests?p=cypress/integration/BookPage.feature-917:24623:35)\n    at executeFn (https://qa.perlego.com/__cypress/tests?p=cypress/support/index.js-956:2351:22)\n    at Context.<anonymous> (https://qa.perlego.com/__cypress/tests?p=cypress/support/index.js-956:2364:12)",
                "diff": null
              },
              "uuid": "3a27ab18-233a-4dfc-b11f-6d8d0c0e6df7",
              "parentUUID": "602449e8-332f-41e7-a4ae-c0047937b320",
              "isHook": false,
              "skipped": false
            },
            {
              "title": "basic sharing when clicked on share book",
              "fullTitle": "Book Page basic sharing when clicked on share book",
              "timedOut": null,
              "duration": 365,
              "state": "failed",
              "speed": null,
              "pass": false,
              "fail": true,
              "pending": false,
              "context": "\"assets/BookPage.feature/Book Page -- basic sharing when clicked on share book (failed).png\"",
              "code": "const state = window.testState;\nreturn cy\n  .then(() => state.onStartScenario(scenario, indexedSteps))\n  .then(() =>\n    resolveAndRunBeforeHooks.call(this, scenario.tags, state.feature.name)\n  )\n  .then(() =>\n    indexedSteps.forEach(step => stepTest.call(this, state, step, rowData))\n  )\n  .then(() =>\n    resolveAndRunAfterHooks.call(this, scenario.tags, state.feature.name)\n  )\n  .then(() => state.onFinishScenario(scenario));",
              "err": {
                "message": "Error: Step implementation missing for: user is on any book page",
                "estack": "Error: Step implementation missing for: user is on any book page\n    at Context.resolveAndRunStepDefinition (https://qa.perlego.com/__cypress/tests?p=cypress/integration/BookPage.feature-917:25257:11)\n    at Object.<anonymous> (https://qa.perlego.com/__cypress/tests?p=cypress/integration/BookPage.feature-917:24623:35)\n    at executeFn (https://qa.perlego.com/__cypress/tests?p=cypress/support/index.js-956:2351:22)\n    at Context.<anonymous> (https://qa.perlego.com/__cypress/tests?p=cypress/support/index.js-956:2364:12)",
                "diff": null
              },
              "uuid": "4df56e7a-2fbe-49fc-b8bb-4808278d6b2f",
              "parentUUID": "602449e8-332f-41e7-a4ae-c0047937b320",
              "isHook": false,
              "skipped": false
            },
            {
              "title": "book info ---> number of pages",
              "fullTitle": "Book Page book info ---> number of pages",
              "timedOut": null,
              "duration": 407,
              "state": "failed",
              "speed": null,
              "pass": false,
              "fail": true,
              "pending": false,
              "context": "\"assets/BookPage.feature/Book Page -- book info ---> number of pages (failed).png\"",
              "code": "const state = window.testState;\nreturn cy\n  .then(() => state.onStartScenario(scenario, indexedSteps))\n  .then(() =>\n    resolveAndRunBeforeHooks.call(this, scenario.tags, state.feature.name)\n  )\n  .then(() =>\n    indexedSteps.forEach(step => stepTest.call(this, state, step, rowData))\n  )\n  .then(() =>\n    resolveAndRunAfterHooks.call(this, scenario.tags, state.feature.name)\n  )\n  .then(() => state.onFinishScenario(scenario));",
              "err": {
                "message": "Error: Step implementation missing for: user is on any book page",
                "estack": "Error: Step implementation missing for: user is on any book page\n    at Context.resolveAndRunStepDefinition (https://qa.perlego.com/__cypress/tests?p=cypress/integration/BookPage.feature-917:25257:11)\n    at Object.<anonymous> (https://qa.perlego.com/__cypress/tests?p=cypress/integration/BookPage.feature-917:24623:35)\n    at executeFn (https://qa.perlego.com/__cypress/tests?p=cypress/support/index.js-956:2351:22)\n    at Context.<anonymous> (https://qa.perlego.com/__cypress/tests?p=cypress/support/index.js-956:2364:12)",
                "diff": null
              },
              "uuid": "691876e6-d05e-47d6-938c-58fabdfb2e1d",
              "parentUUID": "602449e8-332f-41e7-a4ae-c0047937b320",
              "isHook": false,
              "skipped": false
            },
            {
              "title": "book info ---> language",
              "fullTitle": "Book Page book info ---> language",
              "timedOut": null,
              "duration": 395,
              "state": "failed",
              "speed": null,
              "pass": false,
              "fail": true,
              "pending": false,
              "context": "\"assets/BookPage.feature/Book Page -- book info ---> language (failed).png\"",
              "code": "const state = window.testState;\nreturn cy\n  .then(() => state.onStartScenario(scenario, indexedSteps))\n  .then(() =>\n    resolveAndRunBeforeHooks.call(this, scenario.tags, state.feature.name)\n  )\n  .then(() =>\n    indexedSteps.forEach(step => stepTest.call(this, state, step, rowData))\n  )\n  .then(() =>\n    resolveAndRunAfterHooks.call(this, scenario.tags, state.feature.name)\n  )\n  .then(() => state.onFinishScenario(scenario));",
              "err": {
                "message": "Error: Step implementation missing for: user is on any book page",
                "estack": "Error: Step implementation missing for: user is on any book page\n    at Context.resolveAndRunStepDefinition (https://qa.perlego.com/__cypress/tests?p=cypress/integration/BookPage.feature-917:25257:11)\n    at Object.<anonymous> (https://qa.perlego.com/__cypress/tests?p=cypress/integration/BookPage.feature-917:24623:35)\n    at executeFn (https://qa.perlego.com/__cypress/tests?p=cypress/support/index.js-956:2351:22)\n    at Context.<anonymous> (https://qa.perlego.com/__cypress/tests?p=cypress/support/index.js-956:2364:12)",
                "diff": null
              },
              "uuid": "fc1051a3-e15f-4e6e-9b13-5625455727a3",
              "parentUUID": "602449e8-332f-41e7-a4ae-c0047937b320",
              "isHook": false,
              "skipped": false
            },
            {
              "title": "book info ---> format of the book (pdf/ePUB)",
              "fullTitle": "Book Page book info ---> format of the book (pdf/ePUB)",
              "timedOut": null,
              "duration": 384,
              "state": "failed",
              "speed": null,
              "pass": false,
              "fail": true,
              "pending": false,
              "context": "\"assets/BookPage.feature/Book Page -- book info ---> format of the book (pdf/ePUB) (failed).png\"",
              "code": "const state = window.testState;\nreturn cy\n  .then(() => state.onStartScenario(scenario, indexedSteps))\n  .then(() =>\n    resolveAndRunBeforeHooks.call(this, scenario.tags, state.feature.name)\n  )\n  .then(() =>\n    indexedSteps.forEach(step => stepTest.call(this, state, step, rowData))\n  )\n  .then(() =>\n    resolveAndRunAfterHooks.call(this, scenario.tags, state.feature.name)\n  )\n  .then(() => state.onFinishScenario(scenario));",
              "err": {
                "message": "Error: Step implementation missing for: user is on any book page",
                "estack": "Error: Step implementation missing for: user is on any book page\n    at Context.resolveAndRunStepDefinition (https://qa.perlego.com/__cypress/tests?p=cypress/integration/BookPage.feature-917:25257:11)\n    at Object.<anonymous> (https://qa.perlego.com/__cypress/tests?p=cypress/integration/BookPage.feature-917:24623:35)\n    at executeFn (https://qa.perlego.com/__cypress/tests?p=cypress/support/index.js-956:2351:22)\n    at Context.<anonymous> (https://qa.perlego.com/__cypress/tests?p=cypress/support/index.js-956:2364:12)",
                "diff": null
              },
              "uuid": "01688864-a8f6-453a-8adc-d6fd1483a652",
              "parentUUID": "602449e8-332f-41e7-a4ae-c0047937b320",
              "isHook": false,
              "skipped": false
            },
            {
              "title": "book info ---> available on mobile app",
              "fullTitle": "Book Page book info ---> available on mobile app",
              "timedOut": null,
              "duration": 422,
              "state": "failed",
              "speed": null,
              "pass": false,
              "fail": true,
              "pending": false,
              "context": "\"assets/BookPage.feature/Book Page -- book info ---> available on mobile app (failed).png\"",
              "code": "const state = window.testState;\nreturn cy\n  .then(() => state.onStartScenario(scenario, indexedSteps))\n  .then(() =>\n    resolveAndRunBeforeHooks.call(this, scenario.tags, state.feature.name)\n  )\n  .then(() =>\n    indexedSteps.forEach(step => stepTest.call(this, state, step, rowData))\n  )\n  .then(() =>\n    resolveAndRunAfterHooks.call(this, scenario.tags, state.feature.name)\n  )\n  .then(() => state.onFinishScenario(scenario));",
              "err": {
                "message": "Error: Step implementation missing for: user is on any book page",
                "estack": "Error: Step implementation missing for: user is on any book page\n    at Context.resolveAndRunStepDefinition (https://qa.perlego.com/__cypress/tests?p=cypress/integration/BookPage.feature-917:25257:11)\n    at Object.<anonymous> (https://qa.perlego.com/__cypress/tests?p=cypress/integration/BookPage.feature-917:24623:35)\n    at executeFn (https://qa.perlego.com/__cypress/tests?p=cypress/support/index.js-956:2351:22)\n    at Context.<anonymous> (https://qa.perlego.com/__cypress/tests?p=cypress/support/index.js-956:2364:12)",
                "diff": null
              },
              "uuid": "f10d6071-8559-4201-9c3b-5237e413cefc",
              "parentUUID": "602449e8-332f-41e7-a4ae-c0047937b320",
              "isHook": false,
              "skipped": false
            },
            {
              "title": "book details tabs",
              "fullTitle": "Book Page book details tabs",
              "timedOut": null,
              "duration": 441,
              "state": "failed",
              "speed": null,
              "pass": false,
              "fail": true,
              "pending": false,
              "context": "\"assets/BookPage.feature/Book Page -- book details tabs (failed).png\"",
              "code": "const state = window.testState;\nreturn cy\n  .then(() => state.onStartScenario(scenario, indexedSteps))\n  .then(() =>\n    resolveAndRunBeforeHooks.call(this, scenario.tags, state.feature.name)\n  )\n  .then(() =>\n    indexedSteps.forEach(step => stepTest.call(this, state, step, rowData))\n  )\n  .then(() =>\n    resolveAndRunAfterHooks.call(this, scenario.tags, state.feature.name)\n  )\n  .then(() => state.onFinishScenario(scenario));",
              "err": {
                "message": "Error: Step implementation missing for: user is on any book page",
                "estack": "Error: Step implementation missing for: user is on any book page\n    at Context.resolveAndRunStepDefinition (https://qa.perlego.com/__cypress/tests?p=cypress/integration/BookPage.feature-917:25257:11)\n    at Object.<anonymous> (https://qa.perlego.com/__cypress/tests?p=cypress/integration/BookPage.feature-917:24623:35)\n    at executeFn (https://qa.perlego.com/__cypress/tests?p=cypress/support/index.js-956:2351:22)\n    at Context.<anonymous> (https://qa.perlego.com/__cypress/tests?p=cypress/support/index.js-956:2364:12)",
                "diff": null
              },
              "uuid": "cd358733-8727-4841-9ce8-d8542de22c7b",
              "parentUUID": "602449e8-332f-41e7-a4ae-c0047937b320",
              "isHook": false,
              "skipped": false
            },
            {
              "title": "read more link is clickable and expandable",
              "fullTitle": "Book Page read more link is clickable and expandable",
              "timedOut": null,
              "duration": 408,
              "state": "failed",
              "speed": null,
              "pass": false,
              "fail": true,
              "pending": false,
              "context": "\"assets/BookPage.feature/Book Page -- read more link is clickable and expandable (failed).png\"",
              "code": "const state = window.testState;\nreturn cy\n  .then(() => state.onStartScenario(scenario, indexedSteps))\n  .then(() =>\n    resolveAndRunBeforeHooks.call(this, scenario.tags, state.feature.name)\n  )\n  .then(() =>\n    indexedSteps.forEach(step => stepTest.call(this, state, step, rowData))\n  )\n  .then(() =>\n    resolveAndRunAfterHooks.call(this, scenario.tags, state.feature.name)\n  )\n  .then(() => state.onFinishScenario(scenario));",
              "err": {
                "message": "Error: Step implementation missing for: user is on any book page",
                "estack": "Error: Step implementation missing for: user is on any book page\n    at Context.resolveAndRunStepDefinition (https://qa.perlego.com/__cypress/tests?p=cypress/integration/BookPage.feature-917:25257:11)\n    at Object.<anonymous> (https://qa.perlego.com/__cypress/tests?p=cypress/integration/BookPage.feature-917:24623:35)\n    at executeFn (https://qa.perlego.com/__cypress/tests?p=cypress/support/index.js-956:2351:22)\n    at Context.<anonymous> (https://qa.perlego.com/__cypress/tests?p=cypress/support/index.js-956:2364:12)",
                "diff": null
              },
              "uuid": "d33409b9-d3d1-4b31-8bc2-998a693beea1",
              "parentUUID": "602449e8-332f-41e7-a4ae-c0047937b320",
              "isHook": false,
              "skipped": false
            },
            {
              "title": "read less link in publishers summary section",
              "fullTitle": "Book Page read less link in publishers summary section",
              "timedOut": null,
              "duration": 387,
              "state": "failed",
              "speed": null,
              "pass": false,
              "fail": true,
              "pending": false,
              "context": "\"assets/BookPage.feature/Book Page -- read less link in publishers summary section (failed).png\"",
              "code": "const state = window.testState;\nreturn cy\n  .then(() => state.onStartScenario(scenario, indexedSteps))\n  .then(() =>\n    resolveAndRunBeforeHooks.call(this, scenario.tags, state.feature.name)\n  )\n  .then(() =>\n    indexedSteps.forEach(step => stepTest.call(this, state, step, rowData))\n  )\n  .then(() =>\n    resolveAndRunAfterHooks.call(this, scenario.tags, state.feature.name)\n  )\n  .then(() => state.onFinishScenario(scenario));",
              "err": {
                "message": "Error: Step implementation missing for: user is on any book page",
                "estack": "Error: Step implementation missing for: user is on any book page\n    at Context.resolveAndRunStepDefinition (https://qa.perlego.com/__cypress/tests?p=cypress/integration/BookPage.feature-917:25257:11)\n    at Object.<anonymous> (https://qa.perlego.com/__cypress/tests?p=cypress/integration/BookPage.feature-917:24623:35)\n    at executeFn (https://qa.perlego.com/__cypress/tests?p=cypress/support/index.js-956:2351:22)\n    at Context.<anonymous> (https://qa.perlego.com/__cypress/tests?p=cypress/support/index.js-956:2364:12)",
                "diff": null
              },
              "uuid": "4f91906e-1b13-4b3d-be94-1e78f1ffb86f",
              "parentUUID": "602449e8-332f-41e7-a4ae-c0047937b320",
              "isHook": false,
              "skipped": false
            },
            {
              "title": "read less link to partially hide summary",
              "fullTitle": "Book Page read less link to partially hide summary",
              "timedOut": null,
              "duration": 370,
              "state": "failed",
              "speed": null,
              "pass": false,
              "fail": true,
              "pending": false,
              "context": "\"assets/BookPage.feature/Book Page -- read less link to partially hide summary (failed).png\"",
              "code": "const state = window.testState;\nreturn cy\n  .then(() => state.onStartScenario(scenario, indexedSteps))\n  .then(() =>\n    resolveAndRunBeforeHooks.call(this, scenario.tags, state.feature.name)\n  )\n  .then(() =>\n    indexedSteps.forEach(step => stepTest.call(this, state, step, rowData))\n  )\n  .then(() =>\n    resolveAndRunAfterHooks.call(this, scenario.tags, state.feature.name)\n  )\n  .then(() => state.onFinishScenario(scenario));",
              "err": {
                "message": "Error: Step implementation missing for: user is on any book page",
                "estack": "Error: Step implementation missing for: user is on any book page\n    at Context.resolveAndRunStepDefinition (https://qa.perlego.com/__cypress/tests?p=cypress/integration/BookPage.feature-917:25257:11)\n    at Object.<anonymous> (https://qa.perlego.com/__cypress/tests?p=cypress/integration/BookPage.feature-917:24623:35)\n    at executeFn (https://qa.perlego.com/__cypress/tests?p=cypress/support/index.js-956:2351:22)\n    at Context.<anonymous> (https://qa.perlego.com/__cypress/tests?p=cypress/support/index.js-956:2364:12)",
                "diff": null
              },
              "uuid": "c44a3c16-6249-445f-87f9-6dfcd15ab477",
              "parentUUID": "602449e8-332f-41e7-a4ae-c0047937b320",
              "isHook": false,
              "skipped": false
            },
            {
              "title": "Information section details",
              "fullTitle": "Book Page Information section details",
              "timedOut": null,
              "duration": 387,
              "state": "failed",
              "speed": null,
              "pass": false,
              "fail": true,
              "pending": false,
              "context": "\"assets/BookPage.feature/Book Page -- Information section details (failed).png\"",
              "code": "const state = window.testState;\nreturn cy\n  .then(() => state.onStartScenario(scenario, indexedSteps))\n  .then(() =>\n    resolveAndRunBeforeHooks.call(this, scenario.tags, state.feature.name)\n  )\n  .then(() =>\n    indexedSteps.forEach(step => stepTest.call(this, state, step, rowData))\n  )\n  .then(() =>\n    resolveAndRunAfterHooks.call(this, scenario.tags, state.feature.name)\n  )\n  .then(() => state.onFinishScenario(scenario));",
              "err": {
                "message": "Error: Step implementation missing for: user is on any book page",
                "estack": "Error: Step implementation missing for: user is on any book page\n    at Context.resolveAndRunStepDefinition (https://qa.perlego.com/__cypress/tests?p=cypress/integration/BookPage.feature-917:25257:11)\n    at Object.<anonymous> (https://qa.perlego.com/__cypress/tests?p=cypress/integration/BookPage.feature-917:24623:35)\n    at executeFn (https://qa.perlego.com/__cypress/tests?p=cypress/support/index.js-956:2351:22)\n    at Context.<anonymous> (https://qa.perlego.com/__cypress/tests?p=cypress/support/index.js-956:2364:12)",
                "diff": null
              },
              "uuid": "82bb51f7-19f4-45f4-ba85-591ab4a53403",
              "parentUUID": "602449e8-332f-41e7-a4ae-c0047937b320",
              "isHook": false,
              "skipped": false
            },
            {
              "title": "year of publication under book information section",
              "fullTitle": "Book Page year of publication under book information section",
              "timedOut": null,
              "duration": 390,
              "state": "failed",
              "speed": null,
              "pass": false,
              "fail": true,
              "pending": false,
              "context": "\"assets/BookPage.feature/Book Page -- year of publication under book information section (failed).png\"",
              "code": "const state = window.testState;\nreturn cy\n  .then(() => state.onStartScenario(scenario, indexedSteps))\n  .then(() =>\n    resolveAndRunBeforeHooks.call(this, scenario.tags, state.feature.name)\n  )\n  .then(() =>\n    indexedSteps.forEach(step => stepTest.call(this, state, step, rowData))\n  )\n  .then(() =>\n    resolveAndRunAfterHooks.call(this, scenario.tags, state.feature.name)\n  )\n  .then(() => state.onFinishScenario(scenario));",
              "err": {
                "message": "Error: Step implementation missing for: user is on any book page",
                "estack": "Error: Step implementation missing for: user is on any book page\n    at Context.resolveAndRunStepDefinition (https://qa.perlego.com/__cypress/tests?p=cypress/integration/BookPage.feature-917:25257:11)\n    at Object.<anonymous> (https://qa.perlego.com/__cypress/tests?p=cypress/integration/BookPage.feature-917:24623:35)\n    at executeFn (https://qa.perlego.com/__cypress/tests?p=cypress/support/index.js-956:2351:22)\n    at Context.<anonymous> (https://qa.perlego.com/__cypress/tests?p=cypress/support/index.js-956:2364:12)",
                "diff": null
              },
              "uuid": "50bab8e2-6b88-4a20-954c-5bf8a3e579c7",
              "parentUUID": "602449e8-332f-41e7-a4ae-c0047937b320",
              "isHook": false,
              "skipped": false
            },
            {
              "title": "navigate to subject page from subject link  under information section",
              "fullTitle": "Book Page navigate to subject page from subject link  under information section",
              "timedOut": null,
              "duration": 402,
              "state": "failed",
              "speed": null,
              "pass": false,
              "fail": true,
              "pending": false,
              "context": "\"assets/BookPage.feature/Book Page -- navigate to subject page from subject link  under information section (failed).png\"",
              "code": "const state = window.testState;\nreturn cy\n  .then(() => state.onStartScenario(scenario, indexedSteps))\n  .then(() =>\n    resolveAndRunBeforeHooks.call(this, scenario.tags, state.feature.name)\n  )\n  .then(() =>\n    indexedSteps.forEach(step => stepTest.call(this, state, step, rowData))\n  )\n  .then(() =>\n    resolveAndRunAfterHooks.call(this, scenario.tags, state.feature.name)\n  )\n  .then(() => state.onFinishScenario(scenario));",
              "err": {
                "message": "Error: Step implementation missing for: user is on any book page",
                "estack": "Error: Step implementation missing for: user is on any book page\n    at Context.resolveAndRunStepDefinition (https://qa.perlego.com/__cypress/tests?p=cypress/integration/BookPage.feature-917:25257:11)\n    at Object.<anonymous> (https://qa.perlego.com/__cypress/tests?p=cypress/integration/BookPage.feature-917:24623:35)\n    at executeFn (https://qa.perlego.com/__cypress/tests?p=cypress/support/index.js-956:2351:22)\n    at Context.<anonymous> (https://qa.perlego.com/__cypress/tests?p=cypress/support/index.js-956:2364:12)",
                "diff": null
              },
              "uuid": "39c4670e-15a6-4826-a380-be25db90870f",
              "parentUUID": "602449e8-332f-41e7-a4ae-c0047937b320",
              "isHook": false,
              "skipped": false
            },
            {
              "title": "navigate to topic page from topic link under information section",
              "fullTitle": "Book Page navigate to topic page from topic link under information section",
              "timedOut": null,
              "duration": 426,
              "state": "failed",
              "speed": null,
              "pass": false,
              "fail": true,
              "pending": false,
              "context": "\"assets/BookPage.feature/Book Page -- navigate to topic page from topic link under information section (failed).png\"",
              "code": "const state = window.testState;\nreturn cy\n  .then(() => state.onStartScenario(scenario, indexedSteps))\n  .then(() =>\n    resolveAndRunBeforeHooks.call(this, scenario.tags, state.feature.name)\n  )\n  .then(() =>\n    indexedSteps.forEach(step => stepTest.call(this, state, step, rowData))\n  )\n  .then(() =>\n    resolveAndRunAfterHooks.call(this, scenario.tags, state.feature.name)\n  )\n  .then(() => state.onFinishScenario(scenario));",
              "err": {
                "message": "Error: Step implementation missing for: user is on any book page",
                "estack": "Error: Step implementation missing for: user is on any book page\n    at Context.resolveAndRunStepDefinition (https://qa.perlego.com/__cypress/tests?p=cypress/integration/BookPage.feature-917:25257:11)\n    at Object.<anonymous> (https://qa.perlego.com/__cypress/tests?p=cypress/integration/BookPage.feature-917:24623:35)\n    at executeFn (https://qa.perlego.com/__cypress/tests?p=cypress/support/index.js-956:2351:22)\n    at Context.<anonymous> (https://qa.perlego.com/__cypress/tests?p=cypress/support/index.js-956:2364:12)",
                "diff": null
              },
              "uuid": "0d1fa4cb-b86e-47b1-b4bc-b16d46c83e63",
              "parentUUID": "602449e8-332f-41e7-a4ae-c0047937b320",
              "isHook": false,
              "skipped": false
            },
            {
              "title": "Expand selection in similar books section",
              "fullTitle": "Book Page Expand selection in similar books section",
              "timedOut": null,
              "duration": 369,
              "state": "failed",
              "speed": null,
              "pass": false,
              "fail": true,
              "pending": false,
              "context": "\"assets/BookPage.feature/Book Page -- Expand selection in similar books section (failed).png\"",
              "code": "const state = window.testState;\nreturn cy\n  .then(() => state.onStartScenario(scenario, indexedSteps))\n  .then(() =>\n    resolveAndRunBeforeHooks.call(this, scenario.tags, state.feature.name)\n  )\n  .then(() =>\n    indexedSteps.forEach(step => stepTest.call(this, state, step, rowData))\n  )\n  .then(() =>\n    resolveAndRunAfterHooks.call(this, scenario.tags, state.feature.name)\n  )\n  .then(() => state.onFinishScenario(scenario));",
              "err": {
                "message": "Error: Step implementation missing for: user is on any book page",
                "estack": "Error: Step implementation missing for: user is on any book page\n    at Context.resolveAndRunStepDefinition (https://qa.perlego.com/__cypress/tests?p=cypress/integration/BookPage.feature-917:25257:11)\n    at Object.<anonymous> (https://qa.perlego.com/__cypress/tests?p=cypress/integration/BookPage.feature-917:24623:35)\n    at executeFn (https://qa.perlego.com/__cypress/tests?p=cypress/support/index.js-956:2351:22)\n    at Context.<anonymous> (https://qa.perlego.com/__cypress/tests?p=cypress/support/index.js-956:2364:12)",
                "diff": null
              },
              "uuid": "89e46edc-f121-40ef-b8d7-396625eea73f",
              "parentUUID": "602449e8-332f-41e7-a4ae-c0047937b320",
              "isHook": false,
              "skipped": false
            },
            {
              "title": "Expand selection in popular in section",
              "fullTitle": "Book Page Expand selection in popular in section",
              "timedOut": null,
              "duration": 504,
              "state": "failed",
              "speed": null,
              "pass": false,
              "fail": true,
              "pending": false,
              "context": "\"assets/BookPage.feature/Book Page -- Expand selection in popular in section (failed).png\"",
              "code": "const state = window.testState;\nreturn cy\n  .then(() => state.onStartScenario(scenario, indexedSteps))\n  .then(() =>\n    resolveAndRunBeforeHooks.call(this, scenario.tags, state.feature.name)\n  )\n  .then(() =>\n    indexedSteps.forEach(step => stepTest.call(this, state, step, rowData))\n  )\n  .then(() =>\n    resolveAndRunAfterHooks.call(this, scenario.tags, state.feature.name)\n  )\n  .then(() => state.onFinishScenario(scenario));",
              "err": {
                "message": "Error: Step implementation missing for: user is on any book page",
                "estack": "Error: Step implementation missing for: user is on any book page\n    at Context.resolveAndRunStepDefinition (https://qa.perlego.com/__cypress/tests?p=cypress/integration/BookPage.feature-917:25257:11)\n    at Object.<anonymous> (https://qa.perlego.com/__cypress/tests?p=cypress/integration/BookPage.feature-917:24623:35)\n    at executeFn (https://qa.perlego.com/__cypress/tests?p=cypress/support/index.js-956:2351:22)\n    at Context.<anonymous> (https://qa.perlego.com/__cypress/tests?p=cypress/support/index.js-956:2364:12)",
                "diff": null
              },
              "uuid": "9e20f1a5-b423-4062-9dd5-c33f803314c6",
              "parentUUID": "602449e8-332f-41e7-a4ae-c0047937b320",
              "isHook": false,
              "skipped": false
            },
            {
              "title": "Same title isn’t displayed twice in the recommendations",
              "fullTitle": "Book Page Same title isn’t displayed twice in the recommendations",
              "timedOut": null,
              "duration": 476,
              "state": "failed",
              "speed": null,
              "pass": false,
              "fail": true,
              "pending": false,
              "context": "\"assets/BookPage.feature/Book Page -- Same title isn’t displayed twice in the recommendations (failed).png\"",
              "code": "const state = window.testState;\nreturn cy\n  .then(() => state.onStartScenario(scenario, indexedSteps))\n  .then(() =>\n    resolveAndRunBeforeHooks.call(this, scenario.tags, state.feature.name)\n  )\n  .then(() =>\n    indexedSteps.forEach(step => stepTest.call(this, state, step, rowData))\n  )\n  .then(() =>\n    resolveAndRunAfterHooks.call(this, scenario.tags, state.feature.name)\n  )\n  .then(() => state.onFinishScenario(scenario));",
              "err": {
[...]
                "diff": null
              },
              "uuid": "960e8282-6159-43c0-b13d-b7db5fa3f9f1",
              "parentUUID": "602449e8-332f-41e7-a4ae-c0047937b320",
              "isHook": false,
              "skipped": false
            },
            {
              "title": "The marketing banner appears for all logged out users",
              "fullTitle": "Book Page The marketing banner appears for all logged out users",
              "timedOut": null,
              "duration": 444,
              "state": "failed",
              "speed": null,
              "pass": false,
              "fail": true,
              "pending": false,
              "context": "\"assets/BookPage.feature/Book Page -- The marketing banner appears for all logged out users (failed).png\"",
              "code": "const state = window.testState;\nreturn cy\n  .then(() => state.onStartScenario(scenario, indexedSteps))\n  .then(() =>\n    resolveAndRunBeforeHooks.call(this, scenario.tags, state.feature.name)\n  )\n  .then(() =>\n    indexedSteps.forEach(step => stepTest.call(this, state, step, rowData))\n  )\n  .then(() =>\n    resolveAndRunAfterHooks.call(this, scenario.tags, state.feature.name)\n  )\n  .then(() => state.onFinishScenario(scenario));",
              "err": {
                "message": "Error: Step implementation missing for: user is non-subscriber or not logged in",
                "estack": "Error: Step implementation missing for: user is non-subscriber or not logged in\n    at Context.resolveAndRunStepDefinition (https://qa.perlego.com/__cypress/tests?p=cypress/integration/BookPage.feature-917:25257:11)\n    at Object.<anonymous> (https://qa.perlego.com/__cypress/tests?p=cypress/integration/BookPage.feature-917:24623:35)\n    at executeFn (https://qa.perlego.com/__cypress/tests?p=cypress/support/index.js-956:2351:22)\n    at Context.<anonymous> (https://qa.perlego.com/__cypress/tests?p=cypress/support/index.js-956:2364:12)",
                "diff": null
              },
              "uuid": "b15e6067-dd86-487b-afe8-24647e00c424",
              "parentUUID": "602449e8-332f-41e7-a4ae-c0047937b320",
              "isHook": false,
              "skipped": false
            },
            {
              "title": "The marketing banner must not appears for all logged in users",
              "fullTitle": "Book Page The marketing banner must not appears for all logged in users",
              "timedOut": null,
              "duration": 498,
              "state": "failed",
              "speed": null,
              "pass": false,
              "fail": true,
              "pending": false,
              "context": "\"assets/BookPage.feature/Book Page -- The marketing banner must not appears for all logged in users (failed).png\"",
              "code": "const state = window.testState;\nreturn cy\n  .then(() => state.onStartScenario(scenario, indexedSteps))\n  .then(() =>\n    resolveAndRunBeforeHooks.call(this, scenario.tags, state.feature.name)\n  )\n  .then(() =>\n    indexedSteps.forEach(step => stepTest.call(this, state, step, rowData))\n  )\n  .then(() =>\n    resolveAndRunAfterHooks.call(this, scenario.tags, state.feature.name)\n  )\n  .then(() => state.onFinishScenario(scenario));",
              "err": {
                "message": "Error: Step implementation missing for: user is logged in and is on any book page",
                "estack": "Error: Step implementation missing for: user is logged in and is on any book page\n    at Context.resolveAndRunStepDefinition (https://qa.perlego.com/__cypress/tests?p=cypress/integration/BookPage.feature-917:25257:11)\n    at Object.<anonymous> (https://qa.perlego.com/__cypress/tests?p=cypress/integration/BookPage.feature-917:24623:35)\n    at executeFn (https://qa.perlego.com/__cypress/tests?p=cypress/support/index.js-956:2351:22)\n    at Context.<anonymous> (https://qa.perlego.com/__cypress/tests?p=cypress/support/index.js-956:2364:12)",
                "diff": null
              },
              "uuid": "d2505395-5023-444d-b8ad-7e278f2e4cfa",
              "parentUUID": "602449e8-332f-41e7-a4ae-c0047937b320",
              "isHook": false,
              "skipped": false
            },
            {
              "title": "The marketing banner must not appears for all logged in users when user is not subscribed to perlego",
              "fullTitle": "Book Page The marketing banner must not appears for all logged in users when user is not subscribed to perlego",
              "timedOut": null,
              "duration": 489,
              "state": "failed",
              "speed": null,
              "pass": false,
              "fail": true,
              "pending": false,
              "context": "\"assets/BookPage.feature/Book Page -- The marketing banner must not appears for all logged in users when user is not subscribed to perlego (failed).png\"",
              "code": "const state = window.testState;\nreturn cy\n  .then(() => state.onStartScenario(scenario, indexedSteps))\n  .then(() =>\n    resolveAndRunBeforeHooks.call(this, scenario.tags, state.feature.name)\n  )\n  .then(() =>\n    indexedSteps.forEach(step => stepTest.call(this, state, step, rowData))\n  )\n  .then(() =>\n    resolveAndRunAfterHooks.call(this, scenario.tags, state.feature.name)\n  )\n  .then(() => state.onFinishScenario(scenario));",
              "err": {
                "message": "Error: Step implementation missing for: user is logged in but has not subscribed to perlego",
                "estack": "Error: Step implementation missing for: user is logged in but has not subscribed to perlego\n    at Context.resolveAndRunStepDefinition (https://qa.perlego.com/__cypress/tests?p=cypress/integration/BookPage.feature-917:25257:11)\n    at Object.<anonymous> (https://qa.perlego.com/__cypress/tests?p=cypress/integration/BookPage.feature-917:24623:35)\n    at executeFn (https://qa.perlego.com/__cypress/tests?p=cypress/support/index.js-956:2351:22)\n    at Context.<anonymous> (https://qa.perlego.com/__cypress/tests?p=cypress/support/index.js-956:2364:12)",
                "diff": null
              },
              "uuid": "b4b255a1-8c4a-45da-b3e7-abcc87d44e77",
              "parentUUID": "602449e8-332f-41e7-a4ae-c0047937b320",
              "isHook": false,
              "skipped": false
            },
            {
              "title": "Marketing banner start free trial button",
              "fullTitle": "Book Page Marketing banner start free trial button",
              "timedOut": null,
              "duration": 494,
              "state": "failed",
              "speed": null,
              "pass": false,
              "fail": true,
              "pending": false,
              "context": "\"assets/BookPage.feature/Book Page -- Marketing banner start free trial button (failed).png\"",
              "code": "const state = window.testState;\nreturn cy\n  .then(() => state.onStartScenario(scenario, indexedSteps))\n  .then(() =>\n    resolveAndRunBeforeHooks.call(this, scenario.tags, state.feature.name)\n  )\n  .then(() =>\n    indexedSteps.forEach(step => stepTest.call(this, state, step, rowData))\n  )\n  .then(() =>\n    resolveAndRunAfterHooks.call(this, scenario.tags, state.feature.name)\n  )\n  .then(() => state.onFinishScenario(scenario));",
              "err": {
                "message": "Error: Step implementation missing for: user is on any book page",
                "estack": "Error: Step implementation missing for: user is on any book page\n    at Context.resolveAndRunStepDefinition (https://qa.perlego.com/__cypress/tests?p=cypress/integration/BookPage.feature-917:25257:11)\n    at Object.<anonymous> (https://qa.perlego.com/__cypress/tests?p=cypress/integration/BookPage.feature-917:24623:35)\n    at executeFn (https://qa.perlego.com/__cypress/tests?p=cypress/support/index.js-956:2351:22)\n    at Context.<anonymous> (https://qa.perlego.com/__cypress/tests?p=cypress/support/index.js-956:2364:12)",
                "diff": null
              },
              "uuid": "84f16f9e-e2d1-4350-8f81-77d4240c62b4",
              "parentUUID": "602449e8-332f-41e7-a4ae-c0047937b320",
              "isHook": false,
              "skipped": false
            },
            {
              "title": "The marketing banner must appear on all the following pages",
              "fullTitle": "Book Page The marketing banner must appear on all the following pages",
              "timedOut": null,
              "duration": 476,
              "state": "failed",
              "speed": null,
              "pass": false,
              "fail": true,
              "pending": false,
              "context": "\"assets/BookPage.feature/Book Page -- The marketing banner must appear on all the following pages (failed).png\"",
              "code": "const state = window.testState;\nreturn cy\n  .then(() => state.onStartScenario(scenario, indexedSteps))\n  .then(() =>\n    resolveAndRunBeforeHooks.call(this, scenario.tags, state.feature.name)\n  )\n  .then(() =>\n    indexedSteps.forEach(step => stepTest.call(this, state, step, rowData))\n  )\n  .then(() =>\n    resolveAndRunAfterHooks.call(this, scenario.tags, state.feature.name)\n  )\n  .then(() => state.onFinishScenario(scenario));",
              "err": {
                "message": "Error: Step implementation missing for: user is non-subscriber or not logged in",
                "estack": "Error: Step implementation missing for: user is non-subscriber or not logged in\n    at Context.resolveAndRunStepDefinition (https://qa.perlego.com/__cypress/tests?p=cypress/integration/BookPage.feature-917:25257:11)\n    at Object.<anonymous> (https://qa.perlego.com/__cypress/tests?p=cypress/integration/BookPage.feature-917:24623:35)\n    at executeFn (https://qa.perlego.com/__cypress/tests?p=cypress/support/index.js-956:2351:22)\n    at Context.<anonymous> (https://qa.perlego.com/__cypress/tests?p=cypress/support/index.js-956:2364:12)",
                "diff": null
              },
              "uuid": "0b01d8d1-0144-474d-ad85-abc260b92267",
              "parentUUID": "602449e8-332f-41e7-a4ae-c0047937b320",
              "isHook": false,
              "skipped": false
            },
            {
              "title": "The marketing banner must not appear on all the following pages",
              "fullTitle": "Book Page The marketing banner must not appear on all the following pages",
              "timedOut": null,
              "duration": 472,
              "state": "failed",
              "speed": null,
              "pass": false,
              "fail": true,
              "pending": false,
              "context": "\"assets/BookPage.feature/Book Page -- The marketing banner must not appear on all the following pages (failed).png\"",
              "code": "const state = window.testState;\nreturn cy\n  .then(() => state.onStartScenario(scenario, indexedSteps))\n  .then(() =>\n    resolveAndRunBeforeHooks.call(this, scenario.tags, state.feature.name)\n  )\n  .then(() =>\n    indexedSteps.forEach(step => stepTest.call(this, state, step, rowData))\n  )\n  .then(() =>\n    resolveAndRunAfterHooks.call(this, scenario.tags, state.feature.name)\n  )\n  .then(() => state.onFinishScenario(scenario));",
              "err": {
                "message": "Error: Step implementation missing for: user is logged in",
                "estack": "Error: Step implementation missing for: user is logged in\n    at Context.resolveAndRunStepDefinition (https://qa.perlego.com/__cypress/tests?p=cypress/integration/BookPage.feature-917:25257:11)\n    at Object.<anonymous> (https://qa.perlego.com/__cypress/tests?p=cypress/integration/BookPage.feature-917:24623:35)\n    at executeFn (https://qa.perlego.com/__cypress/tests?p=cypress/support/index.js-956:2351:22)\n    at Context.<anonymous> (https://qa.perlego.com/__cypress/tests?p=cypress/support/index.js-956:2364:12)",
                "diff": null
              },
              "uuid": "d9a7675e-46e5-457f-87db-8856829fae6b",
              "parentUUID": "602449e8-332f-41e7-a4ae-c0047937b320",
              "isHook": false,
              "skipped": false
            },
            {
              "title": "The banner must contain the following details on book page",
              "fullTitle": "Book Page The banner must contain the following details on book page",
              "timedOut": null,
              "duration": 365,
              "state": "failed",
              "speed": null,
              "pass": false,
              "fail": true,
              "pending": false,
              "context": "\"assets/BookPage.feature/Book Page -- The banner must contain the following details on book page (failed).png\"",
              "code": "const state = window.testState;\nreturn cy\n  .then(() => state.onStartScenario(scenario, indexedSteps))\n  .then(() =>\n    resolveAndRunBeforeHooks.call(this, scenario.tags, state.feature.name)\n  )\n  .then(() =>\n    indexedSteps.forEach(step => stepTest.call(this, state, step, rowData))\n  )\n  .then(() =>\n    resolveAndRunAfterHooks.call(this, scenario.tags, state.feature.name)\n  )\n  .then(() => state.onFinishScenario(scenario));",
              "err": {
                "message": "Error: Step implementation missing for: user is non-subscriber or not logged in",
                "estack": "Error: Step implementation missing for: user is non-subscriber or not logged in\n    at Context.resolveAndRunStepDefinition (https://qa.perlego.com/__cypress/tests?p=cypress/integration/BookPage.feature-917:25257:11)\n    at Object.<anonymous> (https://qa.perlego.com/__cypress/tests?p=cypress/integration/BookPage.feature-917:24623:35)\n    at executeFn (https://qa.perlego.com/__cypress/tests?p=cypress/support/index.js-956:2351:22)\n    at Context.<anonymous> (https://qa.perlego.com/__cypress/tests?p=cypress/support/index.js-956:2364:12)",
                "diff": null
              },
              "uuid": "762ea6b6-181f-47c2-83e7-0068145c7e22",
              "parentUUID": "602449e8-332f-41e7-a4ae-c0047937b320",
              "isHook": false,
              "skipped": false
            },
            {
              "title": "Click on hide button on banner will not be shown to user again",
              "fullTitle": "Book Page Click on hide button on banner will not be shown to user again",
              "timedOut": null,
              "duration": 445,
              "state": "failed",
              "speed": null,
              "pass": false,
              "fail": true,
              "pending": false,
              "context": "\"assets/BookPage.feature/Book Page -- Click on hide button on banner will not be shown to user again (failed).png\"",
              "code": "const state = window.testState;\nreturn cy\n  .then(() => state.onStartScenario(scenario, indexedSteps))\n  .then(() =>\n    resolveAndRunBeforeHooks.call(this, scenario.tags, state.feature.name)\n  )\n  .then(() =>\n    indexedSteps.forEach(step => stepTest.call(this, state, step, rowData))\n  )\n  .then(() =>\n    resolveAndRunAfterHooks.call(this, scenario.tags, state.feature.name)\n  )\n  .then(() => state.onFinishScenario(scenario));",
              "err": {
                "message": "Error: Step implementation missing for: user is on any book page",
                "estack": "Error: Step implementation missing for: user is on any book page\n    at Context.resolveAndRunStepDefinition (https://qa.perlego.com/__cypress/tests?p=cypress/integration/BookPage.feature-917:25257:11)\n    at Object.<anonymous> (https://qa.perlego.com/__cypress/tests?p=cypress/integration/BookPage.feature-917:24623:35)\n    at executeFn (https://qa.perlego.com/__cypress/tests?p=cypress/support/index.js-956:2351:22)\n    at Context.<anonymous> (https://qa.perlego.com/__cypress/tests?p=cypress/support/index.js-956:2364:12)",
                "diff": null
              },
              "uuid": "62b6ee40-5a33-409b-86e1-7dba4c295308",
              "parentUUID": "602449e8-332f-41e7-a4ae-c0047937b320",
              "isHook": false,
              "skipped": false
            }
          ],
          "suites": [],
          "passes": [],
          "failures": [
            "498feb7c-0926-4cfb-a0e0-1c6acfd4ed9f",
            "9c5b9fea-1cf0-4b6d-a4bb-889e25a52f4a",
            "6d3aa9c3-2101-4305-9948-cc7170543198",
            "99f4afe3-8cae-4316-9002-dd02391b109d",
            "2ae12cfb-51da-455f-a281-33185e9142a7",
            "2dbbd372-5be5-4bbd-a1fd-58d9f16a5880",
            "29945e77-d549-45b8-b737-c166ab394e28",
            "ef83315b-7f83-4d0a-b33c-660543e9e217",
            "11731325-ede8-4a65-b987-eafec2eae063",
            "cc5e2d69-e6bd-4a78-935d-60a90a6a2cb6",
            "89a81673-5387-4681-aadc-991d66fdb27d",
            "b1d1817d-5ef4-44c9-b1fa-3b659d4c3fe3",
            "f1d73101-50cd-47d7-ab80-e36edfbf25a0",
            "f2909ac1-9b27-472f-9a20-88e69bc075e5",
            "f8e2f708-99cc-4d44-99f5-8b6b8da9d49c",
            "aaf624a8-f28e-47c3-9aea-b76372fde766",
            "993e90b5-33c0-499d-a7ac-7b41b8c290e7",
            "a8d0ed2e-a4f7-4889-b55e-13a28d476f11",
            "3fc182a6-5d40-46f1-9208-1d5b4ca2fd10",
            "23f9cb37-d126-465c-85f1-b5e9fa19e5ef",
            "4b942b4d-7401-47e0-8791-6dbe8cc32844",
            "f9b8bf77-1958-4dbf-b9ec-254bd26d582b",
            "4dd926de-5845-4f99-a233-e6b768b2173f",
            "4ce5ecb6-87ff-4361-afaf-d28b0fd90a68",
            "3a27ab18-233a-4dfc-b11f-6d8d0c0e6df7",
            "4df56e7a-2fbe-49fc-b8bb-4808278d6b2f",
            "691876e6-d05e-47d6-938c-58fabdfb2e1d",
            "fc1051a3-e15f-4e6e-9b13-5625455727a3",
            "01688864-a8f6-453a-8adc-d6fd1483a652",
            "f10d6071-8559-4201-9c3b-5237e413cefc",
            "cd358733-8727-4841-9ce8-d8542de22c7b",
            "d33409b9-d3d1-4b31-8bc2-998a693beea1",
            "4f91906e-1b13-4b3d-be94-1e78f1ffb86f",
            "c44a3c16-6249-445f-87f9-6dfcd15ab477",
            "82bb51f7-19f4-45f4-ba85-591ab4a53403",
            "50bab8e2-6b88-4a20-954c-5bf8a3e579c7",
            "39c4670e-15a6-4826-a380-be25db90870f",
            "0d1fa4cb-b86e-47b1-b4bc-b16d46c83e63",
            "89e46edc-f121-40ef-b8d7-396625eea73f",
            "9e20f1a5-b423-4062-9dd5-c33f803314c6",
            "dc520f58-a7f5-4b1f-9e8f-21a66040acdc",
            "d27056f4-0a36-49c1-8843-44d0cbe5380b",
            "e2ed70eb-4b2e-4156-8b39-57fa97532897",
            "960e8282-6159-43c0-b13d-b7db5fa3f9f1",
            "b15e6067-dd86-487b-afe8-24647e00c424",
            "d2505395-5023-444d-b8ad-7e278f2e4cfa",
            "b4b255a1-8c4a-45da-b3e7-abcc87d44e77",
            "84f16f9e-e2d1-4350-8f81-77d4240c62b4",
            "0b01d8d1-0144-474d-ad85-abc260b92267",
            "d9a7675e-46e5-457f-87db-8856829fae6b",
            "762ea6b6-181f-47c2-83e7-0068145c7e22",
            "62b6ee40-5a33-409b-86e1-7dba4c295308"
          ],
          "pending": [],
          "skipped": [],
          "duration": 21481,
          "root": false,
          "rootEmpty": false,
          "_timeout": 2000
        }
      ],
      "passes": [],
      "failures": [],
      "pending": [],
      "skipped": [],
      "duration": 0,
      "root": true,
      "rootEmpty": true,
      "_timeout": 2000
    }
  ],
  "meta": {
    "mocha": {
      "version": "5.2.0"
    },
    "mochawesome": {
      "options": {
        "quiet": false,
        "reportFilename": "mochawesome",
        "saveHtml": true,
        "saveJson": true,
        "consoleReporter": "spec",
        "useInlineDiffs": false
      },
      "version": "4.1.0"
    },
    "marge": {
      "options": {
        "reportDir": "mochawesome-report",
        "overwrite": false,
        "html": true,
        "json": true,
        "timestamp": "mmddyyyy_HHMMss"
      },
      "version": "4.1.0"
    }
  }
}