{
  "stats": {
    "suites": 1,
    "tests": 10,
    "passes": 0,
    "pending": 0,
    "failures": 10,
    "start": "2020-01-17T22:39:02.090Z",
    "end": "2020-01-17T22:39:06.654Z",
    "duration": 4564,
    "testsRegistered": 10,
    "passPercent": 0,
    "pendingPercent": 0,
    "other": 0,
    "hasOther": false,
    "skipped": 0,
    "hasSkipped": false
  },
  "results": [
    {
      "uuid": "37a7f23c-59ea-47f3-bde7-9d525e345182",
      "title": "",
      "fullFile": "",
      "file": "",
      "beforeHooks": [],
      "afterHooks": [],
      "tests": [],
      "suites": [
        {
          "uuid": "db434604-eebb-4ff1-94f7-64cd6600ae56",
          "title": "Login Page",
          "fullFile": "",
          "file": "",
          "beforeHooks": [],
          "afterHooks": [],
          "tests": [
            {
              "title": "User should able to view the main header on login page",
              "fullTitle": "Login Page User should able to view the main header on login page",
              "timedOut": null,
              "duration": 522,
              "state": "failed",
              "speed": null,
              "pass": false,
              "fail": true,
              "pending": false,
              "context": "\"assets/login.feature/Login Page -- User should able to view the main header on login page (failed).png\"",
              "code": "const state = window.testState;\nreturn cy\n  .then(() => state.onStartScenario(scenario, indexedSteps))\n  .then(() =>\n    resolveAndRunBeforeHooks.call(this, scenario.tags, state.feature.name)\n  )\n  .then(() =>\n    indexedSteps.forEach(step => stepTest.call(this, state, step, rowData))\n  )\n  .then(() =>\n    resolveAndRunAfterHooks.call(this, scenario.tags, state.feature.name)\n  )\n  .then(() => state.onFinishScenario(scenario));",
              "err": {
                "message": "CypressError: cy.visit() failed trying to load:\n\nhttps://qa.perlego.com/login\n\nThe response we received from your web server was:\n\n  > 403: Forbidden\n\nThis was considered a failure because the status code was not '2xx'.\n\nIf you do not want status codes to cause failures pass the option: 'failOnStatusCode: false'",
                "estack": "CypressError: cy.visit() failed trying to load:\n\nhttps://qa.perlego.com/login\n\nThe response we received from your web server was:\n\n  > 403: Forbidden\n\nThis was considered a failure because the status code was not '2xx'.\n\nIf you do not want status codes to cause failures pass the option: 'failOnStatusCode: false'\n    at Object.cypressErr (http://localhost:57627/__cypress/runner/cypress_runner.js:86089:11)\n    at Object.throwErr (http://localhost:57627/__cypress/runner/cypress_runner.js:86044:18)\n    at Object.throwErrByPath (http://localhost:57627/__cypress/runner/cypress_runner.js:86076:17)\n    at http://localhost:57627/__cypress/runner/cypress_runner.js:71404:31\n    at visitFailedByErr (http://localhost:57627/__cypress/runner/cypress_runner.js:70917:12)\n    at http://localhost:57627/__cypress/runner/cypress_runner.js:71385:22\n    at tryCatcher (http://localhost:57627/__cypress/runner/cypress_runner.js:120353:23)\n    at Promise._settlePromiseFromHandler (http://localhost:57627/__cypress/runner/cypress_runner.js:118289:31)\n    at Promise._settlePromise (http://localhost:57627/__cypress/runner/cypress_runner.js:118346:18)\n    at Promise._settlePromise0 (http://localhost:57627/__cypress/runner/cypress_runner.js:118391:10)\n    at Promise._settlePromises (http://localhost:57627/__cypress/runner/cypress_runner.js:118466:18)\n    at Async../node_modules/bluebird/js/release/async.js.Async._drainQueue (http://localhost:57627/__cypress/runner/cypress_runner.js:115078:16)\n    at Async../node_modules/bluebird/js/release/async.js.Async._drainQueues (http://localhost:57627/__cypress/runner/cypress_runner.js:115088:10)\n    at Async.drainQueues (http://localhost:57627/__cypress/runner/cypress_runner.js:114962:14)",
                "diff": null
              },
              "uuid": "5372ea83-2063-47fc-a290-7dae4c39a197",
              "parentUUID": "db434604-eebb-4ff1-94f7-64cd6600ae56",
              "isHook": false,
              "skipped": false
            },
            {
              "title": "Login with valid credentials (example #1)",
              "fullTitle": "Login Page Login with valid credentials (example #1)",
              "timedOut": null,
              "duration": 442,
              "state": "failed",
              "speed": null,
              "pass": false,
              "fail": true,
              "pending": false,
              "context": "\"assets/login.feature/Login Page -- Login with valid credentials (example #1) (failed).png\"",
              "code": "const state = window.testState;\nreturn cy\n  .then(() => state.onStartScenario(scenario, indexedSteps))\n  .then(() =>\n    resolveAndRunBeforeHooks.call(this, scenario.tags, state.feature.name)\n  )\n  .then(() =>\n    indexedSteps.forEach(step => stepTest.call(this, state, step, rowData))\n  )\n  .then(() =>\n    resolveAndRunAfterHooks.call(this, scenario.tags, state.feature.name)\n  )\n  .then(() => state.onFinishScenario(scenario));",
              "err": {
                "message": "CypressError: cy.visit() failed trying to load:\n\nhttps://qa.perlego.com/login\n\nThe response we received from your web server was:\n\n  > 403: Forbidden\n\nThis was considered a failure because the status code was not '2xx'.\n\nIf you do not want status codes to cause failures pass the option: 'failOnStatusCode: false'",
                "estack": "CypressError: cy.visit() failed trying to load:\n\nhttps://qa.perlego.com/login\n\nThe response we received from your web server was:\n\n  > 403: Forbidden\n\nThis was considered a failure because the status code was not '2xx'.\n\nIf you do not want status codes to cause failures pass the option: 'failOnStatusCode: false'\n    at Object.cypressErr (http://localhost:57627/__cypress/runner/cypress_runner.js:86089:11)\n    at Object.throwErr (http://localhost:57627/__cypress/runner/cypress_runner.js:86044:18)\n    at Object.throwErrByPath (http://localhost:57627/__cypress/runner/cypress_runner.js:86076:17)\n    at http://localhost:57627/__cypress/runner/cypress_runner.js:71404:31\n    at visitFailedByErr (http://localhost:57627/__cypress/runner/cypress_runner.js:70917:12)\n    at http://localhost:57627/__cypress/runner/cypress_runner.js:71385:22\n    at tryCatcher (http://localhost:57627/__cypress/runner/cypress_runner.js:120353:23)\n    at Promise._settlePromiseFromHandler (http://localhost:57627/__cypress/runner/cypress_runner.js:118289:31)\n    at Promise._settlePromise (http://localhost:57627/__cypress/runner/cypress_runner.js:118346:18)\n    at Promise._settlePromise0 (http://localhost:57627/__cypress/runner/cypress_runner.js:118391:10)\n    at Promise._settlePromises (http://localhost:57627/__cypress/runner/cypress_runner.js:118466:18)\n    at Async../node_modules/bluebird/js/release/async.js.Async._drainQueue (http://localhost:57627/__cypress/runner/cypress_runner.js:115078:16)\n    at Async../node_modules/bluebird/js/release/async.js.Async._drainQueues (http://localhost:57627/__cypress/runner/cypress_runner.js:115088:10)\n    at Async.drainQueues (http://localhost:57627/__cypress/runner/cypress_runner.js:114962:14)",
                "diff": null
              },
              "uuid": "e7367d5a-1846-4361-bdc9-81efe5a5c6f9",
              "parentUUID": "db434604-eebb-4ff1-94f7-64cd6600ae56",
              "isHook": false,
              "skipped": false
            },
            {
              "title": "Login errors validations for invalid credentials (example #1)",
              "fullTitle": "Login Page Login errors validations for invalid credentials (example #1)",
              "timedOut": null,
              "duration": 404,
              "state": "failed",
              "speed": null,
              "pass": false,
              "fail": true,
              "pending": false,
              "context": "\"assets/login.feature/Login Page -- Login errors validations for invalid credentials (example #1) (failed).png\"",
              "code": "const state = window.testState;\nreturn cy\n  .then(() => state.onStartScenario(scenario, indexedSteps))\n  .then(() =>\n    resolveAndRunBeforeHooks.call(this, scenario.tags, state.feature.name)\n  )\n  .then(() =>\n    indexedSteps.forEach(step => stepTest.call(this, state, step, rowData))\n  )\n  .then(() =>\n    resolveAndRunAfterHooks.call(this, scenario.tags, state.feature.name)\n  )\n  .then(() => state.onFinishScenario(scenario));",
              "err": {
                "message": "CypressError: cy.visit() failed trying to load:\n\nhttps://qa.perlego.com/login\n\nThe response we received from your web server was:\n\n  > 403: Forbidden\n\nThis was considered a failure because the status code was not '2xx'.\n\nIf you do not want status codes to cause failures pass the option: 'failOnStatusCode: false'",
                "estack": "CypressError: cy.visit() failed trying to load:\n\nhttps://qa.perlego.com/login\n\nThe response we received from your web server was:\n\n  > 403: Forbidden\n\nThis was considered a failure because the status code was not '2xx'.\n\nIf you do not want status codes to cause failures pass the option: 'failOnStatusCode: false'\n    at Object.cypressErr (http://localhost:57627/__cypress/runner/cypress_runner.js:86089:11)\n    at Object.throwErr (http://localhost:57627/__cypress/runner/cypress_runner.js:86044:18)\n    at Object.throwErrByPath (http://localhost:57627/__cypress/runner/cypress_runner.js:86076:17)\n    at http://localhost:57627/__cypress/runner/cypress_runner.js:71404:31\n    at visitFailedByErr (http://localhost:57627/__cypress/runner/cypress_runner.js:70917:12)\n    at http://localhost:57627/__cypress/runner/cypress_runner.js:71385:22\n    at tryCatcher (http://localhost:57627/__cypress/runner/cypress_runner.js:120353:23)\n    at Promise._settlePromiseFromHandler (http://localhost:57627/__cypress/runner/cypress_runner.js:118289:31)\n    at Promise._settlePromise (http://localhost:57627/__cypress/runner/cypress_runner.js:118346:18)\n    at Promise._settlePromise0 (http://localhost:57627/__cypress/runner/cypress_runner.js:118391:10)\n    at Promise._settlePromises (http://localhost:57627/__cypress/runner/cypress_runner.js:118466:18)\n    at Async../node_modules/bluebird/js/release/async.js.Async._drainQueue (http://localhost:57627/__cypress/runner/cypress_runner.js:115078:16)\n    at Async../node_modules/bluebird/js/release/async.js.Async._drainQueues (http://localhost:57627/__cypress/runner/cypress_runner.js:115088:10)\n    at Async.drainQueues (http://localhost:57627/__cypress/runner/cypress_runner.js:114962:14)",
                "diff": null
              },
              "uuid": "92936f09-2c23-4aec-80e8-80166d68ba65",
              "parentUUID": "db434604-eebb-4ff1-94f7-64cd6600ae56",
              "isHook": false,
              "skipped": false
            },
            {
              "title": "Login errors validations for invalid credentials (example #2)",
              "fullTitle": "Login Page Login errors validations for invalid credentials (example #2)",
              "timedOut": null,
              "duration": 527,
              "state": "failed",
              "speed": null,
              "pass": false,
              "fail": true,
              "pending": false,
              "context": "\"assets/login.feature/Login Page -- Login errors validations for invalid credentials (example #2) (failed).png\"",
              "code": "const state = window.testState;\nreturn cy\n  .then(() => state.onStartScenario(scenario, indexedSteps))\n  .then(() =>\n    resolveAndRunBeforeHooks.call(this, scenario.tags, state.feature.name)\n  )\n  .then(() =>\n    indexedSteps.forEach(step => stepTest.call(this, state, step, rowData))\n  )\n  .then(() =>\n    resolveAndRunAfterHooks.call(this, scenario.tags, state.feature.name)\n  )\n  .then(() => state.onFinishScenario(scenario));",
              "err": {
                "message": "CypressError: cy.visit() failed trying to load:\n\nhttps://qa.perlego.com/login\n\nThe response we received from your web server was:\n\n  > 403: Forbidden\n\nThis was considered a failure because the status code was not '2xx'.\n\nIf you do not want status codes to cause failures pass the option: 'failOnStatusCode: false'",
                "estack": "CypressError: cy.visit() failed trying to load:\n\nhttps://qa.perlego.com/login\n\nThe response we received from your web server was:\n\n  > 403: Forbidden\n\nThis was considered a failure because the status code was not '2xx'.\n\nIf you do not want status codes to cause failures pass the option: 'failOnStatusCode: false'\n    at Object.cypressErr (http://localhost:57627/__cypress/runner/cypress_runner.js:86089:11)\n    at Object.throwErr (http://localhost:57627/__cypress/runner/cypress_runner.js:86044:18)\n    at Object.throwErrByPath (http://localhost:57627/__cypress/runner/cypress_runner.js:86076:17)\n    at http://localhost:57627/__cypress/runner/cypress_runner.js:71404:31\n    at visitFailedByErr (http://localhost:57627/__cypress/runner/cypress_runner.js:70917:12)\n    at http://localhost:57627/__cypress/runner/cypress_runner.js:71385:22\n    at tryCatcher (http://localhost:57627/__cypress/runner/cypress_runner.js:120353:23)\n    at Promise._settlePromiseFromHandler (http://localhost:57627/__cypress/runner/cypress_runner.js:118289:31)\n    at Promise._settlePromise (http://localhost:57627/__cypress/runner/cypress_runner.js:118346:18)\n    at Promise._settlePromise0 (http://localhost:57627/__cypress/runner/cypress_runner.js:118391:10)\n    at Promise._settlePromises (http://localhost:57627/__cypress/runner/cypress_runner.js:118466:18)\n    at Async../node_modules/bluebird/js/release/async.js.Async._drainQueue (http://localhost:57627/__cypress/runner/cypress_runner.js:115078:16)\n    at Async../node_modules/bluebird/js/release/async.js.Async._drainQueues (http://localhost:57627/__cypress/runner/cypress_runner.js:115088:10)\n    at Async.drainQueues (http://localhost:57627/__cypress/runner/cypress_runner.js:114962:14)",
                "diff": null
              },
              "uuid": "499362ce-0cf2-432c-bd71-14d34ddec846",
              "parentUUID": "db434604-eebb-4ff1-94f7-64cd6600ae56",
              "isHook": false,
              "skipped": false
            },
            {
              "title": "Login errors validations for invalid credentials (example #3)",
              "fullTitle": "Login Page Login errors validations for invalid credentials (example #3)",
              "timedOut": null,
              "duration": 393,
              "state": "failed",
              "speed": null,
              "pass": false,
              "fail": true,
              "pending": false,
              "context": "\"assets/login.feature/Login Page -- Login errors validations for invalid credentials (example #3) (failed).png\"",
              "code": "const state = window.testState;\nreturn cy\n  .then(() => state.onStartScenario(scenario, indexedSteps))\n  .then(() =>\n    resolveAndRunBeforeHooks.call(this, scenario.tags, state.feature.name)\n  )\n  .then(() =>\n    indexedSteps.forEach(step => stepTest.call(this, state, step, rowData))\n  )\n  .then(() =>\n    resolveAndRunAfterHooks.call(this, scenario.tags, state.feature.name)\n  )\n  .then(() => state.onFinishScenario(scenario));",
              "err": {
                "message": "CypressError: cy.visit() failed trying to load:\n\nhttps://qa.perlego.com/login\n\nThe response we received from your web server was:\n\n  > 403: Forbidden\n\nThis was considered a failure because the status code was not '2xx'.\n\nIf you do not want status codes to cause failures pass the option: 'failOnStatusCode: false'",
                "estack": "CypressError: cy.visit() failed trying to load:\n\nhttps://qa.perlego.com/login\n\nThe response we received from your web server was:\n\n  > 403: Forbidden\n\nThis was considered a failure because the status code was not '2xx'.\n\nIf you do not want status codes to cause failures pass the option: 'failOnStatusCode: false'\n    at Object.cypressErr (http://localhost:57627/__cypress/runner/cypress_runner.js:86089:11)\n    at Object.throwErr (http://localhost:57627/__cypress/runner/cypress_runner.js:86044:18)\n    at Object.throwErrByPath (http://localhost:57627/__cypress/runner/cypress_runner.js:86076:17)\n    at http://localhost:57627/__cypress/runner/cypress_runner.js:71404:31\n    at visitFailedByErr (http://localhost:57627/__cypress/runner/cypress_runner.js:70917:12)\n    at http://localhost:57627/__cypress/runner/cypress_runner.js:71385:22\n    at tryCatcher (http://localhost:57627/__cypress/runner/cypress_runner.js:120353:23)\n    at Promise._settlePromiseFromHandler (http://localhost:57627/__cypress/runner/cypress_runner.js:118289:31)\n    at Promise._settlePromise (http://localhost:57627/__cypress/runner/cypress_runner.js:118346:18)\n    at Promise._settlePromise0 (http://localhost:57627/__cypress/runner/cypress_runner.js:118391:10)\n    at Promise._settlePromises (http://localhost:57627/__cypress/runner/cypress_runner.js:118466:18)\n    at Async../node_modules/bluebird/js/release/async.js.Async._drainQueue (http://localhost:57627/__cypress/runner/cypress_runner.js:115078:16)\n    at Async../node_modules/bluebird/js/release/async.js.Async._drainQueues (http://localhost:57627/__cypress/runner/cypress_runner.js:115088:10)\n    at Async.drainQueues (http://localhost:57627/__cypress/runner/cypress_runner.js:114962:14)",
                "diff": null
              },
              "uuid": "4b51207b-5a63-438b-aed8-24c3ec8fef70",
              "parentUUID": "db434604-eebb-4ff1-94f7-64cd6600ae56",
              "isHook": false,
              "skipped": false
            },
            {
              "title": "Forgot password",
              "fullTitle": "Login Page Forgot password",
              "timedOut": null,
              "duration": 406,
              "state": "failed",
              "speed": null,
              "pass": false,
              "fail": true,
              "pending": false,
              "context": "\"assets/login.feature/Login Page -- Forgot password (failed).png\"",
              "code": "const state = window.testState;\nreturn cy\n  .then(() => state.onStartScenario(scenario, indexedSteps))\n  .then(() =>\n    resolveAndRunBeforeHooks.call(this, scenario.tags, state.feature.name)\n  )\n  .then(() =>\n    indexedSteps.forEach(step => stepTest.call(this, state, step, rowData))\n  )\n  .then(() =>\n    resolveAndRunAfterHooks.call(this, scenario.tags, state.feature.name)\n  )\n  .then(() => state.onFinishScenario(scenario));",
              "err": {
                "message": "CypressError: cy.visit() failed trying to load:\n\nhttps://qa.perlego.com/login\n\nThe response we received from your web server was:\n\n  > 403: Forbidden\n\nThis was considered a failure because the status code was not '2xx'.\n\nIf you do not want status codes to cause failures pass the option: 'failOnStatusCode: false'",
                "estack": "CypressError: cy.visit() failed trying to load:\n\nhttps://qa.perlego.com/login\n\nThe response we received from your web server was:\n\n  > 403: Forbidden\n\nThis was considered a failure because the status code was not '2xx'.\n\nIf you do not want status codes to cause failures pass the option: 'failOnStatusCode: false'\n    at Object.cypressErr (http://localhost:57627/__cypress/runner/cypress_runner.js:86089:11)\n    at Object.throwErr (http://localhost:57627/__cypress/runner/cypress_runner.js:86044:18)\n    at Object.throwErrByPath (http://localhost:57627/__cypress/runner/cypress_runner.js:86076:17)\n    at http://localhost:57627/__cypress/runner/cypress_runner.js:71404:31\n    at visitFailedByErr (http://localhost:57627/__cypress/runner/cypress_runner.js:70917:12)\n    at http://localhost:57627/__cypress/runner/cypress_runner.js:71385:22\n    at tryCatcher (http://localhost:57627/__cypress/runner/cypress_runner.js:120353:23)\n    at Promise._settlePromiseFromHandler (http://localhost:57627/__cypress/runner/cypress_runner.js:118289:31)\n    at Promise._settlePromise (http://localhost:57627/__cypress/runner/cypress_runner.js:118346:18)\n    at Promise._settlePromise0 (http://localhost:57627/__cypress/runner/cypress_runner.js:118391:10)\n    at Promise._settlePromises (http://localhost:57627/__cypress/runner/cypress_runner.js:118466:18)\n    at Async../node_modules/bluebird/js/release/async.js.Async._drainQueue (http://localhost:57627/__cypress/runner/cypress_runner.js:115078:16)\n    at Async../node_modules/bluebird/js/release/async.js.Async._drainQueues (http://localhost:57627/__cypress/runner/cypress_runner.js:115088:10)\n    at Async.drainQueues (http://localhost:57627/__cypress/runner/cypress_runner.js:114962:14)",
                "diff": null
              },
              "uuid": "24e4856c-8c44-4db2-b161-400348a9deed",
              "parentUUID": "db434604-eebb-4ff1-94f7-64cd6600ae56",
              "isHook": false,
              "skipped": false
            },
            {
              "title": "Don't have an account",
              "fullTitle": "Login Page Don't have an account",
              "timedOut": null,
              "duration": 399,
              "state": "failed",
              "speed": null,
              "pass": false,
              "fail": true,
              "pending": false,
              "context": "\"assets/login.feature/Login Page -- Don't have an account (failed).png\"",
              "code": "const state = window.testState;\nreturn cy\n  .then(() => state.onStartScenario(scenario, indexedSteps))\n  .then(() =>\n    resolveAndRunBeforeHooks.call(this, scenario.tags, state.feature.name)\n  )\n  .then(() =>\n    indexedSteps.forEach(step => stepTest.call(this, state, step, rowData))\n  )\n  .then(() =>\n    resolveAndRunAfterHooks.call(this, scenario.tags, state.feature.name)\n  )\n  .then(() => state.onFinishScenario(scenario));",
              "err": {
                "message": "CypressError: cy.visit() failed trying to load:\n\nhttps://qa.perlego.com/login\n\nThe response we received from your web server was:\n\n  > 403: Forbidden\n\nThis was considered a failure because the status code was not '2xx'.\n\nIf you do not want status codes to cause failures pass the option: 'failOnStatusCode: false'",
                "estack": "CypressError: cy.visit() failed trying to load:\n\nhttps://qa.perlego.com/login\n\nThe response we received from your web server was:\n\n  > 403: Forbidden\n\nThis was considered a failure because the status code was not '2xx'.\n\nIf you do not want status codes to cause failures pass the option: 'failOnStatusCode: false'\n    at Object.cypressErr (http://localhost:57627/__cypress/runner/cypress_runner.js:86089:11)\n    at Object.throwErr (http://localhost:57627/__cypress/runner/cypress_runner.js:86044:18)\n    at Object.throwErrByPath (http://localhost:57627/__cypress/runner/cypress_runner.js:86076:17)\n    at http://localhost:57627/__cypress/runner/cypress_runner.js:71404:31\n    at visitFailedByErr (http://localhost:57627/__cypress/runner/cypress_runner.js:70917:12)\n    at http://localhost:57627/__cypress/runner/cypress_runner.js:71385:22\n    at tryCatcher (http://localhost:57627/__cypress/runner/cypress_runner.js:120353:23)\n    at Promise._settlePromiseFromHandler (http://localhost:57627/__cypress/runner/cypress_runner.js:118289:31)\n    at Promise._settlePromise (http://localhost:57627/__cypress/runner/cypress_runner.js:118346:18)\n    at Promise._settlePromise0 (http://localhost:57627/__cypress/runner/cypress_runner.js:118391:10)\n    at Promise._settlePromises (http://localhost:57627/__cypress/runner/cypress_runner.js:118466:18)\n    at Async../node_modules/bluebird/js/release/async.js.Async._drainQueue (http://localhost:57627/__cypress/runner/cypress_runner.js:115078:16)\n    at Async../node_modules/bluebird/js/release/async.js.Async._drainQueues (http://localhost:57627/__cypress/runner/cypress_runner.js:115088:10)\n    at Async.drainQueues (http://localhost:57627/__cypress/runner/cypress_runner.js:114962:14)",
                "diff": null
              },
              "uuid": "f0dc83c3-946f-498d-9c92-a9b33880e1f7",
              "parentUUID": "db434604-eebb-4ff1-94f7-64cd6600ae56",
              "isHook": false,
              "skipped": false
            },
            {
              "title": "Error validations for blank email and password field (example #1)",
              "fullTitle": "Login Page Error validations for blank email and password field (example #1)",
              "timedOut": null,
              "duration": 425,
              "state": "failed",
              "speed": null,
              "pass": false,
              "fail": true,
              "pending": false,
              "context": "\"assets/login.feature/Login Page -- Error validations for blank email and password field (example #1) (failed).png\"",
              "code": "const state = window.testState;\nreturn cy\n  .then(() => state.onStartScenario(scenario, indexedSteps))\n  .then(() =>\n    resolveAndRunBeforeHooks.call(this, scenario.tags, state.feature.name)\n  )\n  .then(() =>\n    indexedSteps.forEach(step => stepTest.call(this, state, step, rowData))\n  )\n  .then(() =>\n    resolveAndRunAfterHooks.call(this, scenario.tags, state.feature.name)\n  )\n  .then(() => state.onFinishScenario(scenario));",
              "err": {
                "message": "CypressError: cy.visit() failed trying to load:\n\nhttps://qa.perlego.com/login\n\nThe response we received from your web server was:\n\n  > 403: Forbidden\n\nThis was considered a failure because the status code was not '2xx'.\n\nIf you do not want status codes to cause failures pass the option: 'failOnStatusCode: false'",
                "estack": "CypressError: cy.visit() failed trying to load:\n\nhttps://qa.perlego.com/login\n\nThe response we received from your web server was:\n\n  > 403: Forbidden\n\nThis was considered a failure because the status code was not '2xx'.\n\nIf you do not want status codes to cause failures pass the option: 'failOnStatusCode: false'\n    at Object.cypressErr (http://localhost:57627/__cypress/runner/cypress_runner.js:86089:11)\n    at Object.throwErr (http://localhost:57627/__cypress/runner/cypress_runner.js:86044:18)\n    at Object.throwErrByPath (http://localhost:57627/__cypress/runner/cypress_runner.js:86076:17)\n    at http://localhost:57627/__cypress/runner/cypress_runner.js:71404:31\n    at visitFailedByErr (http://localhost:57627/__cypress/runner/cypress_runner.js:70917:12)\n    at http://localhost:57627/__cypress/runner/cypress_runner.js:71385:22\n    at tryCatcher (http://localhost:57627/__cypress/runner/cypress_runner.js:120353:23)\n    at Promise._settlePromiseFromHandler (http://localhost:57627/__cypress/runner/cypress_runner.js:118289:31)\n    at Promise._settlePromise (http://localhost:57627/__cypress/runner/cypress_runner.js:118346:18)\n    at Promise._settlePromise0 (http://localhost:57627/__cypress/runner/cypress_runner.js:118391:10)\n    at Promise._settlePromises (http://localhost:57627/__cypress/runner/cypress_runner.js:118466:18)\n    at Async../node_modules/bluebird/js/release/async.js.Async._drainQueue (http://localhost:57627/__cypress/runner/cypress_runner.js:115078:16)\n    at Async../node_modules/bluebird/js/release/async.js.Async._drainQueues (http://localhost:57627/__cypress/runner/cypress_runner.js:115088:10)\n    at Async.drainQueues (http://localhost:57627/__cypress/runner/cypress_runner.js:114962:14)",
                "diff": null
              },
              "uuid": "0b9227cd-680f-4c13-8e78-ba0619047b90",
              "parentUUID": "db434604-eebb-4ff1-94f7-64cd6600ae56",
              "isHook": false,
              "skipped": false
            },
            {
              "title": "Error validation for blank email field (example #1)",
              "fullTitle": "Login Page Error validation for blank email field (example #1)",
              "timedOut": null,
              "duration": 423,
              "state": "failed",
              "speed": null,
              "pass": false,
              "fail": true,
              "pending": false,
              "context": "\"assets/login.feature/Login Page -- Error validation for blank email field (example #1) (failed).png\"",
              "code": "const state = window.testState;\nreturn cy\n  .then(() => state.onStartScenario(scenario, indexedSteps))\n  .then(() =>\n    resolveAndRunBeforeHooks.call(this, scenario.tags, state.feature.name)\n  )\n  .then(() =>\n    indexedSteps.forEach(step => stepTest.call(this, state, step, rowData))\n  )\n  .then(() =>\n    resolveAndRunAfterHooks.call(this, scenario.tags, state.feature.name)\n  )\n  .then(() => state.onFinishScenario(scenario));",
              "err": {
                "message": "CypressError: cy.visit() failed trying to load:\n\nhttps://qa.perlego.com/login\n\nThe response we received from your web server was:\n\n  > 403: Forbidden\n\nThis was considered a failure because the status code was not '2xx'.\n\nIf you do not want status codes to cause failures pass the option: 'failOnStatusCode: false'",
                "estack": "CypressError: cy.visit() failed trying to load:\n\nhttps://qa.perlego.com/login\n\nThe response we received from your web server was:\n\n  > 403: Forbidden\n\nThis was considered a failure because the status code was not '2xx'.\n\nIf you do not want status codes to cause failures pass the option: 'failOnStatusCode: false'\n    at Object.cypressErr (http://localhost:57627/__cypress/runner/cypress_runner.js:86089:11)\n    at Object.throwErr (http://localhost:57627/__cypress/runner/cypress_runner.js:86044:18)\n    at Object.throwErrByPath (http://localhost:57627/__cypress/runner/cypress_runner.js:86076:17)\n    at http://localhost:57627/__cypress/runner/cypress_runner.js:71404:31\n    at visitFailedByErr (http://localhost:57627/__cypress/runner/cypress_runner.js:70917:12)\n    at http://localhost:57627/__cypress/runner/cypress_runner.js:71385:22\n    at tryCatcher (http://localhost:57627/__cypress/runner/cypress_runner.js:120353:23)\n    at Promise._settlePromiseFromHandler (http://localhost:57627/__cypress/runner/cypress_runner.js:118289:31)\n    at Promise._settlePromise (http://localhost:57627/__cypress/runner/cypress_runner.js:118346:18)\n    at Promise._settlePromise0 (http://localhost:57627/__cypress/runner/cypress_runner.js:118391:10)\n    at Promise._settlePromises (http://localhost:57627/__cypress/runner/cypress_runner.js:118466:18)\n    at Async../node_modules/bluebird/js/release/async.js.Async._drainQueue (http://localhost:57627/__cypress/runner/cypress_runner.js:115078:16)\n    at Async../node_modules/bluebird/js/release/async.js.Async._drainQueues (http://localhost:57627/__cypress/runner/cypress_runner.js:115088:10)\n    at Async.drainQueues (http://localhost:57627/__cypress/runner/cypress_runner.js:114962:14)",
                "diff": null
              },
              "uuid": "8f1ac825-7a4b-46d5-9d45-75a203eed3f3",
              "parentUUID": "db434604-eebb-4ff1-94f7-64cd6600ae56",
              "isHook": false,
              "skipped": false
            },
            {
              "title": "Error validation for blank password field (example #1)",
              "fullTitle": "Login Page Error validation for blank password field (example #1)",
              "timedOut": null,
              "duration": 454,
              "state": "failed",
              "speed": null,
              "pass": false,
              "fail": true,
              "pending": false,
              "context": "\"assets/login.feature/Login Page -- Error validation for blank password field (example #1) (failed).png\"",
              "code": "const state = window.testState;\nreturn cy\n  .then(() => state.onStartScenario(scenario, indexedSteps))\n  .then(() =>\n    resolveAndRunBeforeHooks.call(this, scenario.tags, state.feature.name)\n  )\n  .then(() =>\n    indexedSteps.forEach(step => stepTest.call(this, state, step, rowData))\n  )\n  .then(() =>\n    resolveAndRunAfterHooks.call(this, scenario.tags, state.feature.name)\n  )\n  .then(() => state.onFinishScenario(scenario));",
              "err": {
                "message": "CypressError: cy.visit() failed trying to load:\n\nhttps://qa.perlego.com/login\n\nThe response we received from your web server was:\n\n  > 403: Forbidden\n\nThis was considered a failure because the status code was not '2xx'.\n\nIf you do not want status codes to cause failures pass the option: 'failOnStatusCode: false'",
                "estack": "CypressError: cy.visit() failed trying to load:\n\nhttps://qa.perlego.com/login\n\nThe response we received from your web server was:\n\n  > 403: Forbidden\n\nThis was considered a failure because the status code was not '2xx'.\n\nIf you do not want status codes to cause failures pass the option: 'failOnStatusCode: false'\n    at Object.cypressErr (http://localhost:57627/__cypress/runner/cypress_runner.js:86089:11)\n    at Object.throwErr (http://localhost:57627/__cypress/runner/cypress_runner.js:86044:18)\n    at Object.throwErrByPath (http://localhost:57627/__cypress/runner/cypress_runner.js:86076:17)\n    at http://localhost:57627/__cypress/runner/cypress_runner.js:71404:31\n    at visitFailedByErr (http://localhost:57627/__cypress/runner/cypress_runner.js:70917:12)\n    at http://localhost:57627/__cypress/runner/cypress_runner.js:71385:22\n    at tryCatcher (http://localhost:57627/__cypress/runner/cypress_runner.js:120353:23)\n    at Promise._settlePromiseFromHandler (http://localhost:57627/__cypress/runner/cypress_runner.js:118289:31)\n    at Promise._settlePromise (http://localhost:57627/__cypress/runner/cypress_runner.js:118346:18)\n    at Promise._settlePromise0 (http://localhost:57627/__cypress/runner/cypress_runner.js:118391:10)\n    at Promise._settlePromises (http://localhost:57627/__cypress/runner/cypress_runner.js:118466:18)\n    at Async../node_modules/bluebird/js/release/async.js.Async._drainQueue (http://localhost:57627/__cypress/runner/cypress_runner.js:115078:16)\n    at Async../node_modules/bluebird/js/release/async.js.Async._drainQueues (http://localhost:57627/__cypress/runner/cypress_runner.js:115088:10)\n    at Async.drainQueues (http://localhost:57627/__cypress/runner/cypress_runner.js:114962:14)",
                "diff": null
              },
              "uuid": "b725dca7-c1e7-4b04-8249-2fdfebdc0af7",
              "parentUUID": "db434604-eebb-4ff1-94f7-64cd6600ae56",
              "isHook": false,
              "skipped": false
            }
          ],
          "suites": [],
          "passes": [],
          "failures": [
            "5372ea83-2063-47fc-a290-7dae4c39a197",
            "e7367d5a-1846-4361-bdc9-81efe5a5c6f9",
            "92936f09-2c23-4aec-80e8-80166d68ba65",
            "499362ce-0cf2-432c-bd71-14d34ddec846",
            "4b51207b-5a63-438b-aed8-24c3ec8fef70",
            "24e4856c-8c44-4db2-b161-400348a9deed",
            "f0dc83c3-946f-498d-9c92-a9b33880e1f7",
            "0b9227cd-680f-4c13-8e78-ba0619047b90",
            "8f1ac825-7a4b-46d5-9d45-75a203eed3f3",
            "b725dca7-c1e7-4b04-8249-2fdfebdc0af7"
          ],
          "pending": [],
          "skipped": [],
          "duration": 4395,
          "root": false,
          "rootEmpty": false,
          "_timeout": 2000
        }
      ],
      "passes": [],
      "failures": [],
      "pending": [],
      "skipped": [],
      "duration": 0,
      "root": true,
      "rootEmpty": true,
      "_timeout": 2000
    }
  ],
  "meta": {
    "mocha": {
      "version": "5.2.0"
    },
    "mochawesome": {
      "options": {
        "quiet": false,
        "reportFilename": "mochawesome",
        "saveHtml": true,
        "saveJson": true,
        "consoleReporter": "spec",
        "useInlineDiffs": false
      },
      "version": "4.1.0"
    },
    "marge": {
      "options": {
        "reportDir": "mochawesome-report",
        "overwrite": true,
        "html": true,
        "json": true,
        "timestamp": "mmddyyyy_HHMMss"
      },
      "version": "4.1.0"
    }
  }
}