{
  "stats": {
    "suites": 1,
    "tests": 2,
    "passes": 2,
    "pending": 0,
    "failures": 0,
    "start": "2020-01-18T16:07:11.060Z",
    "end": "2020-01-18T16:07:18.891Z",
    "duration": 7831,
    "testsRegistered": 2,
    "passPercent": 100,
    "pendingPercent": 0,
    "other": 0,
    "hasOther": false,
    "skipped": 0,
    "hasSkipped": false
  },
  "results": [
    {
      "uuid": "a95f6e93-8acd-4293-ad70-e7ec9365ab0d",
      "title": "",
      "fullFile": "",
      "file": "",
      "beforeHooks": [],
      "afterHooks": [],
      "tests": [],
      "suites": [
        {
          "uuid": "158d2d5a-c73f-4e68-8bf5-613bc014b729",
          "title": "Signup Page",
          "fullFile": "",
          "file": "",
          "beforeHooks": [],
          "afterHooks": [],
          "tests": [
            {
              "title": "Signup errors validations for invalid credentials (example #1)",
              "fullTitle": "Signup Page Signup errors validations for invalid credentials (example #1)",
              "timedOut": null,
              "duration": 3800,
              "state": "passed",
              "speed": "slow",
              "pass": true,
              "fail": false,
              "pending": false,
              "context": null,
              "code": "const state = window.testState;\nreturn cy\n  .then(() => state.onStartScenario(scenario, indexedSteps))\n  .then(() =>\n    resolveAndRunBeforeHooks.call(this, scenario.tags, state.feature.name)\n  )\n  .then(() =>\n    indexedSteps.forEach(step => stepTest.call(this, state, step, rowData))\n  )\n  .then(() =>\n    resolveAndRunAfterHooks.call(this, scenario.tags, state.feature.name)\n  )\n  .then(() => state.onFinishScenario(scenario));",
              "err": {},
              "uuid": "2160a436-c4cf-4f3b-8e93-89e6a07eacaf",
              "parentUUID": "158d2d5a-c73f-4e68-8bf5-613bc014b729",
              "isHook": false,
              "skipped": false
            },
            {
              "title": "Signup errors validations for invalid credentials (example #2)",
              "fullTitle": "Signup Page Signup errors validations for invalid credentials (example #2)",
              "timedOut": null,
              "duration": 2584,
              "state": "passed",
              "speed": "slow",
              "pass": true,
              "fail": false,
              "pending": false,
              "context": null,
              "code": "const state = window.testState;\nreturn cy\n  .then(() => state.onStartScenario(scenario, indexedSteps))\n  .then(() =>\n    resolveAndRunBeforeHooks.call(this, scenario.tags, state.feature.name)\n  )\n  .then(() =>\n    indexedSteps.forEach(step => stepTest.call(this, state, step, rowData))\n  )\n  .then(() =>\n    resolveAndRunAfterHooks.call(this, scenario.tags, state.feature.name)\n  )\n  .then(() => state.onFinishScenario(scenario));",
              "err": {},
              "uuid": "a04b2cd6-a5fd-4090-8086-b093b783dc97",
              "parentUUID": "158d2d5a-c73f-4e68-8bf5-613bc014b729",
              "isHook": false,
              "skipped": false
            }
          ],
          "suites": [],
          "passes": [
            "2160a436-c4cf-4f3b-8e93-89e6a07eacaf",
            "a04b2cd6-a5fd-4090-8086-b093b783dc97"
          ],
          "failures": [],
          "pending": [],
          "skipped": [],
          "duration": 6384,
          "root": false,
          "rootEmpty": false,
          "_timeout": 2000
        }
      ],
      "passes": [],
      "failures": [],
      "pending": [],
      "skipped": [],
      "duration": 0,
      "root": true,
      "rootEmpty": true,
      "_timeout": 2000
    }
  ],
  "meta": {
    "mocha": {
      "version": "5.2.0"
    },
    "mochawesome": {
      "options": {
        "quiet": false,
        "reportFilename": "mochawesome",
        "saveHtml": true,
        "saveJson": true,
        "consoleReporter": "spec",
        "useInlineDiffs": false
      },
      "version": "4.1.0"
    },
    "marge": {
      "options": {
        "reportDir": "mochawesome-report",
        "overwrite": true,
        "html": true,
        "json": true,
        "timestamp": "mmddyyyy_HHMMss"
      },
      "version": "4.1.0"
    }
  }
}